{"timestamp":1520994393581,"result":"false","class":"java.io.File","method":"exists","type":"file","this":{"path":"\/data\/data\/com.thinkking\/cache"},"args":[]}
{"timestamp":1520994393588,"result":"false","class":"java.io.File","method":"exists","type":"file","this":{"path":"\/data\/data\/com.thinkking\/cache"},"args":[]}
{"timestamp":1520994393605,"result":"false","class":"java.io.File","method":"exists","type":"file","this":{"path":"\/data\/data\/com.thinkking\/cache\/com.android.renderscript.cache"},"args":[]}
{"timestamp":1520994393750,"result":"64m","class":"android.os.SystemProperties","method":"get","type":"content","args":["dalvik.vm.heapsize","16m"]}
{"timestamp":1520994393754,"result":"","class":"android.os.SystemProperties","method":"get","type":"content","args":["dalvik.vm.heapgrowthlimit",""]}
{"timestamp":1520994393761,"result":"64m","class":"android.os.SystemProperties","method":"get","type":"content","args":["dalvik.vm.heapsize","16m"]}
{"timestamp":1520994393769,"result":"true","class":"java.io.File","method":"exists","type":"file","this":{"path":"\/data\/data\/com.thinkking\/cache"},"args":[]}
{"timestamp":1520994393795,"result":"false","class":"java.io.File","method":"exists","type":"file","this":{"path":"\/data\/data\/com.thinkking\/cache\/webviewCacheChromiumStaging"},"args":[]}
{"timestamp":1520994393808,"result":"false","class":"java.io.File","method":"exists","type":"file","this":{"path":"\/data\/data\/com.thinkking\/cache\/webviewCacheChromiumStaging"},"args":[]}
{"timestamp":1520994393823,"result":"America\/New_York","class":"android.os.SystemProperties","method":"get","type":"content","args":["persist.sys.timezone"]}
{"timestamp":1520994393845,"result":"PERSIST","class":"android.os.SystemProperties","method":"get","type":"content","args":["debug.sqlite.journalmode","PERSIST"]}
{"timestamp":1520994393877,"result":"FULL","class":"android.os.SystemProperties","method":"get","type":"content","args":["debug.sqlite.syncmode","FULL"]}
{"timestamp":1520994393784,"class":"android.app.ContextImpl","method":"registerReceiver","type":"binder","args":[{"mDebugUnregister":false},{"mPriority":0,"mActions":["android.intent.action.PACKAGE_ADDED","android.intent.action.PACKAGE_REMOVED"],"mHasPartialTypes":false,"mDataSchemes":["package"]}]}
{"timestamp":1520994393915,"class":"android.app.ContextImpl","method":"registerReceiver","type":"binder","args":[{"mDebugUnregister":false},{"mPriority":0,"mActions":["android.intent.action.PACKAGE_ADDED","android.intent.action.PACKAGE_REMOVED"],"mHasPartialTypes":false,"mDataSchemes":["package"]}]}
{"timestamp":1520994394207,"class":"android.app.ContextImpl","method":"registerReceiver","type":"binder","args":[{"mDebugUnregister":false},{"mPriority":0,"mActions":["android.intent.action.PROXY_CHANGE"],"mHasPartialTypes":false}]}
{"timestamp":1520994394284,"class":"android.app.ContextImpl","method":"registerReceiver","type":"binder","args":[{"mDebugUnregister":false},{"mPriority":0,"mActions":["android.intent.action.PROXY_CHANGE"],"mHasPartialTypes":false}]}
{"timestamp":1520994394423,"class":"android.app.ContextImpl","method":"registerReceiver","type":"binder","args":[{"mDebugUnregister":false},{"mPriority":0,"mActions":["android.security.STORAGE_CHANGED"],"mHasPartialTypes":false}]}
{"timestamp":1520994394447,"class":"android.app.ContextImpl","method":"registerReceiver","type":"binder","args":[{"mDebugUnregister":false},{"mPriority":0,"mActions":["android.security.STORAGE_CHANGED"],"mHasPartialTypes":false}]}
{"timestamp":1520994394497,"result":"false","class":"java.io.File","method":"exists","type":"file","this":{"path":"\/data\/data\/com.thinkking\/app_database"},"args":[]}
{"timestamp":1520994394510,"result":"true","class":"java.io.File","method":"exists","type":"file","this":{"path":"\/data\/data\/com.thinkking\/app_database"},"args":[]}
{"timestamp":1520994394515,"class":"android.app.ContextImpl","method":"registerReceiver","type":"binder","args":["org.apache.cordova.CordovaWebView$1@41065e10",{"mPriority":0,"mActions":["android.intent.action.CONFIGURATION_CHANGED"],"mHasPartialTypes":false}]}
{"timestamp":1520994394569,"class":"android.app.ContextImpl","method":"registerReceiver","type":"binder","args":["org.apache.cordova.CordovaWebView$1@41065e10",{"mPriority":0,"mActions":["android.intent.action.CONFIGURATION_CHANGED"],"mHasPartialTypes":false}]}
{"timestamp":1520994394634,"result":"false","class":"android.os.Debug","method":"isDebuggerConnected","type":"fingerprint","args":[]}
{"timestamp":1520994394714,"result":"false","class":"java.io.File","method":"exists","type":"file","this":{"path":"\/data\/data\/com.thinkking\/shared_prefs\/WebViewSettings.xml.bak"},"args":[]}
{"timestamp":1520994394718,"result":"false","class":"java.io.File","method":"exists","type":"file","this":{"path":"\/data\/data\/com.thinkking\/shared_prefs\/WebViewSettings.xml"},"args":[]}
{"timestamp":1520994394646,"class":"android.webkit.WebView","method":"setWebViewClient","type":"network","args":["org.apache.cordova.IceCreamCordovaWebViewClient@41040be8"]}
{"timestamp":1520994394744,"class":"android.webkit.WebView","method":"setWebChromeClient","type":"network","args":["org.apache.cordova.CordovaChromeClient@41036ed8"]}
{"timestamp":1520994394787,"result":"true","class":"java.io.File","method":"exists","type":"file","this":{"path":"\/data\/data\/com.thinkking\/cache"},"args":[]}
{"timestamp":1520994394792,"result":"false","class":"java.io.File","method":"exists","type":"file","this":{"path":"\/mnt\/sdcard\/Android\/data\/com.thinkking\/cache"},"args":[]}
{"timestamp":1520994394799,"result":"false","class":"java.io.File","method":"exists","type":"file","this":{"path":"\/mnt\/sdcard\/Android\/data\/com.thinkking"},"args":[]}
{"timestamp":1520994394810,"result":"true","class":"java.io.File","method":"exists","type":"file","this":{"path":"\/mnt\/sdcard"},"args":[]}
{"timestamp":1520994394837,"result":"false","class":"java.io.File","method":"exists","type":"file","this":{"path":"\/data\/data\/com.thinkking\/files"},"args":[]}
{"timestamp":1520994394840,"result":"false","class":"java.io.File","method":"exists","type":"file","this":{"path":"\/data\/data\/com.thinkking\/files"},"args":[]}
{"timestamp":1520994394847,"result":"true","class":"java.io.File","method":"exists","type":"file","this":{"path":"\/data\/data\/com.thinkking\/files"},"args":[]}
{"timestamp":1520994394855,"result":"true","class":"java.io.File","method":"exists","type":"file","this":{"path":"\/data\/data\/com.thinkking\/cache"},"args":[]}
{"timestamp":1520994394867,"result":"false","class":"java.io.File","method":"exists","type":"file","this":{"path":"\/mnt\/sdcard\/Android\/data\/com.thinkking\/files"},"args":[]}
{"timestamp":1520994394871,"result":"false","class":"java.io.File","method":"exists","type":"file","this":{"path":"\/mnt\/sdcard\/Android\/data\/com.thinkking\/files"},"args":[]}
{"timestamp":1520994394883,"result":"true","class":"java.io.File","method":"exists","type":"file","this":{"path":"\/mnt\/sdcard\/Android\/data\/com.thinkking\/cache"},"args":[]}
{"timestamp":1520994394887,"result":"true","class":"java.io.File","method":"exists","type":"file","this":{"path":"\/data\/data\/com.thinkking\/files"},"args":[]}
{"timestamp":1520994394894,"result":"true","class":"java.io.File","method":"exists","type":"file","this":{"path":"\/mnt\/sdcard\/Android\/data\/com.thinkking\/files"},"args":[]}
{"timestamp":1520994394901,"result":"false","class":"java.io.File","method":"exists","type":"file","this":{"path":"\/data\/data\/com.thinkking\/files\/Documents"},"args":[]}
{"timestamp":1520994394914,"result":"true","class":"java.io.File","method":"exists","type":"file","this":{"path":"\/mnt\/sdcard"},"args":[]}
{"timestamp":1520994394917,"result":"true","class":"java.io.File","method":"exists","type":"file","this":{"path":"\/data\/data\/com.thinkking\/cache"},"args":[]}
{"timestamp":1520994394924,"result":"true","class":"java.io.File","method":"exists","type":"file","this":{"path":"\/mnt\/sdcard\/Android\/data\/com.thinkking\/cache"},"args":[]}
{"timestamp":1520994394946,"result":"true","class":"java.io.File","method":"exists","type":"file","this":{"path":"\/"},"args":[]}
{"timestamp":1520994395010,"result":"false","class":"android.os.SystemProperties","method":"get","type":"content","args":["viewancestor.profile_rendering","false"]}
{"timestamp":1520994395049,"result":{"descriptor":65},"class":"libcore.io.IoBridge","method":"open","type":"file","args":["\/proc\/meminfo","0"]}
{"timestamp":1520994395052,"result":"true","class":"java.io.File","method":"exists","type":"file","this":{"path":"\/data\/data\/com.thinkking\/cache"},"args":[]}
{"timestamp":1520994400747,"class":"android.app.ContextImpl","method":"registerReceiver","type":"binder","args":["org.apache.cordova.App$4@410c6078",{"mPriority":0,"mActions":["android.intent.action.PHONE_STATE"],"mHasPartialTypes":false}]}
{"timestamp":1520994400821,"class":"android.app.ContextImpl","method":"registerReceiver","type":"binder","args":["org.apache.cordova.App$4@410c6078",{"mPriority":0,"mActions":["android.intent.action.PHONE_STATE"],"mHasPartialTypes":false}]}
{"timestamp":1520994401191,"result":"true","class":"java.io.File","method":"exists","type":"file","this":{"path":"\/data\/data\/com.thinkking\/files"},"args":[]}
{"timestamp":1520994401217,"result":"true","class":"java.io.File","method":"exists","type":"file","this":{"path":"\/data\/data\/com.thinkking\/files"},"args":[]}
{"timestamp":1520994401239,"result":"true","class":"java.io.File","method":"exists","type":"file","this":{"path":"\/data\/data\/com.thinkking\/cache"},"args":[]}
{"timestamp":1520994401280,"result":"true","class":"java.io.File","method":"exists","type":"file","this":{"path":"\/mnt\/sdcard\/Android\/data\/com.thinkking\/files"},"args":[]}
{"timestamp":1520994401291,"result":"true","class":"java.io.File","method":"exists","type":"file","this":{"path":"\/mnt\/sdcard\/Android\/data\/com.thinkking\/files"},"args":[]}
{"timestamp":1520994401353,"result":"true","class":"java.io.File","method":"exists","type":"file","this":{"path":"\/mnt\/sdcard\/Android\/data\/com.thinkking\/cache"},"args":[]}
{"timestamp":1520994401347,"result":["CONNECTING","CONNECTED","SUSPENDED","DISCONNECTING","DISCONNECTED","UNKNOWN"],"hooked_method":"values","hooked_class":"","args":[],"class":"java.lang.reflect.Method","method":"invoke","type":"reflection"}
{"timestamp":1520994401219,"result":{"act":"android.net.conn.CONNECTIVITY_CHANGE","extras":[{"value":"NetworkInfo: type: mobile[LTE], state: CONNECTED\/CONNECTED, reason: simLoaded, extra: epc.tmobile.com, roaming: false, failover: false, isAvailable: true","key":"networkInfo"},{"value":"simLoaded","key":"reason"},{"value":"epc.tmobile.com","key":"extraInfo"},{"value":"0","key":"inetCondition"}]},"class":"android.app.ContextImpl","method":"registerReceiver","type":"binder","args":["org.apache.cordova.networkinformation.NetworkManager$1@410a6538",{"mPriority":0,"mActions":["android.net.conn.CONNECTIVITY_CHANGE"],"mHasPartialTypes":false}]}
{"timestamp":1520994401394,"result":{"act":"android.net.conn.CONNECTIVITY_CHANGE","extras":[{"value":"NetworkInfo: type: mobile[LTE], state: CONNECTED\/CONNECTED, reason: simLoaded, extra: epc.tmobile.com, roaming: false, failover: false, isAvailable: true","key":"networkInfo"},{"value":"simLoaded","key":"reason"},{"value":"epc.tmobile.com","key":"extraInfo"},{"value":"0","key":"inetCondition"}]},"class":"android.app.ContextImpl","method":"registerReceiver","type":"binder","args":["org.apache.cordova.networkinformation.NetworkManager$1@410a6538",{"mPriority":0,"mActions":["android.net.conn.CONNECTIVITY_CHANGE"],"mHasPartialTypes":false}]}
{"timestamp":1520994401621,"result":"false","class":"java.io.File","method":"exists","type":"file","this":{"path":"\/data\/data\/com.thinkking\/shared_prefs\/telefono.xml.bak"},"args":[]}
{"timestamp":1520994401642,"result":"false","class":"java.io.File","method":"exists","type":"file","this":{"path":"\/data\/data\/com.thinkking\/shared_prefs\/telefono.xml"},"args":[]}
{"timestamp":1520994402828,"result":"310260","class":"android.os.SystemProperties","method":"get","type":"content","args":["gsm.operator.numeric"]}
{"timestamp":1520994402832,"result":"Cellcom","class":"android.telephony.TelephonyManager","method":"getNetworkOperator","type":"fingerprint","args":[]}
{"timestamp":1520994405765,"result":"310260","class":"android.os.SystemProperties","method":"get","type":"content","args":["gsm.operator.numeric"]}
{"timestamp":1520994405770,"result":"Cellcom","class":"android.telephony.TelephonyManager","method":"getNetworkOperator","type":"fingerprint","args":[]}
{"timestamp":1520994406813,"result":"310260","class":"android.os.SystemProperties","method":"get","type":"content","args":["gsm.operator.numeric"]}
{"timestamp":1520994406829,"result":"Cellcom","class":"android.telephony.TelephonyManager","method":"getNetworkOperator","type":"fingerprint","args":[]}
{"timestamp":1520994407478,"result":"310260","class":"android.os.SystemProperties","method":"get","type":"content","args":["gsm.operator.numeric"]}
{"timestamp":1520994407482,"result":"Cellcom","class":"android.telephony.TelephonyManager","method":"getNetworkOperator","type":"fingerprint","args":[]}
{"timestamp":1520994408570,"result":"310260","class":"android.os.SystemProperties","method":"get","type":"content","args":["gsm.operator.numeric"]}
{"timestamp":1520994408577,"result":"Cellcom","class":"android.telephony.TelephonyManager","method":"getNetworkOperator","type":"fingerprint","args":[]}
{"timestamp":1520994409083,"result":"310260","class":"android.os.SystemProperties","method":"get","type":"content","args":["gsm.operator.numeric"]}
{"timestamp":1520994409086,"result":"Cellcom","class":"android.telephony.TelephonyManager","method":"getNetworkOperator","type":"fingerprint","args":[]}
{"timestamp":1520994419128,"result":"310260","class":"android.os.SystemProperties","method":"get","type":"content","args":["gsm.operator.numeric"]}
{"timestamp":1520994419131,"result":"Cellcom","class":"android.telephony.TelephonyManager","method":"getNetworkOperator","type":"fingerprint","args":[]}
{"timestamp":1520994423854,"result":"310260","class":"android.os.SystemProperties","method":"get","type":"content","args":["gsm.operator.numeric"]}
{"timestamp":1520994423861,"result":"Cellcom","class":"android.telephony.TelephonyManager","method":"getNetworkOperator","type":"fingerprint","args":[]}
