{"timestamp":1521075645471,"result":"false","class":"java.io.File","method":"exists","type":"file","this":{"path":"\/data\/data\/uvrddw.yosszi.momdkk\/cache"},"args":[]}
{"timestamp":1521075645478,"result":"false","class":"java.io.File","method":"exists","type":"file","this":{"path":"\/data\/data\/uvrddw.yosszi.momdkk\/cache"},"args":[]}
{"timestamp":1521075645494,"result":"false","class":"java.io.File","method":"exists","type":"file","this":{"path":"\/data\/data\/uvrddw.yosszi.momdkk\/cache\/com.android.renderscript.cache"},"args":[]}
{"timestamp":1521075645532,"result":"\n0x00000000 E8 FA E2 C3 32 23 9E 4E 13 44 98 3B DB 28 36 E7 ....2#.N.D.;.(6.\n0x00000010 EB BF AB 07 5C 86 95 DE 09 30 4E CA 03 44 4C 56 ....\\....0N..DLV\n0x00000020 5A 06 BA 35 83 77 7E 14 20 0F B4 71 03 A2 B2 F1 Z..5.w.....q....\n0x00000030 FF E4 16 61 0C F2                               ...a..","class":"android.util.Base64","method":"decode","type":"generic","args":["6PriwzIjnk4TRJg72yg25+u\/qwdchpXeCTBOygNETFZaBro1g3d+FCAPtHEDorLx\/+QWYQzy","0","72","0"]}
{"timestamp":1521075645543,"result":"\n0x00000000 E8 FA E2 C3 32 23 9E 4E 13 44 98 3B DB 28 36 E7 ....2#.N.D.;.(6.\n0x00000010 EB BF AB 07 5C 86 95 DE 09 30 4E CA 03 44 4C 56 ....\\....0N..DLV\n0x00000020 5A 06 BA 35 83 77 7E 14 20 0F B4 71 03 A2 B2 F1 Z..5.w.....q....\n0x00000030 FF E4 16 61 0C F2                               ...a..","class":"android.util.Base64","method":"decode","type":"generic","args":["6PriwzIjnk4TRJg72yg25+u\/qwdchpXeCTBOygNETFZaBro1g3d+FCAPtHEDorLx\/+QWYQzy","0"]}
{"timestamp":1521075645562,"result":"\n0x00000000 E8 FA E2 C3 32 23 9E 4E 13 44 98 3B DB 28 36 E7 ....2#.N.D.;.(6.\n0x00000010 EB BF AB 07 5C 86 95 DE 09 30 4E CA 03 44 4C 56 ....\\....0N..DLV\n0x00000020 5A 06 BA 35 83 77 7E 14 20 0F B4 71 03 A2 B2 F1 Z..5.w.....q....\n0x00000030 FF E4 16 61 0C F2                               ...a..","class":"android.util.Base64","method":"decode","type":"generic","args":["6PriwzIjnk4TRJg72yg25+u\/qwdchpXeCTBOygNETFZaBro1g3d+FCAPtHEDorLx\/+QWYQzy","0"]}
{"timestamp":1521075645580,"result":"\n0x00000000 E8 FA E2 C3 32 23 9E 4E 13 44 98 3B DB 28 36 E7 ....2#.N.D.;.(6.\n0x00000010 EB BF AB 07 5C 86 95 DE 09 30 07 C4 1F 7A 4D 3A ....\\....0...zM:\n0x00000020 58 06 EC 73 81 76 7F 0C 20 51 FE 2A 42 AF B9 ED X..s.v...Q.*B...\n0x00000030 B4 EC 50 61                                     ..Pa","class":"android.util.Base64","method":"decode","type":"generic","args":["6PriwzIjnk4TRJg72yg25+u\/qwdchpXeCTAHxB96TTpYBuxzgXZ\/DCBR\/ipCr7nttOxQYQ==","0","72","0"]}
{"timestamp":1521075645599,"result":"\n0x00000000 E8 FA E2 C3 32 23 9E 4E 13 44 98 3B DB 28 36 E7 ....2#.N.D.;.(6.\n0x00000010 EB BF AB 07 5C 86 95 DE 09 30 07 C4 1F 7A 4D 3A ....\\....0...zM:\n0x00000020 58 06 EC 73 81 76 7F 0C 20 51 FE 2A 42 AF B9 ED X..s.v...Q.*B...\n0x00000030 B4 EC 50 61                                     ..Pa","class":"android.util.Base64","method":"decode","type":"generic","args":["6PriwzIjnk4TRJg72yg25+u\/qwdchpXeCTAHxB96TTpYBuxzgXZ\/DCBR\/ipCr7nttOxQYQ==","0"]}
{"timestamp":1521075645617,"result":"\n0x00000000 E8 FA E2 C3 32 23 9E 4E 13 44 98 3B DB 28 36 E7 ....2#.N.D.;.(6.\n0x00000010 EB BF AB 07 5C 86 95 DE 09 30 07 C4 1F 7A 4D 3A ....\\....0...zM:\n0x00000020 58 06 EC 73 81 76 7F 0C 20 51 FE 2A 42 AF B9 ED X..s.v...Q.*B...\n0x00000030 B4 EC 50 61                                     ..Pa","class":"android.util.Base64","method":"decode","type":"generic","args":["6PriwzIjnk4TRJg72yg25+u\/qwdchpXeCTAHxB96TTpYBuxzgXZ\/DCBR\/ipCr7nttOxQYQ==","0"]}
{"timestamp":1521075645662,"result":"\n0x00000000 A2 E3 F3 C7 69 2E                               ....i.","class":"android.util.Base64","method":"decode","type":"generic","args":["ouPzx2ku","0","8","0"]}
{"timestamp":1521075645679,"result":"\n0x00000000 A2 E3 F3 C7 69 2E                               ....i.","class":"android.util.Base64","method":"decode","type":"generic","args":["ouPzx2ku","0"]}
{"timestamp":1521075645696,"result":"\n0x00000000 A2 E3 F3 C7 69 2E                               ....i.","class":"android.util.Base64","method":"decode","type":"generic","args":["ouPzx2ku","0"]}
{"timestamp":1521075645700,"result":"\n0x00000000 A2 E6 F3 DF 78 22 C5 5B 1E 02                   ....x\".[..","class":"android.util.Base64","method":"decode","type":"generic","args":["oubz33gixVseAg==","0","16","0"]}
{"timestamp":1521075645723,"result":"\n0x00000000 A2 E6 F3 DF 78 22 C5 5B 1E 02                   ....x\".[..","class":"android.util.Base64","method":"decode","type":"generic","args":["oubz33gixVseAg==","0"]}
{"timestamp":1521075645726,"result":"\n0x00000000 A2 E6 F3 DF 78 22 C5 5B 1E 02                   ....x\".[..","class":"android.util.Base64","method":"decode","type":"generic","args":["oubz33gixVseAg==","0"]}
{"timestamp":1521075645735,"result":"\n0x00000000 A2 E3 F9 D7 7D 60 D4 01                         ....}`..","class":"android.util.Base64","method":"decode","type":"generic","args":["ouP5131g1AE=","0","12","0"]}
{"timestamp":1521075645744,"result":"\n0x00000000 A2 E3 F9 D7 7D 60 D4 01                         ....}`..","class":"android.util.Base64","method":"decode","type":"generic","args":["ouP5131g1AE=","0"]}
{"timestamp":1521075645752,"result":"\n0x00000000 A2 E3 F9 D7 7D 60 D4 01                         ....}`..","class":"android.util.Base64","method":"decode","type":"generic","args":["ouP5131g1AE=","0"]}
{"timestamp":1521075645761,"result":"\n0x00000000 A2 ED F5 91                                     ....","class":"android.util.Base64","method":"decode","type":"generic","args":["ou31kQ==","0","8","0"]}
{"timestamp":1521075645768,"result":"\n0x00000000 A2 ED F5 91                                     ....","class":"android.util.Base64","method":"decode","type":"generic","args":["ou31kQ==","0"]}
{"timestamp":1521075645775,"result":"\n0x00000000 A2 ED F5 91                                     ....","class":"android.util.Base64","method":"decode","type":"generic","args":["ou31kQ==","0"]}
{"timestamp":1521075645783,"result":"\n0x00000000 A2 ED F7 C1 6C 2E                               ....l.","class":"android.util.Base64","method":"decode","type":"generic","args":["ou33wWwu","0","8","0"]}
{"timestamp":1521075645792,"result":"\n0x00000000 A2 ED F7 C1 6C 2E                               ....l.","class":"android.util.Base64","method":"decode","type":"generic","args":["ou33wWwu","0"]}
{"timestamp":1521075645799,"result":"\n0x00000000 A2 ED F7 C1 6C 2E                               ....l.","class":"android.util.Base64","method":"decode","type":"generic","args":["ou33wWwu","0"]}
{"timestamp":1521075645807,"result":"\n0x00000000 A2 E3 F9 DD 7C 64 93                            ....|d.","class":"android.util.Base64","method":"decode","type":"generic","args":["ouP53Xxkkw==","0","12","0"]}
{"timestamp":1521075645821,"result":"\n0x00000000 A2 E3 F9 DD 7C 64 93                            ....|d.","class":"android.util.Base64","method":"decode","type":"generic","args":["ouP53Xxkkw==","0"]}
{"timestamp":1521075645829,"result":"\n0x00000000 A2 E3 F9 DD 7C 64 93                            ....|d.","class":"android.util.Base64","method":"decode","type":"generic","args":["ouP53Xxkkw==","0"]}
{"timestamp":1521075645838,"result":"\n0x00000000 A2 F7 F3 D2 7A 2E                               ....z.","class":"android.util.Base64","method":"decode","type":"generic","args":["ovfz0nou","0","8","0"]}
{"timestamp":1521075645846,"result":"\n0x00000000 A2 F7 F3 D2 7A 2E                               ....z.","class":"android.util.Base64","method":"decode","type":"generic","args":["ovfz0nou","0"]}
{"timestamp":1521075645854,"result":"\n0x00000000 A2 F7 F3 D2 7A 2E                               ....z.","class":"android.util.Base64","method":"decode","type":"generic","args":["ovfz0nou","0"]}
{"timestamp":1521075645868,"result":"\n0x00000000 A2 ED E0 D0 2A                                  ....*","class":"android.util.Base64","method":"decode","type":"generic","args":["ou3g0Co=","0","8","0"]}
{"timestamp":1521075645913,"result":"\n0x00000000 A2 ED E0 D0 2A                                  ....*","class":"android.util.Base64","method":"decode","type":"generic","args":["ou3g0Co=","0"]}
{"timestamp":1521075645920,"result":"\n0x00000000 A2 ED E0 D0 2A                                  ....*","class":"android.util.Base64","method":"decode","type":"generic","args":["ou3g0Co=","0"]}
{"timestamp":1521075645928,"result":"\n0x00000000 A2 FB E4 DF 2A                                  ....*","class":"android.util.Base64","method":"decode","type":"generic","args":["ovvk3yo=","0","8","0"]}
{"timestamp":1521075645937,"result":"\n0x00000000 A2 FB E4 DF 2A                                  ....*","class":"android.util.Base64","method":"decode","type":"generic","args":["ovvk3yo=","0"]}
{"timestamp":1521075645945,"result":"\n0x00000000 A2 FB E4 DF 2A                                  ....*","class":"android.util.Base64","method":"decode","type":"generic","args":["ovvk3yo=","0"]}
{"timestamp":1521075645957,"result":"\n0x00000000 A2 FB E4 DF 6A 2E                               ....j.","class":"android.util.Base64","method":"decode","type":"generic","args":["ovvk32ou","0","8","0"]}
{"timestamp":1521075645963,"result":"\n0x00000000 A2 FB E4 DF 6A 2E                               ....j.","class":"android.util.Base64","method":"decode","type":"generic","args":["ovvk32ou","0"]}
{"timestamp":1521075645971,"result":"\n0x00000000 A2 FB E4 DF 6A 2E                               ....j.","class":"android.util.Base64","method":"decode","type":"generic","args":["ovvk32ou","0"]}
{"timestamp":1521075645980,"result":"\n0x00000000 A2 EB E3 C1 64 2E                               ....d.","class":"android.util.Base64","method":"decode","type":"generic","args":["ouvjwWQu","0","8","0"]}
{"timestamp":1521075645988,"result":"\n0x00000000 A2 EB E3 C1 64 2E                               ....d.","class":"android.util.Base64","method":"decode","type":"generic","args":["ouvjwWQu","0"]}
{"timestamp":1521075645996,"result":"\n0x00000000 A2 EB E3 C1 64 2E                               ....d.","class":"android.util.Base64","method":"decode","type":"generic","args":["ouvjwWQu","0"]}
{"timestamp":1521075646009,"result":"\n0x00000000 A2 C7 D8 E0 5C 4D FD 6F 2B 74 BE 19 F4 63       ....\\M.o+t...c","class":"android.util.Base64","method":"decode","type":"generic","args":["osfY4FxN\/W8rdL4Z9GM=","0","20","0"]}
{"timestamp":1521075646030,"result":"\n0x00000000 A2 C7 D8 E0 5C 4D FD 6F 2B 74 BE 19 F4 63       ....\\M.o+t...c","class":"android.util.Base64","method":"decode","type":"generic","args":["osfY4FxN\/W8rdL4Z9GM=","0"]}
{"timestamp":1521075646050,"result":"\n0x00000000 A2 C7 D8 E0 5C 4D FD 6F 2B 74 BE 19 F4 63       ....\\M.o+t...c","class":"android.util.Base64","method":"decode","type":"generic","args":["osfY4FxN\/W8rdL4Z9GM=","0"]}
{"timestamp":1521075646055,"result":"\n0x00000000 A2 FE F2 C6 7B 2E                               ....{.","class":"android.util.Base64","method":"decode","type":"generic","args":["ov7yxnsu","0","8","0"]}
{"timestamp":1521075646079,"result":"\n0x00000000 A2 FE F2 C6 7B 2E                               ....{.","class":"android.util.Base64","method":"decode","type":"generic","args":["ov7yxnsu","0"]}
{"timestamp":1521075646083,"result":"\n0x00000000 A2 FE F2 C6 7B 2E                               ....{.","class":"android.util.Base64","method":"decode","type":"generic","args":["ov7yxnsu","0"]}
{"timestamp":1521075646110,"result":"\n0x00000000 A2 E0 E3 DF 64 2E                               ....d.","class":"android.util.Base64","method":"decode","type":"generic","args":["ouDj32Qu","0","8","0"]}
{"timestamp":1521075646114,"result":"\n0x00000000 A2 E0 E3 DF 64 2E                               ....d.","class":"android.util.Base64","method":"decode","type":"generic","args":["ouDj32Qu","0"]}
{"timestamp":1521075646136,"result":"\n0x00000000 A2 E0 E3 DF 64 2E                               ....d.","class":"android.util.Base64","method":"decode","type":"generic","args":["ouDj32Qu","0"]}
{"timestamp":1521075646140,"result":"\n0x00000000 A2 FE FE DC 66 69 93                            ....fi.","class":"android.util.Base64","method":"decode","type":"generic","args":["ov7+3GZpkw==","0","12","0"]}
{"timestamp":1521075646155,"result":"\n0x00000000 A2 FE FE DC 66 69 93                            ....fi.","class":"android.util.Base64","method":"decode","type":"generic","args":["ov7+3GZpkw==","0"]}
{"timestamp":1521075646159,"result":"\n0x00000000 A2 FE FE DC 66 69 93                            ....fi.","class":"android.util.Base64","method":"decode","type":"generic","args":["ov7+3GZpkw==","0"]}
{"timestamp":1521075646172,"result":"\n0x00000000 A2 E3 E5 D4 2A                                  ....*","class":"android.util.Base64","method":"decode","type":"generic","args":["ouPl1Co=","0","8","0"]}
{"timestamp":1521075646176,"result":"\n0x00000000 A2 E3 E5 D4 2A                                  ....*","class":"android.util.Base64","method":"decode","type":"generic","args":["ouPl1Co=","0"]}
{"timestamp":1521075646183,"result":"\n0x00000000 A2 E3 E5 D4 2A                                  ....*","class":"android.util.Base64","method":"decode","type":"generic","args":["ouPl1Co=","0"]}
{"timestamp":1521075646192,"result":"\n0x00000000 A2 EA F7 C7 6D 2E                               ....m.","class":"android.util.Base64","method":"decode","type":"generic","args":["our3x20u","0","8","0"]}
{"timestamp":1521075646208,"result":"\n0x00000000 A2 EA F7 C7 6D 2E                               ....m.","class":"android.util.Base64","method":"decode","type":"generic","args":["our3x20u","0"]}
{"timestamp":1521075646211,"result":"\n0x00000000 A2 EA F7 C7 6D 2E                               ....m.","class":"android.util.Base64","method":"decode","type":"generic","args":["our3x20u","0"]}
{"timestamp":1521075646220,"result":"\n0x00000000 A2 FD FB C0 2A                                  ....*","class":"android.util.Base64","method":"decode","type":"generic","args":["ov37wCo=","0","8","0"]}
{"timestamp":1521075646230,"result":"\n0x00000000 A2 FD FB C0 2A                                  ....*","class":"android.util.Base64","method":"decode","type":"generic","args":["ov37wCo=","0"]}
{"timestamp":1521075646238,"result":"\n0x00000000 A2 FD FB C0 2A                                  ....*","class":"android.util.Base64","method":"decode","type":"generic","args":["ov37wCo=","0"]}
{"timestamp":1521075646250,"result":"\n0x00000000 A2 FA F3 DF 2A                                  ....*","class":"android.util.Base64","method":"decode","type":"generic","args":["ovrz3yo=","0","8","0"]}
{"timestamp":1521075646268,"result":"\n0x00000000 A2 FA F3 DF 2A                                  ....*","class":"android.util.Base64","method":"decode","type":"generic","args":["ovrz3yo=","0"]}
{"timestamp":1521075646273,"result":"\n0x00000000 A2 FA F3 DF 2A                                  ....*","class":"android.util.Base64","method":"decode","type":"generic","args":["ovrz3yo=","0"]}
{"timestamp":1521075646287,"result":"\n0x00000000 A2 EC F9 D7 71 2E                               ....q.","class":"android.util.Base64","method":"decode","type":"generic","args":["ouz513Eu","0","8","0"]}
{"timestamp":1521075646291,"result":"\n0x00000000 A2 EC F9 D7 71 2E                               ....q.","class":"android.util.Base64","method":"decode","type":"generic","args":["ouz513Eu","0"]}
{"timestamp":1521075646299,"result":"\n0x00000000 A2 EC F9 D7 71 2E                               ....q.","class":"android.util.Base64","method":"decode","type":"generic","args":["ouz513Eu","0"]}
{"timestamp":1521075646308,"result":"\n0x00000000 A2 FA FF DE 6D 2E                               ....m.","class":"android.util.Base64","method":"decode","type":"generic","args":["ovr\/3m0u","0","8","0"]}
{"timestamp":1521075646320,"result":"\n0x00000000 A2 FA FF DE 6D 2E                               ....m.","class":"android.util.Base64","method":"decode","type":"generic","args":["ovr\/3m0u","0"]}
{"timestamp":1521075646328,"result":"\n0x00000000 A2 FA FF DE 6D 2E                               ....m.","class":"android.util.Base64","method":"decode","type":"generic","args":["ovr\/3m0u","0"]}
{"timestamp":1521075646337,"result":"\n0x00000000 A2 DB C2 F5 25 34 93                            ....%4.","class":"android.util.Base64","method":"decode","type":"generic","args":["otvC9SU0kw==","0","12","0"]}
{"timestamp":1521075646353,"result":"\n0x00000000 A2 DB C2 F5 25 34 93                            ....%4.","class":"android.util.Base64","method":"decode","type":"generic","args":["otvC9SU0kw==","0"]}
{"timestamp":1521075646356,"result":"\n0x00000000 A2 DB C2 F5 25 34 93                            ....%4.","class":"android.util.Base64","method":"decode","type":"generic","args":["otvC9SU0kw==","0"]}
{"timestamp":1521075646370,"result":"\n0x00000000 A2 E0 E5 91                                     ....","class":"android.util.Base64","method":"decode","type":"generic","args":["ouDlkQ==","0","8","0"]}
{"timestamp":1521075646373,"result":"\n0x00000000 A2 E0 E5 91                                     ....","class":"android.util.Base64","method":"decode","type":"generic","args":["ouDlkQ==","0"]}
{"timestamp":1521075646386,"result":"\n0x00000000 A2 E0 E5 91                                     ....","class":"android.util.Base64","method":"decode","type":"generic","args":["ouDlkQ==","0"]}
{"timestamp":1521075646390,"result":"\n0x00000000 A2 FA EF C3 6D 2E                               ....m.","class":"android.util.Base64","method":"decode","type":"generic","args":["ovrvw20u","0","8","0"]}
{"timestamp":1521075646399,"result":"\n0x00000000 A2 FA EF C3 6D 2E                               ....m.","class":"android.util.Base64","method":"decode","type":"generic","args":["ovrvw20u","0"]}
{"timestamp":1521075646423,"result":"\n0x00000000 A2 FA EF C3 6D 2E                               ....m.","class":"android.util.Base64","method":"decode","type":"generic","args":["ovrvw20u","0"]}
{"timestamp":1521075646436,"result":"\n0x00000000 A2 E9 F3 C7 2A                                  ....*","class":"android.util.Base64","method":"decode","type":"generic","args":["ounzxyo=","0","8","0"]}
{"timestamp":1521075646460,"result":"\n0x00000000 A2 E9 F3 C7 2A                                  ....*","class":"android.util.Base64","method":"decode","type":"generic","args":["ounzxyo=","0"]}
{"timestamp":1521075646474,"result":"\n0x00000000 A2 E9 F3 C7 2A                                  ....*","class":"android.util.Base64","method":"decode","type":"generic","args":["ounzxyo=","0"]}
{"timestamp":1521075646477,"result":"\n0x00000000 A2 E7 F2 91                                     ....","class":"android.util.Base64","method":"decode","type":"generic","args":["oufykQ==","0","8","0"]}
{"timestamp":1521075646485,"result":"\n0x00000000 A2 E7 F2 91                                     ....","class":"android.util.Base64","method":"decode","type":"generic","args":["oufykQ==","0"]}
{"timestamp":1521075646508,"result":"\n0x00000000 A2 E7 F2 91                                     ....","class":"android.util.Base64","method":"decode","type":"generic","args":["oufykQ==","0"]}
{"timestamp":1521075646517,"result":"\n0x00000000 A2 E7 FB D6 61 2E                               ....a.","class":"android.util.Base64","method":"decode","type":"generic","args":["ouf71mEu","0","8","0"]}
{"timestamp":1521075646534,"result":"\n0x00000000 A2 E7 FB D6 61 2E                               ....a.","class":"android.util.Base64","method":"decode","type":"generic","args":["ouf71mEu","0"]}
{"timestamp":1521075646548,"result":"\n0x00000000 A2 E7 FB D6 61 2E                               ....a.","class":"android.util.Base64","method":"decode","type":"generic","args":["ouf71mEu","0"]}
{"timestamp":1521075646553,"result":"\n0x00000000 A2 ED F9 C6 66 78 C3 5A 48                      ....fx.ZH","class":"android.util.Base64","method":"decode","type":"generic","args":["ou35xmZ4w1pI","0","12","0"]}
{"timestamp":1521075646562,"result":"\n0x00000000 A2 ED F9 C6 66 78 C3 5A 48                      ....fx.ZH","class":"android.util.Base64","method":"decode","type":"generic","args":["ou35xmZ4w1pI","0"]}
{"timestamp":1521075646573,"result":"\n0x00000000 A2 ED F9 C6 66 78 C3 5A 48                      ....fx.ZH","class":"android.util.Base64","method":"decode","type":"generic","args":["ou35xmZ4w1pI","0"]}
{"timestamp":1521075646588,"result":"\n0x00000000 A2 ED F3 DF 64 2E                               ....d.","class":"android.util.Base64","method":"decode","type":"generic","args":["ou3z32Qu","0","8","0"]}
{"timestamp":1521075646592,"result":"\n0x00000000 A2 ED F3 DF 64 2E                               ....d.","class":"android.util.Base64","method":"decode","type":"generic","args":["ou3z32Qu","0"]}
{"timestamp":1521075646604,"result":"\n0x00000000 A2 ED F3 DF 64 2E                               ....d.","class":"android.util.Base64","method":"decode","type":"generic","args":["ou3z32Qu","0"]}
{"timestamp":1521075646610,"result":"\n0x00000000 A2 EF F8 D7 7A 63 D8 47 48                      ....zc.GH","class":"android.util.Base64","method":"decode","type":"generic","args":["ou\/413pj2EdI","0","12","0"]}
{"timestamp":1521075646625,"result":"\n0x00000000 A2 EF F8 D7 7A 63 D8 47 48                      ....zc.GH","class":"android.util.Base64","method":"decode","type":"generic","args":["ou\/413pj2EdI","0"]}
{"timestamp":1521075646630,"result":"\n0x00000000 A2 EF F8 D7 7A 63 D8 47 48                      ....zc.GH","class":"android.util.Base64","method":"decode","type":"generic","args":["ou\/413pj2EdI","0"]}
{"timestamp":1521075646639,"result":"\n0x00000000 A2 E3 F9 D7 6D 60 93                            ....m`.","class":"android.util.Base64","method":"decode","type":"generic","args":["ouP5121gkw==","0","12","0"]}
{"timestamp":1521075646648,"result":"\n0x00000000 A2 E3 F9 D7 6D 60 93                            ....m`.","class":"android.util.Base64","method":"decode","type":"generic","args":["ouP5121gkw==","0"]}
{"timestamp":1521075646661,"result":"\n0x00000000 A2 E3 F9 D7 6D 60 93                            ....m`.","class":"android.util.Base64","method":"decode","type":"generic","args":["ouP5121gkw==","0"]}
{"timestamp":1521075646667,"result":"\n0x00000000 A2 FE FE DC 66 69 DF 56 07 42 92 24 98          ....fi.V.B.$.","class":"android.util.Base64","method":"decode","type":"generic","args":["ov7+3GZp31YHQpIkmA==","0","20","0"]}
{"timestamp":1521075646677,"result":"\n0x00000000 A2 FE FE DC 66 69 DF 56 07 42 92 24 98          ....fi.V.B.$.","class":"android.util.Base64","method":"decode","type":"generic","args":["ov7+3GZp31YHQpIkmA==","0"]}
{"timestamp":1521075646691,"result":"\n0x00000000 A2 FE FE DC 66 69 DF 56 07 42 92 24 98          ....fi.V.B.$.","class":"android.util.Base64","method":"decode","type":"generic","args":["ov7+3GZp31YHQpIkmA==","0"]}
{"timestamp":1521075646697,"result":"\n0x00000000 A2 FD FF DE 2A                                  ....*","class":"android.util.Base64","method":"decode","type":"generic","args":["ov3\/3io=","0","8","0"]}
{"timestamp":1521075646712,"result":"\n0x00000000 A2 FD FF DE 2A                                  ....*","class":"android.util.Base64","method":"decode","type":"generic","args":["ov3\/3io=","0"]}
{"timestamp":1521075646715,"result":"\n0x00000000 A2 FD FF DE 2A                                  ....*","class":"android.util.Base64","method":"decode","type":"generic","args":["ov3\/3io=","0"]}
{"timestamp":1521075646728,"result":"\n0x00000000 A2 EF E6 C3 2A                                  ....*","class":"android.util.Base64","method":"decode","type":"generic","args":["ou\/mwyo=","0","8","0"]}
{"timestamp":1521075646733,"result":"\n0x00000000 A2 EF E6 C3 2A                                  ....*","class":"android.util.Base64","method":"decode","type":"generic","args":["ou\/mwyo=","0"]}
{"timestamp":1521075646746,"result":"\n0x00000000 A2 EF E6 C3 2A                                  ....*","class":"android.util.Base64","method":"decode","type":"generic","args":["ou\/mwyo=","0"]}
{"timestamp":1521075646750,"result":"\n0x00000000 A2 E6 E5 DE 7B 61 93                            ....{a.","class":"android.util.Base64","method":"decode","type":"generic","args":["oubl3nthkw==","0","12","0"]}
{"timestamp":1521075646764,"result":"\n0x00000000 A2 E6 E5 DE 7B 61 93                            ....{a.","class":"android.util.Base64","method":"decode","type":"generic","args":["oubl3nthkw==","0"]}
{"timestamp":1521075646767,"result":"\n0x00000000 A2 E6 E5 DE 7B 61 93                            ....{a.","class":"android.util.Base64","method":"decode","type":"generic","args":["oubl3nthkw==","0"]}
{"timestamp":1521075646782,"result":"\n0x00000000 A2 E6 F7 D7 65 65 DF 01                         ....ee..","class":"android.util.Base64","method":"decode","type":"generic","args":["oub312Vl3wE=","0","12","0"]}
{"timestamp":1521075646787,"result":"\n0x00000000 A2 E6 F7 D7 65 65 DF 01                         ....ee..","class":"android.util.Base64","method":"decode","type":"generic","args":["oub312Vl3wE=","0"]}
{"timestamp":1521075646795,"result":"\n0x00000000 A2 E6 F7 D7 65 65 DF 01                         ....ee..","class":"android.util.Base64","method":"decode","type":"generic","args":["oub312Vl3wE=","0"]}
{"timestamp":1521075646820,"result":"\n0x00000000 A2 F8 F3 C1 2A                                  ....*","class":"android.util.Base64","method":"decode","type":"generic","args":["ovjzwSo=","0","8","0"]}
{"timestamp":1521075646850,"result":"\n0x00000000 A2 F8 F3 C1 2A                                  ....*","class":"android.util.Base64","method":"decode","type":"generic","args":["ovjzwSo=","0"]}
{"timestamp":1521075646854,"result":"\n0x00000000 A2 F8 F3 C1 2A                                  ....*","class":"android.util.Base64","method":"decode","type":"generic","args":["ovjzwSo=","0"]}
{"timestamp":1521075646878,"result":"\n0x00000000 A2 E7 F8 D5 67 2E                               ....g.","class":"android.util.Base64","method":"decode","type":"generic","args":["ouf41Wcu","0","8","0"]}
{"timestamp":1521075646882,"result":"\n0x00000000 A2 E7 F8 D5 67 2E                               ....g.","class":"android.util.Base64","method":"decode","type":"generic","args":["ouf41Wcu","0"]}
{"timestamp":1521075646901,"result":"\n0x00000000 A2 E7 F8 D5 67 2E                               ....g.","class":"android.util.Base64","method":"decode","type":"generic","args":["ouf41Wcu","0"]}
{"timestamp":1521075646905,"result":"\n0x00000000 A2 E2 F9 D2 6C 2E                               ....l.","class":"android.util.Base64","method":"decode","type":"generic","args":["ouL50mwu","0","8","0"]}
{"timestamp":1521075646925,"result":"\n0x00000000 A2 E2 F9 D2 6C 2E                               ....l.","class":"android.util.Base64","method":"decode","type":"generic","args":["ouL50mwu","0"]}
{"timestamp":1521075646928,"result":"\n0x00000000 A2 E2 F9 D2 6C 2E                               ....l.","class":"android.util.Base64","method":"decode","type":"generic","args":["ouL50mwu","0"]}
{"timestamp":1521075646942,"result":"\n0x00000000 A2 E0 E3 DE 6A 69 C3 01                         ....ji..","class":"android.util.Base64","method":"decode","type":"generic","args":["ouDj3mppwwE=","0","12","0"]}
{"timestamp":1521075646947,"result":"\n0x00000000 A2 E0 E3 DE 6A 69 C3 01                         ....ji..","class":"android.util.Base64","method":"decode","type":"generic","args":["ouDj3mppwwE=","0"]}
{"timestamp":1521075646959,"result":"\n0x00000000 A2 E0 E3 DE 6A 69 C3 01                         ....ji..","class":"android.util.Base64","method":"decode","type":"generic","args":["ouDj3mppwwE=","0"]}
{"timestamp":1521075646964,"result":"\n0x00000000 A2 FA F3 CB 7C 2E                               ....|.","class":"android.util.Base64","method":"decode","type":"generic","args":["ovrzy3wu","0","8","0"]}
{"timestamp":1521075646981,"result":"\n0x00000000 A2 FA F3 CB 7C 2E                               ....|.","class":"android.util.Base64","method":"decode","type":"generic","args":["ovrzy3wu","0"]}
{"timestamp":1521075646984,"result":"\n0x00000000 A2 FA F3 CB 7C 2E                               ....|.","class":"android.util.Base64","method":"decode","type":"generic","args":["ovrzy3wu","0"]}
{"timestamp":1521075646997,"result":"\n0x00000000 A2 EA F7 C7 69 2E                               ....i.","class":"android.util.Base64","method":"decode","type":"generic","args":["our3x2ku","0","8","0"]}
{"timestamp":1521075647001,"result":"\n0x00000000 A2 EA F7 C7 69 2E                               ....i.","class":"android.util.Base64","method":"decode","type":"generic","args":["our3x2ku","0"]}
{"timestamp":1521075647009,"result":"\n0x00000000 A2 EA F7 C7 69 2E                               ....i.","class":"android.util.Base64","method":"decode","type":"generic","args":["our3x2ku","0"]}
{"timestamp":1521075647019,"result":"\n0x00000000 A2 E0 F9 93 7E 6D DD 4A 0E 02                   .....m.J..","class":"android.util.Base64","method":"decode","type":"generic","args":["ouD5k35t3UoOAg==","0","16","0"]}
{"timestamp":1521075647039,"result":"\n0x00000000 A2 E0 F9 93 7E 6D DD 4A 0E 02                   .....m.J..","class":"android.util.Base64","method":"decode","type":"generic","args":["ouD5k35t3UoOAg==","0"]}
{"timestamp":1521075647043,"result":"\n0x00000000 A2 E0 F9 93 7E 6D DD 4A 0E 02                   .....m.J..","class":"android.util.Base64","method":"decode","type":"generic","args":["ouD5k35t3UoOAg==","0"]}
{"timestamp":1521075647058,"result":"\n0x00000000 A2 FC F3 C0 7D 60 C5 01                         ....}`..","class":"android.util.Base64","method":"decode","type":"generic","args":["ovzzwH1gxQE=","0","12","0"]}
{"timestamp":1521075647063,"result":"\n0x00000000 A2 FC F3 C0 7D 60 C5 01                         ....}`..","class":"android.util.Base64","method":"decode","type":"generic","args":["ovzzwH1gxQE=","0"]}
{"timestamp":1521075647075,"result":"\n0x00000000 A2 FC F3 C0 7D 60 C5 01                         ....}`..","class":"android.util.Base64","method":"decode","type":"generic","args":["ovzzwH1gxQE=","0"]}
{"timestamp":1521075647080,"result":"\n0x00000000 A2 FA FF DE 6D 7F C5 42 07 50 D5                ....m..B.P.","class":"android.util.Base64","method":"decode","type":"generic","args":["ovr\/3m1\/xUIHUNU=","0","16","0"]}
{"timestamp":1521075647089,"result":"\n0x00000000 A2 FA FF DE 6D 7F C5 42 07 50 D5                ....m..B.P.","class":"android.util.Base64","method":"decode","type":"generic","args":["ovr\/3m1\/xUIHUNU=","0"]}
{"timestamp":1521075647099,"result":"\n0x00000000 A2 FA FF DE 6D 7F C5 42 07 50 D5                ....m..B.P.","class":"android.util.Base64","method":"decode","type":"generic","args":["ovr\/3m1\/xUIHUNU=","0"]}
{"timestamp":1521075647130,"result":"\n0x00000000 A2 ED F9 DE 65 6D DF 47 48                      ....em.GH","class":"android.util.Base64","method":"decode","type":"generic","args":["ou353mVt30dI","0","12","0"]}
{"timestamp":1521075647164,"result":"\n0x00000000 A2 ED F9 DE 65 6D DF 47 48                      ....em.GH","class":"android.util.Base64","method":"decode","type":"generic","args":["ou353mVt30dI","0"]}
{"timestamp":1521075647179,"result":"\n0x00000000 A2 ED F9 DE 65 6D DF 47 48                      ....em.GH","class":"android.util.Base64","method":"decode","type":"generic","args":["ou353mVt30dI","0"]}
{"timestamp":1521075647205,"result":"\n0x00000000 A2 FD E2 D2 7C 79 C2 01                         ....|y..","class":"android.util.Base64","method":"decode","type":"generic","args":["ov3i0nx5wgE=","0","12","0"]}
{"timestamp":1521075647222,"result":"\n0x00000000 A2 FD E2 D2 7C 79 C2 01                         ....|y..","class":"android.util.Base64","method":"decode","type":"generic","args":["ov3i0nx5wgE=","0"]}
{"timestamp":1521075647241,"result":"\n0x00000000 A2 FD E2 D2 7C 79 C2 01                         ....|y..","class":"android.util.Base64","method":"decode","type":"generic","args":["ov3i0nx5wgE=","0"]}
{"timestamp":1521075647261,"result":"\n0x00000000 A2 E1 FD 91                                     ....","class":"android.util.Base64","method":"decode","type":"generic","args":["ouH9kQ==","0","8","0"]}
{"timestamp":1521075647270,"result":"\n0x00000000 A2 E1 FD 91                                     ....","class":"android.util.Base64","method":"decode","type":"generic","args":["ouH9kQ==","0"]}
{"timestamp":1521075647277,"result":"\n0x00000000 A2 E1 FD 91                                     ....","class":"android.util.Base64","method":"decode","type":"generic","args":["ouH9kQ==","0"]}
{"timestamp":1521075647296,"result":"\n0x00000000 A2 FA F9 91                                     ....","class":"android.util.Base64","method":"decode","type":"generic","args":["ovr5kQ==","0","8","0"]}
{"timestamp":1521075647360,"result":"\n0x00000000 A2 FA F9 91                                     ....","class":"android.util.Base64","method":"decode","type":"generic","args":["ovr5kQ==","0"]}
{"timestamp":1521075647364,"result":"\n0x00000000 A2 FA F9 91                                     ....","class":"android.util.Base64","method":"decode","type":"generic","args":["ovr5kQ==","0"]}
{"timestamp":1521075647416,"result":"\n0x00000000 A2 FE F9 DD 6F 2E                               ....o.","class":"android.util.Base64","method":"decode","type":"generic","args":["ov753W8u","0","8","0"]}
{"timestamp":1521075647462,"result":"\n0x00000000 A2 FE F9 DD 6F 2E                               ....o.","class":"android.util.Base64","method":"decode","type":"generic","args":["ov753W8u","0"]}
{"timestamp":1521075647481,"result":"\n0x00000000 A2 FE F9 DD 6F 2E                               ....o.","class":"android.util.Base64","method":"decode","type":"generic","args":["ov753W8u","0"]}
{"timestamp":1521075647496,"result":"\n0x00000000 A2 FE F7 C1 69 61 C2 01                         ....ia..","class":"android.util.Base64","method":"decode","type":"generic","args":["ov73wWlhwgE=","0","12","0"]}
{"timestamp":1521075647529,"result":"\n0x00000000 A2 FE F7 C1 69 61 C2 01                         ....ia..","class":"android.util.Base64","method":"decode","type":"generic","args":["ov73wWlhwgE=","0"]}
{"timestamp":1521075647535,"result":"\n0x00000000 A2 FE F7 C1 69 61 C2 01                         ....ia..","class":"android.util.Base64","method":"decode","type":"generic","args":["ov73wWlhwgE=","0"]}
{"timestamp":1521075647561,"result":"\n0x00000000 A2 EF E6 D8 2A                                  ....*","class":"android.util.Base64","method":"decode","type":"generic","args":["ou\/m2Co=","0","8","0"]}
{"timestamp":1521075647571,"result":"\n0x00000000 A2 EF E6 D8 2A                                  ....*","class":"android.util.Base64","method":"decode","type":"generic","args":["ou\/m2Co=","0"]}
{"timestamp":1521075647579,"result":"\n0x00000000 A2 EF E6 D8 2A                                  ....*","class":"android.util.Base64","method":"decode","type":"generic","args":["ou\/m2Co=","0"]}
{"timestamp":1521075647594,"result":"\n0x00000000 A2 EA F8 C0 2A                                  ....*","class":"android.util.Base64","method":"decode","type":"generic","args":["our4wCo=","0","8","0"]}
{"timestamp":1521075647608,"result":"\n0x00000000 A2 EA F8 C0 2A                                  ....*","class":"android.util.Base64","method":"decode","type":"generic","args":["our4wCo=","0"]}
{"timestamp":1521075647611,"result":"\n0x00000000 A2 EA F8 C0 2A                                  ....*","class":"android.util.Base64","method":"decode","type":"generic","args":["our4wCo=","0"]}
{"timestamp":1521075647635,"result":"\n0x00000000 A2 E7 F5 DE 78 2E                               ....x.","class":"android.util.Base64","method":"decode","type":"generic","args":["ouf13ngu","0","8","0"]}
{"timestamp":1521075647650,"result":"\n0x00000000 A2 E7 F5 DE 78 2E                               ....x.","class":"android.util.Base64","method":"decode","type":"generic","args":["ouf13ngu","0"]}
{"timestamp":1521075647665,"result":"\n0x00000000 A2 E7 F5 DE 78 2E                               ....x.","class":"android.util.Base64","method":"decode","type":"generic","args":["ouf13ngu","0"]}
{"timestamp":1521075647681,"result":"\n0x00000000 A2 BE A6 83 38 3C 81 13 5A 10 C7 66 8A 71 68 B2 ....8<..Z..f.qh.\n0x00000010 AB                                              .","class":"android.util.Base64","method":"decode","type":"generic","args":["or6mgzg8gRNaEMdminFosqs=","0","24","0"]}
{"timestamp":1521075647706,"result":"\n0x00000000 A2 BE A6 83 38 3C 81 13 5A 10 C7 66 8A 71 68 B2 ....8<..Z..f.qh.\n0x00000010 AB                                              .","class":"android.util.Base64","method":"decode","type":"generic","args":["or6mgzg8gRNaEMdminFosqs=","0"]}
{"timestamp":1521075647734,"result":"\n0x00000000 A2 BE A6 83 38 3C 81 13 5A 10 C7 66 8A 71 68 B2 ....8<..Z..f.qh.\n0x00000010 AB                                              .","class":"android.util.Base64","method":"decode","type":"generic","args":["or6mgzg8gRNaEMdminFosqs=","0"]}
{"timestamp":1521075647749,"result":"\n0x00000000 A2 E9 F9 DC 6F 60 D4 7C 19 44 9C 74             ....o`.|.D.t","class":"android.util.Base64","method":"decode","type":"generic","args":["oun53G9g1HwZRJx0","0","16","0"]}
{"timestamp":1521075647772,"result":"\n0x00000000 A2 E9 F9 DC 6F 60 D4 7C 19 44 9C 74             ....o`.|.D.t","class":"android.util.Base64","method":"decode","type":"generic","args":["oun53G9g1HwZRJx0","0"]}
{"timestamp":1521075647800,"result":"\n0x00000000 A2 E9 F9 DC 6F 60 D4 7C 19 44 9C 74             ....o`.|.D.t","class":"android.util.Base64","method":"decode","type":"generic","args":["oun53G9g1HwZRJx0","0"]}
{"timestamp":1521075647805,"result":"\n0x00000000 A2 CB FB C6 64 6D C5 4C 18 02                   ....dm.L..","class":"android.util.Base64","method":"decode","type":"generic","args":["osv7xmRtxUwYAg==","0","16","0"]}
{"timestamp":1521075647816,"result":"\n0x00000000 A2 CB FB C6 64 6D C5 4C 18 02                   ....dm.L..","class":"android.util.Base64","method":"decode","type":"generic","args":["osv7xmRtxUwYAg==","0"]}
{"timestamp":1521075647827,"result":"\n0x00000000 A2 CB FB C6 64 6D C5 4C 18 02                   ....dm.L..","class":"android.util.Base64","method":"decode","type":"generic","args":["osv7xmRtxUwYAg==","0"]}
{"timestamp":1521075647853,"result":"\n0x00000000 A2 CF F8 D7 7A 63 D8 47 4A 73 B3 1D 98          ....zc.GJs...","class":"android.util.Base64","method":"decode","type":"generic","args":["os\/413pj2EdKc7MdmA==","0","20","0"]}
{"timestamp":1521075647869,"result":"\n0x00000000 A2 CF F8 D7 7A 63 D8 47 4A 73 B3 1D 98          ....zc.GJs...","class":"android.util.Base64","method":"decode","type":"generic","args":["os\/413pj2EdKc7MdmA==","0"]}
{"timestamp":1521075647891,"result":"\n0x00000000 A2 CF F8 D7 7A 63 D8 47 4A 73 B3 1D 98          ....zc.GJs...","class":"android.util.Base64","method":"decode","type":"generic","args":["os\/413pj2EdKc7MdmA==","0"]}
{"timestamp":1521075647907,"result":"\n0x00000000 A2 E9 F3 DD 6D 7E D8 40 48                      ....m..@H","class":"android.util.Base64","method":"decode","type":"generic","args":["ounz3W1+2EBI","0","12","0"]}
{"timestamp":1521075647934,"result":"\n0x00000000 A2 E9 F3 DD 6D 7E D8 40 48                      ....m..@H","class":"android.util.Base64","method":"decode","type":"generic","args":["ounz3W1+2EBI","0"]}
{"timestamp":1521075647942,"result":"\n0x00000000 A2 E9 F3 DD 6D 7E D8 40 48                      ....m..@H","class":"android.util.Base64","method":"decode","type":"generic","args":["ounz3W1+2EBI","0"]}
{"timestamp":1521075647995,"result":"\n0x00000000 A2 FB F8 D8 66 63 C6 4D 48                      ....fc.MH","class":"android.util.Base64","method":"decode","type":"generic","args":["ovv42GZjxk1I","0","12","0"]}
{"timestamp":1521075648033,"result":"\n0x00000000 A2 FB F8 D8 66 63 C6 4D 48                      ....fc.MH","class":"android.util.Base64","method":"decode","type":"generic","args":["ovv42GZjxk1I","0"]}
{"timestamp":1521075648039,"result":"\n0x00000000 A2 FB F8 D8 66 63 C6 4D 48                      ....fc.MH","class":"android.util.Base64","method":"decode","type":"generic","args":["ovv42GZjxk1I","0"]}
{"timestamp":1521075648090,"result":"\n0x00000000 A2 CF F8 D7 7A 63 D8 47 4A 73 B3 1D 9A 23 2D EB ....zc.GJs...#-.\n0x00000010 E5 A2 F1 0F 56 87 C6 88 58 68 0A                ....V...Xh.","class":"android.util.Base64","method":"decode","type":"generic","args":["os\/413pj2EdKc7MdmiMt6+Wi8Q9Wh8aIWGgK","0","36","0"]}
{"timestamp":1521075648112,"result":"\n0x00000000 A2 CF F8 D7 7A 63 D8 47 4A 73 B3 1D 9A 23 2D EB ....zc.GJs...#-.\n0x00000010 E5 A2 F1 0F 56 87 C6 88 58 68 0A                ....V...Xh.","class":"android.util.Base64","method":"decode","type":"generic","args":["os\/413pj2EdKc7MdmiMt6+Wi8Q9Wh8aIWGgK","0"]}
{"timestamp":1521075648142,"result":"\n0x00000000 A2 CF F8 D7 7A 63 D8 47 4A 73 B3 1D 9A 23 2D EB ....zc.GJs...#-.\n0x00000010 E5 A2 F1 0F 56 87 C6 88 58 68 0A                ....V...Xh.","class":"android.util.Base64","method":"decode","type":"generic","args":["os\/413pj2EdKc7MdmiMt6+Wi8Q9Wh8aIWGgK","0"]}
{"timestamp":1521075648171,"result":"\n0x00000000 A2 C9 F3 DD 71 61 DE 57 03 4F 99 74             ....qa.W.O.t","class":"android.util.Base64","method":"decode","type":"generic","args":["osnz3XFh3lcDT5l0","0","16","0"]}
{"timestamp":1521075648183,"result":"\n0x00000000 A2 C9 F3 DD 71 61 DE 57 03 4F 99 74             ....qa.W.O.t","class":"android.util.Base64","method":"decode","type":"generic","args":["osnz3XFh3lcDT5l0","0"]}
{"timestamp":1521075648195,"result":"\n0x00000000 A2 C9 F3 DD 71 61 DE 57 03 4F 99 74             ....qa.W.O.t","class":"android.util.Base64","method":"decode","type":"generic","args":["osnz3XFh3lcDT5l0","0"]}
{"timestamp":1521075648225,"result":"\n0x00000000 A2 ED F9 DE 26 6D DF 47 18 4F 9E 32 94 32 3D F6 ....&m.G.O.2.2=.\n0x00000010 FD BF BF 0E 4A DB A2 95 16 37 4B C0 6D 41 12 60 ....J....7K.mA.`\n0x00000020 06 74 EE 62 C7                                  .t.b.","class":"android.util.Base64","method":"decode","type":"generic","args":["ou353iZt30cYT54ylDI99v2\/vw5K26KVFjdLwG1BEmAGdO5ixw==","0","52","0"]}
{"timestamp":1521075648262,"result":"\n0x00000000 A2 ED F9 DE 26 6D DF 47 18 4F 9E 32 94 32 3D F6 ....&m.G.O.2.2=.\n0x00000010 FD BF BF 0E 4A DB A2 95 16 37 4B C0 6D 41 12 60 ....J....7K.mA.`\n0x00000020 06 74 EE 62 C7                                  .t.b.","class":"android.util.Base64","method":"decode","type":"generic","args":["ou353iZt30cYT54ylDI99v2\/vw5K26KVFjdLwG1BEmAGdO5ixw==","0"]}
{"timestamp":1521075648303,"result":"\n0x00000000 A2 ED F9 DE 26 6D DF 47 18 4F 9E 32 94 32 3D F6 ....&m.G.O.2.2=.\n0x00000010 FD BF BF 0E 4A DB A2 95 16 37 4B C0 6D 41 12 60 ....J....7K.mA.`\n0x00000020 06 74 EE 62 C7                                  .t.b.","class":"android.util.Base64","method":"decode","type":"generic","args":["ou353iZt30cYT54ylDI99v2\/vw5K26KVFjdLwG1BEmAGdO5ixw==","0"]}
{"timestamp":1521075648323,"result":"\n0x00000000 A2 ED F9 DE 26 6D DF 47 18 4F 9E 32 94 32 3D F6 ....&m.G.O.2.2=.\n0x00000010 FD BF BF 0E 4A DB B5 9D 13 1A 4D C3 4D 50 13 7D ....J.....M.MP.}\n0x00000020 2C 5C EB 6A 8A 65 38                            ,\\.j.e8","class":"android.util.Base64","method":"decode","type":"generic","args":["ou353iZt30cYT54ylDI99v2\/vw5K27WdExpNw01QE30sXOtqimU4","0","52","0"]}
{"timestamp":1521075648374,"result":"\n0x00000000 A2 ED F9 DE 26 6D DF 47 18 4F 9E 32 94 32 3D F6 ....&m.G.O.2.2=.\n0x00000010 FD BF BF 0E 4A DB B5 9D 13 1A 4D C3 4D 50 13 7D ....J.....M.MP.}\n0x00000020 2C 5C EB 6A 8A 65 38                            ,\\.j.e8","class":"android.util.Base64","method":"decode","type":"generic","args":["ou353iZt30cYT54ylDI99v2\/vw5K27WdExpNw01QE30sXOtqimU4","0"]}
{"timestamp":1521075648400,"result":"\n0x00000000 A2 ED F9 DE 26 6D DF 47 18 4F 9E 32 94 32 3D F6 ....&m.G.O.2.2=.\n0x00000010 FD BF BF 0E 4A DB B5 9D 13 1A 4D C3 4D 50 13 7D ....J.....M.MP.}\n0x00000020 2C 5C EB 6A 8A 65 38                            ,\\.j.e8","class":"android.util.Base64","method":"decode","type":"generic","args":["ou353iZt30cYT54ylDI99v2\/vw5K27WdExpNw01QE30sXOtqimU4","0"]}
{"timestamp":1521075648418,"result":"\n0x00000000 A2 EF E6 C3 64 65 D2 42 1E 49 98 38 95 37 36 E6 ....de.B.I.8.76.\n0x00000010 A7 B7 BF 0D 4B 9A 8F 94 4E 2E 49 C6 47 44 18 6C ....K...N.I.GD.l\n0x00000020 45 54 F8 65 8D 6B 6C 05 67                      ET.e.kl.g","class":"android.util.Base64","method":"decode","type":"generic","args":["ou\/mw2Rl0kIeSZg4lTc25qe3vw1Lmo+UTi5JxkdEGGxFVPhljWtsBWc=","0","56","0"]}
{"timestamp":1521075648440,"result":"\n0x00000000 A2 EF E6 C3 64 65 D2 42 1E 49 98 38 95 37 36 E6 ....de.B.I.8.76.\n0x00000010 A7 B7 BF 0D 4B 9A 8F 94 4E 2E 49 C6 47 44 18 6C ....K...N.I.GD.l\n0x00000020 45 54 F8 65 8D 6B 6C 05 67                      ET.e.kl.g","class":"android.util.Base64","method":"decode","type":"generic","args":["ou\/mw2Rl0kIeSZg4lTc25qe3vw1Lmo+UTi5JxkdEGGxFVPhljWtsBWc=","0"]}
{"timestamp":1521075648461,"result":"\n0x00000000 A2 EF E6 C3 64 65 D2 42 1E 49 98 38 95 37 36 E6 ....de.B.I.8.76.\n0x00000010 A7 B7 BF 0D 4B 9A 8F 94 4E 2E 49 C6 47 44 18 6C ....K...N.I.GD.l\n0x00000020 45 54 F8 65 8D 6B 6C 05 67                      ET.e.kl.g","class":"android.util.Base64","method":"decode","type":"generic","args":["ou\/mw2Rl0kIeSZg4lTc25qe3vw1Lmo+UTi5JxkdEGGxFVPhljWtsBWc=","0"]}
{"timestamp":1521075648486,"result":"\n0x00000000 A2 E0 F7 DE 6D 2E                               ....m.","class":"android.util.Base64","method":"decode","type":"generic","args":["ouD33m0u","0","8","0"]}
{"timestamp":1521075648503,"result":"\n0x00000000 A2 E0 F7 DE 6D 2E                               ....m.","class":"android.util.Base64","method":"decode","type":"generic","args":["ouD33m0u","0"]}
{"timestamp":1521075648508,"result":"\n0x00000000 A2 E0 F7 DE 6D 2E                               ....m.","class":"android.util.Base64","method":"decode","type":"generic","args":["ouD33m0u","0"]}
{"timestamp":1521075648521,"result":"\n0x00000000 A2 E0 F9 DE 6D 7E 93                            ....m..","class":"android.util.Base64","method":"decode","type":"generic","args":["ouD53m1+kw==","0","12","0"]}
{"timestamp":1521075648526,"result":"\n0x00000000 A2 E0 F9 DE 6D 7E 93                            ....m..","class":"android.util.Base64","method":"decode","type":"generic","args":["ouD53m1+kw==","0"]}
{"timestamp":1521075648534,"result":"\n0x00000000 A2 E0 F9 DE 6D 7E 93                            ....m..","class":"android.util.Base64","method":"decode","type":"generic","args":["ouD53m1+kw==","0"]}
{"timestamp":1521075648572,"result":"\n0x00000000 A2 EA FF C1 2A                                  ....*","class":"android.util.Base64","method":"decode","type":"generic","args":["our\/wSo=","0","8","0"]}
{"timestamp":1521075648581,"result":"\n0x00000000 A2 EA FF C1 2A                                  ....*","class":"android.util.Base64","method":"decode","type":"generic","args":["our\/wSo=","0"]}
{"timestamp":1521075648602,"result":"\n0x00000000 A2 EA FF C1 2A                                  ....*","class":"android.util.Base64","method":"decode","type":"generic","args":["our\/wSo=","0"]}
{"timestamp":1521075648605,"result":"\n0x00000000 A2 EF F5 C7 61 7A D8 57 13 02                   ....az.W..","class":"android.util.Base64","method":"decode","type":"generic","args":["ou\/1x2F62FcTAg==","0","16","0"]}
{"timestamp":1521075648637,"result":"\n0x00000000 A2 EF F5 C7 61 7A D8 57 13 02                   ....az.W..","class":"android.util.Base64","method":"decode","type":"generic","args":["ou\/1x2F62FcTAg==","0"]}
{"timestamp":1521075648647,"result":"\n0x00000000 A2 EF F5 C7 61 7A D8 57 13 02                   ....az.W..","class":"android.util.Base64","method":"decode","type":"generic","args":["ou\/1x2F62FcTAg==","0"]}
{"timestamp":1521075648662,"result":"\n0x00000000 A2 ED F9 DD 7C 69 DF 57 50 0F D8 25 D7 32 77 EB ....|i.WP..%.2w.\n0x00000010 E7 B4 BE 11 1B                                  .....","class":"android.util.Base64","method":"decode","type":"generic","args":["ou353Xxp31dQD9gl1zJ36+e0vhEb","0","28","0"]}
{"timestamp":1521075648673,"result":"\n0x00000000 A2 ED F9 DD 7C 69 DF 57 50 0F D8 25 D7 32 77 EB ....|i.WP..%.2w.\n0x00000010 E7 B4 BE 11 1B                                  .....","class":"android.util.Base64","method":"decode","type":"generic","args":["ou353Xxp31dQD9gl1zJ36+e0vhEb","0"]}
{"timestamp":1521075648689,"result":"\n0x00000000 A2 ED F9 DD 7C 69 DF 57 50 0F D8 25 D7 32 77 EB ....|i.WP..%.2w.\n0x00000010 E7 B4 BE 11 1B                                  .....","class":"android.util.Base64","method":"decode","type":"generic","args":["ou353Xxp31dQD9gl1zJ36+e0vhEb","0"]}
{"timestamp":1521075648696,"result":"\n0x00000000 A2 EF F2 D7 7A 69 C2 50 48                      ....zi.PH","class":"android.util.Base64","method":"decode","type":"generic","args":["ou\/y13ppwlBI","0","12","0"]}
{"timestamp":1521075648709,"result":"\n0x00000000 A2 EF F2 D7 7A 69 C2 50 48                      ....zi.PH","class":"android.util.Base64","method":"decode","type":"generic","args":["ou\/y13ppwlBI","0"]}
{"timestamp":1521075648717,"result":"\n0x00000000 A2 EF F2 D7 7A 69 C2 50 48                      ....zi.PH","class":"android.util.Base64","method":"decode","type":"generic","args":["ou\/y13ppwlBI","0"]}
{"timestamp":1521075648728,"result":"\n0x00000000 A2 EA E3 C1 69 78 D8 4C 04 02                   ....ix.L..","class":"android.util.Base64","method":"decode","type":"generic","args":["ourjwWl42EwEAg==","0","16","0"]}
{"timestamp":1521075648738,"result":"\n0x00000000 A2 EA E3 C1 69 78 D8 4C 04 02                   ....ix.L..","class":"android.util.Base64","method":"decode","type":"generic","args":["ourjwWl42EwEAg==","0"]}
{"timestamp":1521075648750,"result":"\n0x00000000 A2 EA E3 C1 69 78 D8 4C 04 02                   ....ix.L..","class":"android.util.Base64","method":"decode","type":"generic","args":["ourjwWl42EwEAg==","0"]}
{"timestamp":1521075648765,"result":"\n0x00000000 A2 CD F7 DF 64 7F 9F 7C 23 64 D7 12 FF 12 1B A0 ....d..|#d......","class":"android.util.Base64","method":"decode","type":"generic","args":["os3332R\/n3wjZNcS\/xIboA==","0","24","0"]}
{"timestamp":1521075648770,"result":"\n0x00000000 A2 CD F7 DF 64 7F 9F 7C 23 64 D7 12 FF 12 1B A0 ....d..|#d......","class":"android.util.Base64","method":"decode","type":"generic","args":["os3332R\/n3wjZNcS\/xIboA==","0"]}
{"timestamp":1521075648779,"result":"\n0x00000000 A2 CD F7 DF 64 7F 9F 7C 23 64 D7 12 FF 12 1B A0 ....d..|#d......","class":"android.util.Base64","method":"decode","type":"generic","args":["os3332R\/n3wjZNcS\/xIboA==","0"]}
{"timestamp":1521075648791,"result":"\n0x00000000 A2 ED F9 DD 7C 69 DF 57 50 0F D8 35 DB 2D 34 DD ....|i.WP..5.-4.\n0x00000010 E5 B9 B6 46 5A 94 8A 9C 13 7C                   ...FZ....|","class":"android.util.Base64","method":"decode","type":"generic","args":["ou353Xxp31dQD9g12y003eW5tkZalIqcE3w=","0","36","0"]}
{"timestamp":1521075648804,"result":"\n0x00000000 A2 ED F9 DD 7C 69 DF 57 50 0F D8 35 DB 2D 34 DD ....|i.WP..5.-4.\n0x00000010 E5 B9 B6 46 5A 94 8A 9C 13 7C                   ...FZ....|","class":"android.util.Base64","method":"decode","type":"generic","args":["ou353Xxp31dQD9g12y003eW5tkZalIqcE3w=","0"]}
{"timestamp":1521075648818,"result":"\n0x00000000 A2 ED F9 DD 7C 69 DF 57 50 0F D8 35 DB 2D 34 DD ....|i.WP..5.-4.\n0x00000010 E5 B9 B6 46 5A 94 8A 9C 13 7C                   ...FZ....|","class":"android.util.Base64","method":"decode","type":"generic","args":["ou353Xxp31dQD9g12y003eW5tkZalIqcE3w=","0"]}
{"timestamp":1521075648833,"result":"\n0x00000000 A2 E5 FA DC 6F 2E                               ....o.","class":"android.util.Base64","method":"decode","type":"generic","args":["ouX63G8u","0","8","0"]}
{"timestamp":1521075648848,"result":"\n0x00000000 A2 E5 FA DC 6F 2E                               ....o.","class":"android.util.Base64","method":"decode","type":"generic","args":["ouX63G8u","0"]}
{"timestamp":1521075648853,"result":"\n0x00000000 A2 E5 FA DC 6F 2E                               ....o.","class":"android.util.Base64","method":"decode","type":"generic","args":["ouX63G8u","0"]}
{"timestamp":1521075648862,"result":"\n0x00000000 A2 E7 F8 C0 7C 6D DD 4F 0F 44 D5                ....|m.O.D.","class":"android.util.Base64","method":"decode","type":"generic","args":["ouf4wHxt3U8PRNU=","0","16","0"]}
{"timestamp":1521075648873,"result":"\n0x00000000 A2 E7 F8 C0 7C 6D DD 4F 0F 44 D5                ....|m.O.D.","class":"android.util.Base64","method":"decode","type":"generic","args":["ouf4wHxt3U8PRNU=","0"]}
{"timestamp":1521075648887,"result":"\n0x00000000 A2 E7 F8 C0 7C 6D DD 4F 0F 44 D5                ....|m.O.D.","class":"android.util.Base64","method":"decode","type":"generic","args":["ouf4wHxt3U8PRNU=","0"]}
{"timestamp":1521075648906,"result":"\n0x00000000 A2 AC                                           ..","class":"android.util.Base64","method":"decode","type":"generic","args":["oqw=","0","4","0"]}
{"timestamp":1521075648910,"result":"\n0x00000000 A2 AC                                           ..","class":"android.util.Base64","method":"decode","type":"generic","args":["oqw=","0"]}
{"timestamp":1521075648917,"result":"\n0x00000000 A2 AC                                           ..","class":"android.util.Base64","method":"decode","type":"generic","args":["oqw=","0"]}
{"timestamp":1521075648926,"result":"\n0x00000000 A2 FD FB C0 7B 78 D0 57 1F 53 D5                ....{x.W.S.","class":"android.util.Base64","method":"decode","type":"generic","args":["ov37wHt40FcfU9U=","0","16","0"]}
{"timestamp":1521075648964,"result":"\n0x00000000 A2 FD FB C0 7B 78 D0 57 1F 53 D5                ....{x.W.S.","class":"android.util.Base64","method":"decode","type":"generic","args":["ov37wHt40FcfU9U=","0"]}
{"timestamp":1521075648968,"result":"\n0x00000000 A2 FD FB C0 7B 78 D0 57 1F 53 D5                ....{x.W.S.","class":"android.util.Base64","method":"decode","type":"generic","args":["ov37wHt40FcfU9U=","0"]}
{"timestamp":1521075649002,"result":"\n0x00000000 A2 FD FB C0 61 68 93                            ....ah.","class":"android.util.Base64","method":"decode","type":"generic","args":["ov37wGFokw==","0","12","0"]}
{"timestamp":1521075649008,"result":"\n0x00000000 A2 FD FB C0 61 68 93                            ....ah.","class":"android.util.Base64","method":"decode","type":"generic","args":["ov37wGFokw==","0"]}
{"timestamp":1521075649016,"result":"\n0x00000000 A2 FD FB C0 61 68 93                            ....ah.","class":"android.util.Base64","method":"decode","type":"generic","args":["ov37wGFokw==","0"]}
{"timestamp":1521075649027,"result":"\n0x00000000 A2 A4 B6 63 97 DD 31 F3 D2 00 26 D5 6A F5 88 32 ...c..1...&.j..2\n0x00000010 59 6D 01 DC E9 48 36 48 B0 EB 08 75 94 F5 C4 D9 Ym...H6H...u....\n0x00000020 D0 15 5A B1 35 B2 CA DA 94 E3 00 C8 FD 49 0C 2D ..Z.5........I.-\n0x00000030 4A 24 14 31 29 CF BA 8D 5F BB 02 2B BC 29 B5 1A J$.1)..._..+.)..\n0x00000040 34 FB 63 4A 9B 69 75 6A 28 1E B8 1B ED DB AA 48 4.cJ.iuj(......H\n0x00000050 87 C0 AB DE 81 DB 29 05 46 D8 7B C7 6A 66 8A 77 ......).F.{.jf.w\n0x00000060 0F EA B7 EF DE 4F F2 77 54 1D 94 47 D3 2D EE C9 .....O.wT..G.-..\n0x00000070 30 83 DF D7 DE 8B 72 4B E9 77 8F BE A1 A9 3D    0.....rK.w....=","class":"android.util.Base64","method":"decode","type":"generic","args":["oqS2Y5fdMfPSACbVavWIMlltAdzpSDZIsOsIdZT1xNnQFVqxNbLK2pTjAMj9SQwtSiQUMSnPuo1fuwIrvCm1GjT7Y0qbaXVqKB64G+3bqkiHwKvegdspBUbYe8dqZop3D+q3795P8ndUHZRH0y3uyTCD39fei3JL6XePvqGpPQ==","0","172","0"]}
{"timestamp":1521075649090,"result":"\n0x00000000 A2 A4 B6 63 97 DD 31 F3 D2 00 26 D5 6A F5 88 32 ...c..1...&.j..2\n0x00000010 59 6D 01 DC E9 48 36 48 B0 EB 08 75 94 F5 C4 D9 Ym...H6H...u....\n0x00000020 D0 15 5A B1 35 B2 CA DA 94 E3 00 C8 FD 49 0C 2D ..Z.5........I.-\n0x00000030 4A 24 14 31 29 CF BA 8D 5F BB 02 2B BC 29 B5 1A J$.1)..._..+.)..\n0x00000040 34 FB 63 4A 9B 69 75 6A 28 1E B8 1B ED DB AA 48 4.cJ.iuj(......H\n0x00000050 87 C0 AB DE 81 DB 29 05 46 D8 7B C7 6A 66 8A 77 ......).F.{.jf.w\n0x00000060 0F EA B7 EF DE 4F F2 77 54 1D 94 47 D3 2D EE C9 .....O.wT..G.-..\n0x00000070 30 83 DF D7 DE 8B 72 4B E9 77 8F BE A1 A9 3D    0.....rK.w....=","class":"android.util.Base64","method":"decode","type":"generic","args":["oqS2Y5fdMfPSACbVavWIMlltAdzpSDZIsOsIdZT1xNnQFVqxNbLK2pTjAMj9SQwtSiQUMSnPuo1fuwIrvCm1GjT7Y0qbaXVqKB64G+3bqkiHwKvegdspBUbYe8dqZop3D+q3795P8ndUHZRH0y3uyTCD39fei3JL6XePvqGpPQ==","0"]}
{"timestamp":1521075649139,"result":"\n0x00000000 A2 A4 B6 63 97 DD 31 F3 D2 00 26 D5 6A F5 88 32 ...c..1...&.j..2\n0x00000010 59 6D 01 DC E9 48 36 48 B0 EB 08 75 94 F5 C4 D9 Ym...H6H...u....\n0x00000020 D0 15 5A B1 35 B2 CA DA 94 E3 00 C8 FD 49 0C 2D ..Z.5........I.-\n0x00000030 4A 24 14 31 29 CF BA 8D 5F BB 02 2B BC 29 B5 1A J$.1)..._..+.)..\n0x00000040 34 FB 63 4A 9B 69 75 6A 28 1E B8 1B ED DB AA 48 4.cJ.iuj(......H\n0x00000050 87 C0 AB DE 81 DB 29 05 46 D8 7B C7 6A 66 8A 77 ......).F.{.jf.w\n0x00000060 0F EA B7 EF DE 4F F2 77 54 1D 94 47 D3 2D EE C9 .....O.wT..G.-..\n0x00000070 30 83 DF D7 DE 8B 72 4B E9 77 8F BE A1 A9 3D    0.....rK.w....=","class":"android.util.Base64","method":"decode","type":"generic","args":["oqS2Y5fdMfPSACbVavWIMlltAdzpSDZIsOsIdZT1xNnQFVqxNbLK2pTjAMj9SQwtSiQUMSnPuo1fuwIrvCm1GjT7Y0qbaXVqKB64G+3bqkiHwKvegdspBUbYe8dqZop3D+q3795P8ndUHZRH0y3uyTCD39fei3JL6XePvqGpPQ==","0"]}
{"timestamp":1521075649210,"result":"\n0x00000000 A2 C3 DB E0 28 4F 60 A2 BA 9E 27 E8 6A F0 89 0B ....(O`...'.j...\n0x00000010 59 63 01 D4 E9 4D 36 45 42                      Yc...M6EB","class":"android.util.Base64","method":"decode","type":"generic","args":["osPb4ChPYKK6nifoavCJC1ljAdTpTTZFQg==","0","36","0"]}
{"timestamp":1521075649218,"result":"\n0x00000000 A2 C3 DB E0 28 4F 60 A2 BA 9E 27 E8 6A F0 89 0B ....(O`...'.j...\n0x00000010 59 63 01 D4 E9 4D 36 45 42                      Yc...M6EB","class":"android.util.Base64","method":"decode","type":"generic","args":["osPb4ChPYKK6nifoavCJC1ljAdTpTTZFQg==","0"]}
{"timestamp":1521075649232,"result":"\n0x00000000 A2 C3 DB E0 28 4F 60 A2 BA 9E 27 E8 6A F0 89 0B ....(O`...'.j...\n0x00000010 59 63 01 D4 E9 4D 36 45 42                      Yc...M6EB","class":"android.util.Base64","method":"decode","type":"generic","args":["osPb4ChPYKK6nifoavCJC1ljAdTpTTZFQg==","0"]}
{"timestamp":1521075649248,"result":"\n0x00000000 A2 5E 08 62 8A DC 0E F2 EA F0 47 86 08 91 E0 53 .^.b......G....S\n0x00000010 0B 06 64 B9 82 24 6A D0 5A 7E 0A                ..d..$j.Z..","class":"android.util.Base64","method":"decode","type":"generic","args":["ol4IYorcDvLq8EeGCJHgUwsGZLmCJGrQWn4K","0","36","0"]}
{"timestamp":1521075649261,"result":"\n0x00000000 A2 5E 08 62 8A DC 0E F2 EA F0 47 86 08 91 E0 53 .^.b......G....S\n0x00000010 0B 06 64 B9 82 24 6A D0 5A 7E 0A                ..d..$j.Z..","class":"android.util.Base64","method":"decode","type":"generic","args":["ol4IYorcDvLq8EeGCJHgUwsGZLmCJGrQWn4K","0"]}
{"timestamp":1521075649273,"result":"\n0x00000000 A2 5E 08 62 8A DC 0E F2 EA F0 47 86 08 91 E0 53 .^.b......G....S\n0x00000010 0B 06 64 B9 82 24 6A D0 5A 7E 0A                ..d..$j.Z..","class":"android.util.Base64","method":"decode","type":"generic","args":["ol4IYorcDvLq8EeGCJHgUwsGZLmCJGrQWn4K","0"]}
{"timestamp":1521075649291,"result":"\n0x00000000 A2 5E 35 63 BC DC 01 F3 D1 F0 4F 87 38 90 D4 A2 .^5c......O.8...\n0x00000010 C4 9B 82 4B                                     ...K","class":"android.util.Base64","method":"decode","type":"generic","args":["ol41Y7zcAfPR8E+HOJDUosSbgks=","0","28","0"]}
{"timestamp":1521075649297,"result":"\n0x00000000 A2 5E 35 63 BC DC 01 F3 D1 F0 4F 87 38 90 D4 A2 .^5c......O.8...\n0x00000010 C4 9B 82 4B                                     ...K","class":"android.util.Base64","method":"decode","type":"generic","args":["ol41Y7zcAfPR8E+HOJDUosSbgks=","0"]}
{"timestamp":1521075649309,"result":"\n0x00000000 A2 5E 35 63 BC DC 01 F3 D1 F0 4F 87 38 90 D4 A2 .^5c......O.8...\n0x00000010 C4 9B 82 4B                                     ...K","class":"android.util.Base64","method":"decode","type":"generic","args":["ol41Y7zcAfPR8E+HOJDUosSbgks=","0"]}
{"timestamp":1521075649320,"result":"\n0x00000000 A2 5E 04 63 BA DC 04 F3 DE F0 4F 87 38 91 ED A2 .^.c......O.8...\n0x00000010 59 6B 01 D7 E9 49 36 45 B1 DE 08 75 96 F5 CF D8 Yk...I6E...u....\n0x00000020 E8 E4 08 D7 6E 20                               ....n.","class":"android.util.Base64","method":"decode","type":"generic","args":["ol4EY7rcBPPe8E+HOJHtollrAdfpSTZFsd4IdZb1z9jo5AjXbiA=","0","52","0"]}
{"timestamp":1521075649334,"result":"\n0x00000000 A2 5E 04 63 BA DC 04 F3 DE F0 4F 87 38 91 ED A2 .^.c......O.8...\n0x00000010 59 6B 01 D7 E9 49 36 45 B1 DE 08 75 96 F5 CF D8 Yk...I6E...u....\n0x00000020 E8 E4 08 D7 6E 20                               ....n.","class":"android.util.Base64","method":"decode","type":"generic","args":["ol4EY7rcBPPe8E+HOJHtollrAdfpSTZFsd4IdZb1z9jo5AjXbiA=","0"]}
{"timestamp":1521075649348,"result":"\n0x00000000 A2 5E 04 63 BA DC 04 F3 DE F0 4F 87 38 91 ED A2 .^.c......O.8...\n0x00000010 59 6B 01 D7 E9 49 36 45 B1 DE 08 75 96 F5 CF D8 Yk...I6E...u....\n0x00000020 E8 E4 08 D7 6E 20                               ....n.","class":"android.util.Base64","method":"decode","type":"generic","args":["ol4EY7rcBPPe8E+HOJHtollrAdfpSTZFsd4IdZb1z9jo5AjXbiA=","0"]}
{"timestamp":1521075649404,"result":"\n0x00000000 A2 5E 0B 63 B6 DC 0D F3 DF F1 77 76 6A FB 88 32 .^.c......wvj..2\n0x00000010 58 56 00 EB E8 7E C4                            XV.....","class":"android.util.Base64","method":"decode","type":"generic","args":["ol4LY7bcDfPf8Xd2avuIMlhWAOvofsQ=","0","32","0"]}
{"timestamp":1521075649411,"result":"\n0x00000000 A2 5E 0B 63 B6 DC 0D F3 DF F1 77 76 6A FB 88 32 .^.c......wvj..2\n0x00000010 58 56 00 EB E8 7E C4                            XV.....","class":"android.util.Base64","method":"decode","type":"generic","args":["ol4LY7bcDfPf8Xd2avuIMlhWAOvofsQ=","0"]}
{"timestamp":1521075649438,"result":"\n0x00000000 A2 5E 0B 63 B6 DC 0D F3 DF F1 77 76 6A FB 88 32 .^.c......wvj..2\n0x00000010 58 56 00 EB E8 7E C4                            XV.....","class":"android.util.Base64","method":"decode","type":"generic","args":["ol4LY7bcDfPf8Xd2avuIMlhWAOvofsQ=","0"]}
{"timestamp":1521075649461,"result":"\n0x00000000 A2 5E 0A 63 94 2E                               .^.c..","class":"android.util.Base64","method":"decode","type":"generic","args":["ol4KY5Qu","0","8","0"]}
{"timestamp":1521075649474,"result":"\n0x00000000 A2 5E 0A 63 94 2E                               .^.c..","class":"android.util.Base64","method":"decode","type":"generic","args":["ol4KY5Qu","0"]}
{"timestamp":1521075649486,"result":"\n0x00000000 A2 5E 0A 63 94 2E                               .^.c..","class":"android.util.Base64","method":"decode","type":"generic","args":["ol4KY5Qu","0"]}
{"timestamp":1521075649501,"result":"\n0x00000000 A2 5E 05 63 9B DC 22 F3 F9 02                   .^.c..\"...","class":"android.util.Base64","method":"decode","type":"generic","args":["ol4FY5vcIvP5Ag==","0","16","0"]}
{"timestamp":1521075649508,"result":"\n0x00000000 A2 5E 05 63 9B DC 22 F3 F9 02                   .^.c..\"...","class":"android.util.Base64","method":"decode","type":"generic","args":["ol4FY5vcIvP5Ag==","0"]}
{"timestamp":1521075649522,"result":"\n0x00000000 A2 5E 05 63 9B DC 22 F3 F9 02                   .^.c..\"...","class":"android.util.Base64","method":"decode","type":"generic","args":["ol4FY5vcIvP5Ag==","0"]}
{"timestamp":1521075649534,"result":"\n0x00000000 A2 CD C0 F0 2A                                  ....*","class":"android.util.Base64","method":"decode","type":"generic","args":["os3A8Co=","0","8","0"]}
{"timestamp":1521075649545,"result":"\n0x00000000 A2 CD C0 F0 2A                                  ....*","class":"android.util.Base64","method":"decode","type":"generic","args":["os3A8Co=","0"]}
{"timestamp":1521075649559,"result":"\n0x00000000 A2 CD C0 F0 2A                                  ....*","class":"android.util.Base64","method":"decode","type":"generic","args":["os3A8Co=","0"]}
{"timestamp":1521075649567,"result":"\n0x00000000 A2 E6 F7 C5 6D 6F D2 01                         ....mo..","class":"android.util.Base64","method":"decode","type":"generic","args":["oub3xW1v0gE=","0","12","0"]}
{"timestamp":1521075649578,"result":"\n0x00000000 A2 E6 F7 C5 6D 6F D2 01                         ....mo..","class":"android.util.Base64","method":"decode","type":"generic","args":["oub3xW1v0gE=","0"]}
{"timestamp":1521075649587,"result":"\n0x00000000 A2 E6 F7 C5 6D 6F D2 01                         ....mo..","class":"android.util.Base64","method":"decode","type":"generic","args":["oub3xW1v0gE=","0"]}
{"timestamp":1521075649598,"result":"\n0x00000000 A2 5E 37 63 B6 DD 34 F2 EA F0 47 86 07 91 E0 53 .^7c..4...G....S\n0x00000010 0B 07 5D 4B                                     ..]K","class":"android.util.Base64","method":"decode","type":"generic","args":["ol43Y7bdNPLq8EeGB5HgUwsHXUs=","0","28","0"]}
{"timestamp":1521075649611,"result":"\n0x00000000 A2 5E 37 63 B6 DD 34 F2 EA F0 47 86 07 91 E0 53 .^7c..4...G....S\n0x00000010 0B 07 5D 4B                                     ..]K","class":"android.util.Base64","method":"decode","type":"generic","args":["ol43Y7bdNPLq8EeGB5HgUwsHXUs=","0"]}
{"timestamp":1521075649623,"result":"\n0x00000000 A2 5E 37 63 B6 DD 34 F2 EA F0 47 86 07 91 E0 53 .^7c..4...G....S\n0x00000010 0B 07 5D 4B                                     ..]K","class":"android.util.Base64","method":"decode","type":"generic","args":["ol43Y7bdNPLq8EeGB5HgUwsHXUs=","0"]}
{"timestamp":1521075649639,"result":"\n0x00000000 A2 E7 F8 D7 6D 74 9F 4B 1E 4D 9B 74             ....mt.K.M.t","class":"android.util.Base64","method":"decode","type":"generic","args":["ouf41210n0seTZt0","0","16","0"]}
{"timestamp":1521075649652,"result":"\n0x00000000 A2 E7 F8 D7 6D 74 9F 4B 1E 4D 9B 74             ....mt.K.M.t","class":"android.util.Base64","method":"decode","type":"generic","args":["ouf41210n0seTZt0","0"]}
{"timestamp":1521075649662,"result":"\n0x00000000 A2 E7 F8 D7 6D 74 9F 4B 1E 4D 9B 74             ....mt.K.M.t","class":"android.util.Base64","method":"decode","type":"generic","args":["ouf41210n0seTZt0","0"]}
{"timestamp":1521075649672,"result":"\n0x00000000 A2 FE F5 DC 6C 69 93                            ....li.","class":"android.util.Base64","method":"decode","type":"generic","args":["ov713Gxpkw==","0","12","0"]}
{"timestamp":1521075649681,"result":"\n0x00000000 A2 FE F5 DC 6C 69 93                            ....li.","class":"android.util.Base64","method":"decode","type":"generic","args":["ov713Gxpkw==","0"]}
{"timestamp":1521075649691,"result":"\n0x00000000 A2 FE F5 DC 6C 69 93                            ....li.","class":"android.util.Base64","method":"decode","type":"generic","args":["ov713Gxpkw==","0"]}
{"timestamp":1521075649706,"result":"\n0x00000000 A2 BF A4 80 3C 39 87 14 52 19 D5                ....<9..R..","class":"android.util.Base64","method":"decode","type":"generic","args":["or+kgDw5hxRSGdU=","0","16","0"]}
{"timestamp":1521075649713,"result":"\n0x00000000 A2 BF A4 80 3C 39 87 14 52 19 D5                ....<9..R..","class":"android.util.Base64","method":"decode","type":"generic","args":["or+kgDw5hxRSGdU=","0"]}
{"timestamp":1521075649722,"result":"\n0x00000000 A2 BF A4 80 3C 39 87 14 52 19 D5                ....<9..R..","class":"android.util.Base64","method":"decode","type":"generic","args":["or+kgDw5hxRSGdU=","0"]}
{"timestamp":1521075649734,"result":"\n0x00000000 A2 E8 FF DF 6D 36 9E 0C 45 41 99 32 C8 2E 31 E6 ....m6..EA.2..1.\n0x00000010 D6 B7 A2 1A 5C 81 C9 D2                         ....\\...","class":"android.util.Base64","method":"decode","type":"generic","args":["ouj\/3202ngxFQZkyyC4x5ta3ohpcgcnS","0","32","0"]}
{"timestamp":1521075649747,"result":"\n0x00000000 A2 E8 FF DF 6D 36 9E 0C 45 41 99 32 C8 2E 31 E6 ....m6..EA.2..1.\n0x00000010 D6 B7 A2 1A 5C 81 C9 D2                         ....\\...","class":"android.util.Base64","method":"decode","type":"generic","args":["ouj\/3202ngxFQZkyyC4x5ta3ohpcgcnS","0"]}
{"timestamp":1521075649782,"result":"\n0x00000000 A2 E8 FF DF 6D 36 9E 0C 45 41 99 32 C8 2E 31 E6 ....m6..EA.2..1.\n0x00000010 D6 B7 A2 1A 5C 81 C9 D2                         ....\\...","class":"android.util.Base64","method":"decode","type":"generic","args":["ouj\/3202ngxFQZkyyC4x5ta3ohpcgcnS","0"]}
{"timestamp":1521075649796,"result":"\n0x00000000 A2 FA F3 CB 7C 23 D9 57 07 4C D5                ....|#.W.L.","class":"android.util.Base64","method":"decode","type":"generic","args":["ovrzy3wj2VcHTNU=","0","16","0"]}
{"timestamp":1521075649828,"result":"\n0x00000000 A2 FA F3 CB 7C 23 D9 57 07 4C D5                ....|#.W.L.","class":"android.util.Base64","method":"decode","type":"generic","args":["ovrzy3wj2VcHTNU=","0"]}
{"timestamp":1521075649855,"result":"\n0x00000000 A2 FA F3 CB 7C 23 D9 57 07 4C D5                ....|#.W.L.","class":"android.util.Base64","method":"decode","type":"generic","args":["ovrzy3wj2VcHTNU=","0"]}
{"timestamp":1521075649863,"result":"\n0x00000000 A2 ED F9 DE 26 6D DF 47 18 4F 9E 32 94 37 3D EC ....&m.G.O.2.7=.\n0x00000010 ED BF BF 0E 1B                                  .....","class":"android.util.Base64","method":"decode","type":"generic","args":["ou353iZt30cYT54ylDc97O2\/vw4b","0","28","0"]}
{"timestamp":1521075649875,"result":"\n0x00000000 A2 ED F9 DE 26 6D DF 47 18 4F 9E 32 94 37 3D EC ....&m.G.O.2.7=.\n0x00000010 ED BF BF 0E 1B                                  .....","class":"android.util.Base64","method":"decode","type":"generic","args":["ou353iZt30cYT54ylDc97O2\/vw4b","0"]}
{"timestamp":1521075649887,"result":"\n0x00000000 A2 ED F9 DE 26 6D DF 47 18 4F 9E 32 94 37 3D EC ....&m.G.O.2.7=.\n0x00000010 ED BF BF 0E 1B                                  .....","class":"android.util.Base64","method":"decode","type":"generic","args":["ou353iZt30cYT54ylDc97O2\/vw4b","0"]}
{"timestamp":1521075649898,"result":"\n0x00000000 A2 ED F9 DE 26 7B D9 42 1E 53 96 26 CA 63       ....&{.B.S.&.c","class":"android.util.Base64","method":"decode","type":"generic","args":["ou353iZ72UIeU5YmymM=","0","20","0"]}
{"timestamp":1521075649920,"result":"\n0x00000000 A2 ED F9 DE 26 7B D9 42 1E 53 96 26 CA 63       ....&{.B.S.&.c","class":"android.util.Base64","method":"decode","type":"generic","args":["ou353iZ72UIeU5YmymM=","0"]}
{"timestamp":1521075649932,"result":"\n0x00000000 A2 ED F9 DE 26 7B D9 42 1E 53 96 26 CA 63       ....&{.B.S.&.c","class":"android.util.Base64","method":"decode","type":"generic","args":["ou353iZ72UIeU5YmymM=","0"]}
{"timestamp":1521075649951,"result":{"descriptor":44},"class":"libcore.io.IoBridge","method":"open","type":"file","args":["\/mnt\/sdcard\/help.txt","577"]}
{"timestamp":1521075649983,"result":"000000000000000","class":"android.telephony.TelephonyManager","method":"getDeviceId","type":"fingerprint","args":[]}
{"timestamp":1521075650007,"result":"false","class":"android.os.SystemProperties","method":"get","type":"content","args":["viewancestor.profile_rendering","false"]}
{"timestamp":1521075650031,"result":"false","class":"android.os.SystemProperties","method":"get","type":"content","args":["debug.hwui.disable_vsync","false"]}
{"timestamp":1521075650041,"result":"false","class":"android.os.SystemProperties","method":"get","type":"content","args":["debug.hwui.profile","false"]}
{"timestamp":1521075650044,"result":"false","class":"android.os.SystemProperties","method":"get","type":"content","args":["debug.hwui.show_dirty_regions","false"]}
{"timestamp":1521075650135,"result":"","class":"android.os.SystemProperties","method":"get","type":"content","args":["debug.hwui.print_config",""]}
{"timestamp":1521075762055,"result":{"descriptor":47},"class":"libcore.io.IoBridge","method":"open","type":"file","args":["\/mnt\/sdcard\/help.txt","577"]}
{"timestamp":1521075762089,"result":"000000000000000","class":"android.telephony.TelephonyManager","method":"getDeviceId","type":"fingerprint","args":[]}
{"timestamp":1521075762093,"result":"false","class":"android.os.SystemProperties","method":"get","type":"content","args":["viewancestor.profile_rendering","false"]}
{"timestamp":1521075762106,"result":"false","class":"android.os.SystemProperties","method":"get","type":"content","args":["debug.hwui.disable_vsync","false"]}
{"timestamp":1521075762110,"result":"false","class":"android.os.SystemProperties","method":"get","type":"content","args":["debug.hwui.profile","false"]}
{"timestamp":1521075762117,"result":"false","class":"android.os.SystemProperties","method":"get","type":"content","args":["debug.hwui.show_dirty_regions","false"]}
