{"timestamp":1521077528668,"result":"false","class":"java.io.File","method":"exists","type":"file","this":{"path":"\/data\/data\/org.merry.core\/cache"},"args":[]}
{"timestamp":1521077528676,"result":"false","class":"java.io.File","method":"exists","type":"file","this":{"path":"\/data\/data\/org.merry.core\/cache"},"args":[]}
{"timestamp":1521077528692,"result":"false","class":"java.io.File","method":"exists","type":"file","this":{"path":"\/data\/data\/org.merry.core\/cache\/com.android.renderscript.cache"},"args":[]}
{"timestamp":1521077528719,"result":{"mClass":"org.merry.core.RunService","mPackage":"org.merry.core"},"class":"android.content.ContextWrapper","method":"startService","type":"binder","args":[{"cmp":"org.merry.core\/org.merry.core.RunService"}]}
{"timestamp":1521077528770,"result":"java.util.Collections$3@4103abf8","class":"dalvik.system.BaseDexClassLoader","method":"findResources","type":"dex","args":["META-INF\/services\/java.nio.channels.spi.SelectorProvider"]}
{"timestamp":1521077528790,"class":"android.app.ContextImpl","method":"registerReceiver","type":"binder","args":[{"mDebugUnregister":false},{"mPriority":0,"mActions":["SMS_SENT"],"mHasPartialTypes":false}]}
{"timestamp":1521077528843,"class":"android.app.ContextImpl","method":"registerReceiver","type":"binder","args":[{"mDebugUnregister":false},{"mPriority":0,"mActions":["SMS_SENT"],"mHasPartialTypes":false}]}
{"timestamp":1521077528880,"class":"android.app.ContextImpl","method":"registerReceiver","type":"binder","args":[{"mDebugUnregister":false},{"mPriority":0,"mActions":["SMS_DELIVERED"],"mHasPartialTypes":false}]}
{"timestamp":1521077528899,"class":"android.app.ContextImpl","method":"registerReceiver","type":"binder","args":[{"mDebugUnregister":false},{"mPriority":0,"mActions":["SMS_DELIVERED"],"mHasPartialTypes":false}]}
{"timestamp":1521077528934,"result":"false","class":"java.io.File","method":"exists","type":"file","this":{"path":"\/data\/data\/org.merry.core\/shared_prefs\/cmmn.xml.bak"},"args":[]}
{"timestamp":1521077528937,"result":"false","class":"java.io.File","method":"exists","type":"file","this":{"path":"\/data\/data\/org.merry.core\/shared_prefs\/cmmn.xml"},"args":[]}
{"timestamp":1521077528963,"result":{"mModified":{"srv":"http:\/\/192.227.137.154\/request.php"},"mClear":false},"class":"android.app.SharedPreferencesImpl$EditorImpl","method":"putString","type":"globals","args":["srv","http:\/\/192.227.137.154\/request.php"]}
{"timestamp":1521077528969,"result":"false","class":"java.io.File","method":"exists","type":"file","this":{"path":"\/data\/data\/org.merry.core\/shared_prefs\/cmmn.xml"},"args":[]}
{"timestamp":1521077528984,"result":{"descriptor":46},"class":"libcore.io.IoBridge","method":"open","type":"file","args":["\/data\/data\/org.merry.core\/shared_prefs\/cmmn.xml","577"]}
{"timestamp":1521077534168,"class":"android.content.ContextWrapper","method":"startActivity","type":"binder","args":[{"cmp":"org.merry.core\/org.merry.core.AdminActivity"}]}
{"timestamp":1521077534187,"result":[{"id":4,"numActivities":1,"baseActivity":{"mClass":"org.merry.core.AdminActivity","mPackage":"org.merry.core"},"numRunning":1,"topActivity":{"mClass":"org.merry.core.AdminActivity","mPackage":"org.merry.core"}}],"class":"android.app.ActivityManager","method":"getRunningTasks","type":"binder","args":["1","0"]}
{"timestamp":1521077534427,"result":[{"id":4,"numActivities":1,"baseActivity":{"mClass":"org.merry.core.AdminActivity","mPackage":"org.merry.core"},"numRunning":1,"topActivity":{"mClass":"org.merry.core.AdminActivity","mPackage":"org.merry.core"}}],"class":"android.app.ActivityManager","method":"getRunningTasks","type":"binder","args":["1"]}
{"timestamp":1521077539625,"class":"android.content.ContextWrapper","method":"startActivity","type":"binder","args":[{"cmp":"org.merry.core\/org.merry.core.AdminActivity"}]}
{"timestamp":1521077539631,"result":[{"id":4,"numActivities":1,"baseActivity":{"mClass":"org.merry.core.AdminActivity","mPackage":"org.merry.core"},"numRunning":1,"topActivity":{"mClass":"org.merry.core.AdminActivity","mPackage":"org.merry.core"}}],"class":"android.app.ActivityManager","method":"getRunningTasks","type":"binder","args":["1","0"]}
{"timestamp":1521077539690,"result":[{"id":4,"numActivities":1,"baseActivity":{"mClass":"org.merry.core.AdminActivity","mPackage":"org.merry.core"},"numRunning":1,"topActivity":{"mClass":"org.merry.core.AdminActivity","mPackage":"org.merry.core"}}],"class":"android.app.ActivityManager","method":"getRunningTasks","type":"binder","args":["1"]}
{"timestamp":1521077544753,"result":"000000000000000","class":"android.telephony.TelephonyManager","method":"getDeviceId","type":"fingerprint","args":[]}
{"timestamp":1521077544758,"result":"15555215554","class":"android.telephony.TelephonyManager","method":"getLine1Number","type":"fingerprint","args":[]}
{"timestamp":1521077544766,"result":"Android","class":"android.os.SystemProperties","method":"get","type":"content","args":["gsm.operator.alpha"]}
{"timestamp":1521077544774,"result":"Android","class":"android.telephony.TelephonyManager","method":"getNetworkOperatorName","type":"fingerprint","args":[]}
{"timestamp":1521077544780,"result":"us","class":"android.os.SystemProperties","method":"get","type":"content","args":["gsm.operator.iso-country"]}
{"timestamp":1521077544787,"result":"us","class":"android.telephony.TelephonyManager","method":"getNetworkCountryIso","type":"fingerprint","args":[]}
{"timestamp":1521077544792,"result":"Android","class":"android.os.SystemProperties","method":"get","type":"content","args":["gsm.sim.operator.alpha"]}
{"timestamp":1521077544800,"result":"Android","class":"android.telephony.TelephonyManager","method":"getSimOperatorName","type":"fingerprint","args":[]}
{"timestamp":1521077544808,"result":"us","class":"android.os.SystemProperties","method":"get","type":"content","args":["gsm.sim.operator.iso-country"]}
{"timestamp":1521077544820,"result":"us","class":"android.telephony.TelephonyManager","method":"getSimCountryIso","type":"fingerprint","args":[]}
{"timestamp":1521077544825,"result":"89014103211118510720","class":"android.telephony.TelephonyManager","method":"getSimSerialNumber","type":"fingerprint","args":[]}
{"timestamp":1521077544831,"result":{"mModified":{"id":"351451208401216"},"mClear":false},"class":"android.app.SharedPreferencesImpl$EditorImpl","method":"putString","type":"globals","args":["id","351451208401216"]}
{"timestamp":1521077544841,"result":"true","class":"java.io.File","method":"exists","type":"file","this":{"path":"\/data\/data\/org.merry.core\/shared_prefs\/cmmn.xml"},"args":[]}
{"timestamp":1521077544854,"result":"false","class":"java.io.File","method":"exists","type":"file","this":{"path":"\/data\/data\/org.merry.core\/shared_prefs\/cmmn.xml.bak"},"args":[]}
{"timestamp":1521077544860,"result":{"descriptor":46},"class":"libcore.io.IoBridge","method":"open","type":"file","args":["\/data\/data\/org.merry.core\/shared_prefs\/cmmn.xml","577"]}
{"timestamp":1521077544873,"result":{"mModified":{"registered":"true"},"mClear":false},"class":"android.app.SharedPreferencesImpl$EditorImpl","method":"putString","type":"globals","args":["registered","true"]}
{"timestamp":1521077544884,"result":"true","class":"java.io.File","method":"exists","type":"file","this":{"path":"\/data\/data\/org.merry.core\/shared_prefs\/cmmn.xml"},"args":[]}
{"timestamp":1521077544893,"result":"false","class":"java.io.File","method":"exists","type":"file","this":{"path":"\/data\/data\/org.merry.core\/shared_prefs\/cmmn.xml.bak"},"args":[]}
{"timestamp":1521077544903,"result":{"descriptor":46},"class":"libcore.io.IoBridge","method":"open","type":"file","args":["\/data\/data\/org.merry.core\/shared_prefs\/cmmn.xml","577"]}
{"timestamp":1521077544927,"result":"000000000000000","class":"android.telephony.TelephonyManager","method":"getDeviceId","type":"fingerprint","args":[]}
{"timestamp":1521077544931,"result":"15555215554","class":"android.telephony.TelephonyManager","method":"getLine1Number","type":"fingerprint","args":[]}
{"timestamp":1521077544938,"result":"Android","class":"android.os.SystemProperties","method":"get","type":"content","args":["gsm.operator.alpha"]}
{"timestamp":1521077544945,"result":"Android","class":"android.telephony.TelephonyManager","method":"getNetworkOperatorName","type":"fingerprint","args":[]}
{"timestamp":1521077544951,"result":"us","class":"android.os.SystemProperties","method":"get","type":"content","args":["gsm.operator.iso-country"]}
{"timestamp":1521077544957,"result":"us","class":"android.telephony.TelephonyManager","method":"getNetworkCountryIso","type":"fingerprint","args":[]}
{"timestamp":1521077544963,"result":"Android","class":"android.os.SystemProperties","method":"get","type":"content","args":["gsm.sim.operator.alpha"]}
{"timestamp":1521077544969,"result":"Android","class":"android.telephony.TelephonyManager","method":"getSimOperatorName","type":"fingerprint","args":[]}
{"timestamp":1521077544975,"result":"us","class":"android.os.SystemProperties","method":"get","type":"content","args":["gsm.sim.operator.iso-country"]}
{"timestamp":1521077544982,"result":"us","class":"android.telephony.TelephonyManager","method":"getSimCountryIso","type":"fingerprint","args":[]}
{"timestamp":1521077544994,"result":"89014103211118510720","class":"android.telephony.TelephonyManager","method":"getSimSerialNumber","type":"fingerprint","args":[]}
{"timestamp":1521077545095,"result":"1176379400","hooked_method":"getConstructorId","hooked_class":"","args":[{}],"class":"java.lang.reflect.Method","method":"invoke","type":"reflection"}
{"timestamp":1521077545110,"result":"eyJuYW1lIjoiYm9vdFNjcmlwdE5ldCIsImFjdGlvbiI6ImdldF9zY3JpcHQiLCJkZXZpY2VJRCI6IjM1MTQ1MTIwODQwMTIxNiJ9","class":"android.util.Base64","method":"encode","type":"generic","args":["{\"name\":\"bootScriptNet\",\"action\":\"get_script\",\"deviceID\":\"351451208401216\"}","0","75","2"]}
{"timestamp":1521077545131,"result":"eyJuYW1lIjoiYm9vdFNjcmlwdE5ldCIsImFjdGlvbiI6ImdldF9zY3JpcHQiLCJkZXZpY2VJRCI6IjM1MTQ1MTIwODQwMTIxNiJ9","class":"android.util.Base64","method":"encode","type":"generic","args":["{\"name\":\"bootScriptNet\",\"action\":\"get_script\",\"deviceID\":\"351451208401216\"}","2"]}
{"timestamp":1521077545148,"result":"eyJuYW1lIjoiYm9vdFNjcmlwdE5ldCIsImFjdGlvbiI6ImdldF9zY3JpcHQiLCJkZXZpY2VJRCI6IjM1MTQ1MTIwODQwMTIxNiJ9","class":"android.util.Base64","method":"encodeToString","type":"generic","args":["{\"name\":\"bootScriptNet\",\"action\":\"get_script\",\"deviceID\":\"351451208401216\"}","2"]}
{"timestamp":1521077545161,"result":["CONNECTING","CONNECTED","SUSPENDED","DISCONNECTING","DISCONNECTED","UNKNOWN"],"hooked_method":"values","hooked_class":"","args":[],"class":"java.lang.reflect.Method","method":"invoke","type":"reflection"}
{"timestamp":1521077545236,"result":[{"type":"DIRECT"}],"class":"java.net.ProxySelectorImpl","method":"select","type":"generic","args":["http:\/\/192.227.137.154"]}
{"timestamp":1521077550257,"result":"","class":"android.util.Base64","method":"decode","type":"generic","args":["","0","0","2"]}
{"timestamp":1521077550262,"result":"","class":"android.util.Base64","method":"decode","type":"generic","args":["","2"]}
{"timestamp":1521077550271,"result":"","class":"android.util.Base64","method":"decode","type":"generic","args":["","2"]}
{"timestamp":1521077550324,"result":"America\/New_York","class":"android.os.SystemProperties","method":"get","type":"content","args":["persist.sys.timezone"]}
{"timestamp":1521077550338,"result":["Object","Array","Function","String","Number","Boolean","RegExp","Error"],"hooked_method":"values","hooked_class":"","args":[],"class":"java.lang.reflect.Method","method":"invoke","type":"reflection"}
{"timestamp":1521077550361,"class":"java.lang.reflect.Method","method":"invoke","hooked_method":"init","hooked_class":"","type":"reflection","args":["org.mozilla.javascript.Context@410a56f0","org.mozilla.javascript.ImporterTopLevel@41062dc0","false"]}
{"timestamp":1521077550557,"result":["Error","EvalError","RangeError","ReferenceError","SyntaxError","TypeError","URIError","InternalError","JavaException"],"hooked_method":"values","hooked_class":"","args":[],"class":"java.lang.reflect.Method","method":"invoke","type":"reflection"}
{"timestamp":1521077550603,"class":"java.lang.reflect.Method","method":"invoke","hooked_method":"init","hooked_class":"","type":"reflection","args":["org.mozilla.javascript.Context@410a56f0","org.mozilla.javascript.ImporterTopLevel@41062dc0","false"]}
{"timestamp":1521077551253,"result":[{"id":5,"numActivities":1,"baseActivity":{"mClass":"com.android.settings.DeviceAdminAdd","mPackage":"com.android.settings"},"numRunning":1,"topActivity":{"mClass":"com.android.settings.DeviceAdminAdd","mPackage":"com.android.settings"}}],"class":"android.app.ActivityManager","method":"getRunningTasks","type":"binder","args":["1","0"]}
{"timestamp":1521077551316,"result":[{"id":5,"numActivities":1,"baseActivity":{"mClass":"com.android.settings.DeviceAdminAdd","mPackage":"com.android.settings"},"numRunning":1,"topActivity":{"mClass":"com.android.settings.DeviceAdminAdd","mPackage":"com.android.settings"}}],"class":"android.app.ActivityManager","method":"getRunningTasks","type":"binder","args":["1"]}
{"timestamp":1521077556375,"class":"android.app.ActivityThread","method":"handleReceiver","type":"binder","args":["ReceiverData{intent=Intent { act=android.app.action.DEVICE_ADMIN_ENABLED flg=0x10 cmp=org.merry.core\/.AdminReceiver } packageName=org.merry.core resultCode=-1 resultData=null resultExtras=null}"]}
{"timestamp":1521077556649,"result":[{"id":6,"numActivities":1,"baseActivity":{"mClass":"com.android.settings.DeviceAdminAdd","mPackage":"com.android.settings"},"numRunning":1,"topActivity":{"mClass":"com.android.settings.DeviceAdminAdd","mPackage":"com.android.settings"}}],"class":"android.app.ActivityManager","method":"getRunningTasks","type":"binder","args":["1","0"]}
{"timestamp":1521077556780,"result":[{"id":6,"numActivities":1,"baseActivity":{"mClass":"com.android.settings.DeviceAdminAdd","mPackage":"com.android.settings"},"numRunning":1,"topActivity":{"mClass":"com.android.settings.DeviceAdminAdd","mPackage":"com.android.settings"}}],"class":"android.app.ActivityManager","method":"getRunningTasks","type":"binder","args":["1"]}
{"timestamp":1521077562032,"result":[{"id":7,"numActivities":1,"baseActivity":{"mClass":"com.android.settings.DeviceAdminAdd","mPackage":"com.android.settings"},"numRunning":1,"topActivity":{"mClass":"com.android.settings.DeviceAdminAdd","mPackage":"com.android.settings"}}],"class":"android.app.ActivityManager","method":"getRunningTasks","type":"binder","args":["1","0"]}
{"timestamp":1521077562206,"result":[{"id":7,"numActivities":1,"baseActivity":{"mClass":"com.android.settings.DeviceAdminAdd","mPackage":"com.android.settings"},"numRunning":1,"topActivity":{"mClass":"com.android.settings.DeviceAdminAdd","mPackage":"com.android.settings"}}],"class":"android.app.ActivityManager","method":"getRunningTasks","type":"binder","args":["1"]}
{"timestamp":1521077567264,"result":[{"id":2,"numActivities":1,"baseActivity":{"mClass":"com.android.launcher2.Launcher","mPackage":"com.android.launcher"},"numRunning":1,"topActivity":{"mClass":"com.android.launcher2.Launcher","mPackage":"com.android.launcher"}}],"class":"android.app.ActivityManager","method":"getRunningTasks","type":"binder","args":["1","0"]}
{"timestamp":1521077567284,"result":[{"id":2,"numActivities":1,"baseActivity":{"mClass":"com.android.launcher2.Launcher","mPackage":"com.android.launcher"},"numRunning":1,"topActivity":{"mClass":"com.android.launcher2.Launcher","mPackage":"com.android.launcher"}}],"class":"android.app.ActivityManager","method":"getRunningTasks","type":"binder","args":["1"]}
{"timestamp":1521077572334,"result":[{"id":2,"numActivities":1,"baseActivity":{"mClass":"com.android.launcher2.Launcher","mPackage":"com.android.launcher"},"numRunning":1,"topActivity":{"mClass":"com.android.launcher2.Launcher","mPackage":"com.android.launcher"}}],"class":"android.app.ActivityManager","method":"getRunningTasks","type":"binder","args":["1","0"]}
{"timestamp":1521077572366,"result":[{"id":2,"numActivities":1,"baseActivity":{"mClass":"com.android.launcher2.Launcher","mPackage":"com.android.launcher"},"numRunning":1,"topActivity":{"mClass":"com.android.launcher2.Launcher","mPackage":"com.android.launcher"}}],"class":"android.app.ActivityManager","method":"getRunningTasks","type":"binder","args":["1"]}
{"timestamp":1521077577456,"result":[{"id":2,"numActivities":1,"baseActivity":{"mClass":"com.android.launcher2.Launcher","mPackage":"com.android.launcher"},"numRunning":1,"topActivity":{"mClass":"com.android.launcher2.Launcher","mPackage":"com.android.launcher"}}],"class":"android.app.ActivityManager","method":"getRunningTasks","type":"binder","args":["1","0"]}
{"timestamp":1521077577495,"result":[{"id":2,"numActivities":1,"baseActivity":{"mClass":"com.android.launcher2.Launcher","mPackage":"com.android.launcher"},"numRunning":1,"topActivity":{"mClass":"com.android.launcher2.Launcher","mPackage":"com.android.launcher"}}],"class":"android.app.ActivityManager","method":"getRunningTasks","type":"binder","args":["1"]}
{"timestamp":1521077582615,"result":[{"id":2,"numActivities":1,"baseActivity":{"mClass":"com.android.launcher2.Launcher","mPackage":"com.android.launcher"},"numRunning":1,"topActivity":{"mClass":"com.android.launcher2.Launcher","mPackage":"com.android.launcher"}}],"class":"android.app.ActivityManager","method":"getRunningTasks","type":"binder","args":["1","0"]}
{"timestamp":1521077582678,"result":[{"id":2,"numActivities":1,"baseActivity":{"mClass":"com.android.launcher2.Launcher","mPackage":"com.android.launcher"},"numRunning":1,"topActivity":{"mClass":"com.android.launcher2.Launcher","mPackage":"com.android.launcher"}}],"class":"android.app.ActivityManager","method":"getRunningTasks","type":"binder","args":["1"]}
{"timestamp":1521077587745,"result":[{"id":2,"numActivities":1,"baseActivity":{"mClass":"com.android.launcher2.Launcher","mPackage":"com.android.launcher"},"numRunning":1,"topActivity":{"mClass":"com.android.launcher2.Launcher","mPackage":"com.android.launcher"}}],"class":"android.app.ActivityManager","method":"getRunningTasks","type":"binder","args":["1","0"]}
{"timestamp":1521077587766,"result":[{"id":2,"numActivities":1,"baseActivity":{"mClass":"com.android.launcher2.Launcher","mPackage":"com.android.launcher"},"numRunning":1,"topActivity":{"mClass":"com.android.launcher2.Launcher","mPackage":"com.android.launcher"}}],"class":"android.app.ActivityManager","method":"getRunningTasks","type":"binder","args":["1"]}
{"timestamp":1521077592814,"result":[{"id":2,"numActivities":1,"baseActivity":{"mClass":"com.android.launcher2.Launcher","mPackage":"com.android.launcher"},"numRunning":1,"topActivity":{"mClass":"com.android.launcher2.Launcher","mPackage":"com.android.launcher"}}],"class":"android.app.ActivityManager","method":"getRunningTasks","type":"binder","args":["1","0"]}
{"timestamp":1521077592827,"result":[{"id":2,"numActivities":1,"baseActivity":{"mClass":"com.android.launcher2.Launcher","mPackage":"com.android.launcher"},"numRunning":1,"topActivity":{"mClass":"com.android.launcher2.Launcher","mPackage":"com.android.launcher"}}],"class":"android.app.ActivityManager","method":"getRunningTasks","type":"binder","args":["1"]}
{"timestamp":1521077597860,"result":[{"id":2,"numActivities":1,"baseActivity":{"mClass":"com.android.launcher2.Launcher","mPackage":"com.android.launcher"},"numRunning":1,"topActivity":{"mClass":"com.android.launcher2.Launcher","mPackage":"com.android.launcher"}}],"class":"android.app.ActivityManager","method":"getRunningTasks","type":"binder","args":["1","0"]}
{"timestamp":1521077597873,"result":[{"id":2,"numActivities":1,"baseActivity":{"mClass":"com.android.launcher2.Launcher","mPackage":"com.android.launcher"},"numRunning":1,"topActivity":{"mClass":"com.android.launcher2.Launcher","mPackage":"com.android.launcher"}}],"class":"android.app.ActivityManager","method":"getRunningTasks","type":"binder","args":["1"]}
{"timestamp":1521077602907,"result":[{"id":2,"numActivities":1,"baseActivity":{"mClass":"com.android.launcher2.Launcher","mPackage":"com.android.launcher"},"numRunning":1,"topActivity":{"mClass":"com.android.launcher2.Launcher","mPackage":"com.android.launcher"}}],"class":"android.app.ActivityManager","method":"getRunningTasks","type":"binder","args":["1","0"]}
{"timestamp":1521077602920,"result":[{"id":2,"numActivities":1,"baseActivity":{"mClass":"com.android.launcher2.Launcher","mPackage":"com.android.launcher"},"numRunning":1,"topActivity":{"mClass":"com.android.launcher2.Launcher","mPackage":"com.android.launcher"}}],"class":"android.app.ActivityManager","method":"getRunningTasks","type":"binder","args":["1"]}
