{"timestamp":1520993766220,"result":"false","class":"java.io.File","method":"exists","type":"file","this":{"path":"\/data\/data\/com.thinkking\/cache"},"args":[]}
{"timestamp":1520993766258,"result":"false","class":"java.io.File","method":"exists","type":"file","this":{"path":"\/data\/data\/com.thinkking\/cache"},"args":[]}
{"timestamp":1520993766264,"result":"false","class":"java.io.File","method":"exists","type":"file","this":{"path":"\/data\/data\/com.thinkking\/cache\/com.android.renderscript.cache"},"args":[]}
{"timestamp":1520993766609,"result":"64m","class":"android.os.SystemProperties","method":"get","type":"content","args":["dalvik.vm.heapsize","16m"]}
{"timestamp":1520993766613,"result":"","class":"android.os.SystemProperties","method":"get","type":"content","args":["dalvik.vm.heapgrowthlimit",""]}
{"timestamp":1520993766621,"result":"64m","class":"android.os.SystemProperties","method":"get","type":"content","args":["dalvik.vm.heapsize","16m"]}
{"timestamp":1520993766661,"result":"true","class":"java.io.File","method":"exists","type":"file","this":{"path":"\/data\/data\/com.thinkking\/cache"},"args":[]}
{"timestamp":1520993766693,"result":"false","class":"java.io.File","method":"exists","type":"file","this":{"path":"\/data\/data\/com.thinkking\/cache\/webviewCacheChromiumStaging"},"args":[]}
{"timestamp":1520993766717,"result":"false","class":"java.io.File","method":"exists","type":"file","this":{"path":"\/data\/data\/com.thinkking\/cache\/webviewCacheChromiumStaging"},"args":[]}
{"timestamp":1520993766722,"result":"America\/New_York","class":"android.os.SystemProperties","method":"get","type":"content","args":["persist.sys.timezone"]}
{"timestamp":1520993766741,"result":"PERSIST","class":"android.os.SystemProperties","method":"get","type":"content","args":["debug.sqlite.journalmode","PERSIST"]}
{"timestamp":1520993766770,"result":"FULL","class":"android.os.SystemProperties","method":"get","type":"content","args":["debug.sqlite.syncmode","FULL"]}
{"timestamp":1520993766698,"class":"android.app.ContextImpl","method":"registerReceiver","type":"binder","args":[{"mDebugUnregister":false},{"mPriority":0,"mActions":["android.intent.action.PACKAGE_ADDED","android.intent.action.PACKAGE_REMOVED"],"mHasPartialTypes":false,"mDataSchemes":["package"]}]}
{"timestamp":1520993766809,"class":"android.app.ContextImpl","method":"registerReceiver","type":"binder","args":[{"mDebugUnregister":false},{"mPriority":0,"mActions":["android.intent.action.PACKAGE_ADDED","android.intent.action.PACKAGE_REMOVED"],"mHasPartialTypes":false,"mDataSchemes":["package"]}]}
{"timestamp":1520993766950,"class":"android.app.ContextImpl","method":"registerReceiver","type":"binder","args":[{"mDebugUnregister":false},{"mPriority":0,"mActions":["android.intent.action.PROXY_CHANGE"],"mHasPartialTypes":false}]}
{"timestamp":1520993766978,"class":"android.app.ContextImpl","method":"registerReceiver","type":"binder","args":[{"mDebugUnregister":false},{"mPriority":0,"mActions":["android.intent.action.PROXY_CHANGE"],"mHasPartialTypes":false}]}
{"timestamp":1520993767020,"class":"android.app.ContextImpl","method":"registerReceiver","type":"binder","args":[{"mDebugUnregister":false},{"mPriority":0,"mActions":["android.security.STORAGE_CHANGED"],"mHasPartialTypes":false}]}
{"timestamp":1520993767043,"class":"android.app.ContextImpl","method":"registerReceiver","type":"binder","args":[{"mDebugUnregister":false},{"mPriority":0,"mActions":["android.security.STORAGE_CHANGED"],"mHasPartialTypes":false}]}
{"timestamp":1520993767097,"result":"false","class":"java.io.File","method":"exists","type":"file","this":{"path":"\/data\/data\/com.thinkking\/app_database"},"args":[]}
{"timestamp":1520993767111,"result":"true","class":"java.io.File","method":"exists","type":"file","this":{"path":"\/data\/data\/com.thinkking\/app_database"},"args":[]}
{"timestamp":1520993767116,"class":"android.app.ContextImpl","method":"registerReceiver","type":"binder","args":["org.apache.cordova.CordovaWebView$1@41096730",{"mPriority":0,"mActions":["android.intent.action.CONFIGURATION_CHANGED"],"mHasPartialTypes":false}]}
{"timestamp":1520993767178,"class":"android.app.ContextImpl","method":"registerReceiver","type":"binder","args":["org.apache.cordova.CordovaWebView$1@41096730",{"mPriority":0,"mActions":["android.intent.action.CONFIGURATION_CHANGED"],"mHasPartialTypes":false}]}
{"timestamp":1520993767236,"result":"false","class":"android.os.Debug","method":"isDebuggerConnected","type":"fingerprint","args":[]}
{"timestamp":1520993767266,"class":"android.webkit.WebView","method":"setWebViewClient","type":"network","args":["org.apache.cordova.IceCreamCordovaWebViewClient@41081f10"]}
{"timestamp":1520993767348,"result":"false","class":"java.io.File","method":"exists","type":"file","this":{"path":"\/data\/data\/com.thinkking\/shared_prefs\/WebViewSettings.xml.bak"},"args":[]}
{"timestamp":1520993767351,"result":"false","class":"java.io.File","method":"exists","type":"file","this":{"path":"\/data\/data\/com.thinkking\/shared_prefs\/WebViewSettings.xml"},"args":[]}
{"timestamp":1520993767337,"class":"android.webkit.WebView","method":"setWebChromeClient","type":"network","args":["org.apache.cordova.CordovaChromeClient@41082158"]}
{"timestamp":1520993767403,"result":"true","class":"java.io.File","method":"exists","type":"file","this":{"path":"\/data\/data\/com.thinkking\/cache"},"args":[]}
{"timestamp":1520993767418,"result":"false","class":"java.io.File","method":"exists","type":"file","this":{"path":"\/mnt\/sdcard\/Android\/data\/com.thinkking\/cache"},"args":[]}
{"timestamp":1520993767422,"result":"false","class":"java.io.File","method":"exists","type":"file","this":{"path":"\/mnt\/sdcard\/Android\/data\/com.thinkking"},"args":[]}
{"timestamp":1520993767436,"result":"true","class":"java.io.File","method":"exists","type":"file","this":{"path":"\/mnt\/sdcard"},"args":[]}
{"timestamp":1520993767441,"result":"false","class":"java.io.File","method":"exists","type":"file","this":{"path":"\/data\/data\/com.thinkking\/files"},"args":[]}
{"timestamp":1520993767447,"result":"false","class":"java.io.File","method":"exists","type":"file","this":{"path":"\/data\/data\/com.thinkking\/files"},"args":[]}
{"timestamp":1520993767454,"result":"true","class":"java.io.File","method":"exists","type":"file","this":{"path":"\/data\/data\/com.thinkking\/files"},"args":[]}
{"timestamp":1520993767461,"result":"true","class":"java.io.File","method":"exists","type":"file","this":{"path":"\/data\/data\/com.thinkking\/cache"},"args":[]}
{"timestamp":1520993767469,"result":"false","class":"java.io.File","method":"exists","type":"file","this":{"path":"\/mnt\/sdcard\/Android\/data\/com.thinkking\/files"},"args":[]}
{"timestamp":1520993767499,"result":"false","class":"java.io.File","method":"exists","type":"file","this":{"path":"\/mnt\/sdcard\/Android\/data\/com.thinkking\/files"},"args":[]}
{"timestamp":1520993767512,"result":"true","class":"java.io.File","method":"exists","type":"file","this":{"path":"\/mnt\/sdcard\/Android\/data\/com.thinkking\/cache"},"args":[]}
{"timestamp":1520993767536,"result":"true","class":"java.io.File","method":"exists","type":"file","this":{"path":"\/data\/data\/com.thinkking\/files"},"args":[]}
{"timestamp":1520993767539,"result":"true","class":"java.io.File","method":"exists","type":"file","this":{"path":"\/mnt\/sdcard\/Android\/data\/com.thinkking\/files"},"args":[]}
{"timestamp":1520993767546,"result":"false","class":"java.io.File","method":"exists","type":"file","this":{"path":"\/data\/data\/com.thinkking\/files\/Documents"},"args":[]}
{"timestamp":1520993767554,"result":"true","class":"java.io.File","method":"exists","type":"file","this":{"path":"\/mnt\/sdcard"},"args":[]}
{"timestamp":1520993767561,"result":"true","class":"java.io.File","method":"exists","type":"file","this":{"path":"\/data\/data\/com.thinkking\/cache"},"args":[]}
{"timestamp":1520993767568,"result":"true","class":"java.io.File","method":"exists","type":"file","this":{"path":"\/mnt\/sdcard\/Android\/data\/com.thinkking\/cache"},"args":[]}
{"timestamp":1520993767575,"result":"true","class":"java.io.File","method":"exists","type":"file","this":{"path":"\/"},"args":[]}
{"timestamp":1520993767617,"result":"false","class":"android.os.SystemProperties","method":"get","type":"content","args":["viewancestor.profile_rendering","false"]}
{"timestamp":1520993767624,"result":"true","class":"java.io.File","method":"exists","type":"file","this":{"path":"\/data\/data\/com.thinkking\/cache"},"args":[]}
{"timestamp":1520993767652,"result":{"descriptor":63},"class":"libcore.io.IoBridge","method":"open","type":"file","args":["\/proc\/meminfo","0"]}
{"timestamp":1520993772981,"class":"android.app.ContextImpl","method":"registerReceiver","type":"binder","args":["org.apache.cordova.App$4@410555f0",{"mPriority":0,"mActions":["android.intent.action.PHONE_STATE"],"mHasPartialTypes":false}]}
{"timestamp":1520993773045,"class":"android.app.ContextImpl","method":"registerReceiver","type":"binder","args":["org.apache.cordova.App$4@410555f0",{"mPriority":0,"mActions":["android.intent.action.PHONE_STATE"],"mHasPartialTypes":false}]}
{"timestamp":1520993773306,"result":"true","class":"java.io.File","method":"exists","type":"file","this":{"path":"\/data\/data\/com.thinkking\/files"},"args":[]}
{"timestamp":1520993773342,"result":"true","class":"java.io.File","method":"exists","type":"file","this":{"path":"\/data\/data\/com.thinkking\/files"},"args":[]}
{"timestamp":1520993773349,"result":"true","class":"java.io.File","method":"exists","type":"file","this":{"path":"\/data\/data\/com.thinkking\/cache"},"args":[]}
{"timestamp":1520993773412,"result":"true","class":"java.io.File","method":"exists","type":"file","this":{"path":"\/mnt\/sdcard\/Android\/data\/com.thinkking\/files"},"args":[]}
{"timestamp":1520993773431,"result":"true","class":"java.io.File","method":"exists","type":"file","this":{"path":"\/mnt\/sdcard\/Android\/data\/com.thinkking\/files"},"args":[]}
{"timestamp":1520993773474,"result":"true","class":"java.io.File","method":"exists","type":"file","this":{"path":"\/mnt\/sdcard\/Android\/data\/com.thinkking\/cache"},"args":[]}
{"timestamp":1520993773452,"result":["CONNECTING","CONNECTED","SUSPENDED","DISCONNECTING","DISCONNECTED","UNKNOWN"],"hooked_method":"values","hooked_class":"","args":[],"class":"java.lang.reflect.Method","method":"invoke","type":"reflection"}
{"timestamp":1520993773352,"result":{"act":"android.net.conn.CONNECTIVITY_CHANGE","extras":[{"value":"NetworkInfo: type: mobile[LTE], state: CONNECTED\/CONNECTED, reason: simLoaded, extra: epc.tmobile.com, roaming: false, failover: false, isAvailable: true","key":"networkInfo"},{"value":"simLoaded","key":"reason"},{"value":"epc.tmobile.com","key":"extraInfo"},{"value":"0","key":"inetCondition"}]},"class":"android.app.ContextImpl","method":"registerReceiver","type":"binder","args":["org.apache.cordova.networkinformation.NetworkManager$1@410c8f28",{"mPriority":0,"mActions":["android.net.conn.CONNECTIVITY_CHANGE"],"mHasPartialTypes":false}]}
{"timestamp":1520993773528,"result":{"act":"android.net.conn.CONNECTIVITY_CHANGE","extras":[{"value":"NetworkInfo: type: mobile[LTE], state: CONNECTED\/CONNECTED, reason: simLoaded, extra: epc.tmobile.com, roaming: false, failover: false, isAvailable: true","key":"networkInfo"},{"value":"simLoaded","key":"reason"},{"value":"epc.tmobile.com","key":"extraInfo"},{"value":"0","key":"inetCondition"}]},"class":"android.app.ContextImpl","method":"registerReceiver","type":"binder","args":["org.apache.cordova.networkinformation.NetworkManager$1@410c8f28",{"mPriority":0,"mActions":["android.net.conn.CONNECTIVITY_CHANGE"],"mHasPartialTypes":false}]}
{"timestamp":1520993773619,"result":"false","class":"java.io.File","method":"exists","type":"file","this":{"path":"\/data\/data\/com.thinkking\/shared_prefs\/telefono.xml.bak"},"args":[]}
{"timestamp":1520993773624,"result":"false","class":"java.io.File","method":"exists","type":"file","this":{"path":"\/data\/data\/com.thinkking\/shared_prefs\/telefono.xml"},"args":[]}
